[0.009s] Invoking command in '/workspaces/CEVT/src/build/hikcamera': /usr/bin/cmake /workspaces/CEVT/src/ros2-hikcamera -DCMAKE_INSTALL_PREFIX=/workspaces/CEVT/src/install
[0.021s] -- Configuring incomplete, errors occurred!
[0.021s] See also "/workspaces/CEVT/src/build/hikcamera/CMakeFiles/CMakeOutput.log".
[0.021s] [31mCMake Error at CMakeLists.txt:8 (find_package):
[0.021s]   By not providing "Findament_cmake_auto.cmake" in CMAKE_MODULE_PATH this
[0.021s]   project has asked CMake to find a package configuration file provided by
[0.021s]   "ament_cmake_auto", but CMake did not find one.
[0.021s] 
[0.021s]   Could not find a package configuration file provided by "ament_cmake_auto"
[0.021s]   with any of the following names:
[0.021s] 
[0.021s]     ament_cmake_autoConfig.cmake
[0.022s]     ament_cmake_auto-config.cmake
[0.022s] 
[0.022s]   Add the installation prefix of "ament_cmake_auto" to CMAKE_PREFIX_PATH or
[0.022s]   set "ament_cmake_auto_DIR" to a directory containing one of the above
[0.022s]   files.  If "ament_cmake_auto" provides a separate development package or
[0.022s]   SDK, be sure it has been installed.
[0.022s] 
[0.022s] [0m
[0.023s] Invoked command in '/workspaces/CEVT/src/build/hikcamera' returned '1': /usr/bin/cmake /workspaces/CEVT/src/ros2-hikcamera -DCMAKE_INSTALL_PREFIX=/workspaces/CEVT/src/install
