[ 33%] [32mBuilding CXX object CMakeFiles/cevt.dir/src/cevt.cpp.o[0m
[01m[K/workspaces/CEVT/src/cevt/src/cevt.cpp:[m[K In member function ‘[01m[Kvoid EngineerVisual::CameraNode::thread_main()[m[K’:
[01m[K/workspaces/CEVT/src/cevt/src/cevt.cpp:60:12:[m[K [01;35m[Kwarning: [m[Kvariable ‘[01m[Krotate[m[K’ set but not used [[01;35m[K]8;;https://gcc.gnu.org/onlinedocs/gcc/Warning-Options.html#index-Wunused-but-set-variable-Wunused-but-set-variable]8;;[m[K]
   60 |       auto [01;35m[Krotate[m[K = detecter.Rotate();
      |            [01;35m[K^~~~~~[m[K
[ 66%] [32m[1mLinking CXX executable cevt[0m
[100%] Built target cevt
-- Install configuration: ""
-- Up-to-date: /workspaces/CEVT/src/install/include
-- Up-to-date: /workspaces/CEVT/src/install/include/filter
-- Up-to-date: /workspaces/CEVT/src/install/include/filter/ekf.hpp
-- Up-to-date: /workspaces/CEVT/src/install/include/pnp
-- Up-to-date: /workspaces/CEVT/src/install/include/pnp/pnp_solver.hpp
-- Up-to-date: /workspaces/CEVT/src/install/include/util
-- Up-to-date: /workspaces/CEVT/src/install/include/util/fps_counter.hpp
-- Installing: /workspaces/CEVT/src/install/lib/cevt/cevt
-- Set runtime path of "/workspaces/CEVT/src/install/lib/cevt/cevt" to ""
-- Up-to-date: /workspaces/CEVT/src/install/share/ament_index/resource_index/package_run_dependencies/cevt
-- Up-to-date: /workspaces/CEVT/src/install/share/ament_index/resource_index/parent_prefix_path/cevt
-- Up-to-date: /workspaces/CEVT/src/install/share/cevt/environment/ament_prefix_path.sh
-- Up-to-date: /workspaces/CEVT/src/install/share/cevt/environment/ament_prefix_path.dsv
-- Up-to-date: /workspaces/CEVT/src/install/share/cevt/environment/path.sh
-- Up-to-date: /workspaces/CEVT/src/install/share/cevt/environment/path.dsv
-- Up-to-date: /workspaces/CEVT/src/install/share/cevt/local_setup.bash
-- Up-to-date: /workspaces/CEVT/src/install/share/cevt/local_setup.sh
-- Up-to-date: /workspaces/CEVT/src/install/share/cevt/local_setup.zsh
-- Up-to-date: /workspaces/CEVT/src/install/share/cevt/local_setup.dsv
-- Installing: /workspaces/CEVT/src/install/share/cevt/package.dsv
-- Up-to-date: /workspaces/CEVT/src/install/share/ament_index/resource_index/packages/cevt
-- Up-to-date: /workspaces/CEVT/src/install/share/cevt/cmake/ament_cmake_export_dependencies-extras.cmake
-- Up-to-date: /workspaces/CEVT/src/install/share/cevt/cmake/ament_cmake_export_include_directories-extras.cmake
-- Up-to-date: /workspaces/CEVT/src/install/share/cevt/cmake/cevtConfig.cmake
-- Up-to-date: /workspaces/CEVT/src/install/share/cevt/cmake/cevtConfig-version.cmake
-- Up-to-date: /workspaces/CEVT/src/install/share/cevt/package.xml
