[0.372s] DEBUG:colcon:Command line arguments: ['/usr/bin/colcon', 'build', '--merge-install']
[0.372s] DEBUG:colcon:Parsed command line arguments: Namespace(log_base=None, log_level=None, verb_name='build', build_base='build', install_base='install', merge_install=True, symlink_install=False, test_result_base=None, continue_on_error=False, executor='parallel', parallel_workers=20, event_handlers=None, ignore_user_meta=False, metas=['./colcon.meta'], base_paths=['.'], packages_ignore=None, packages_ignore_regex=None, paths=None, packages_up_to=None, packages_up_to_regex=None, packages_above=None, packages_above_and_dependencies=None, packages_above_depth=None, packages_select_by_dep=None, packages_skip_by_dep=None, packages_skip_up_to=None, packages_select_build_failed=False, packages_skip_build_finished=False, packages_select_test_failures=False, packages_skip_test_passed=False, packages_select=None, packages_skip=None, packages_select_regex=None, packages_skip_regex=None, packages_start=None, packages_end=None, cmake_args=None, cmake_target=None, cmake_target_skip_unavailable=False, cmake_clean_cache=False, cmake_clean_first=False, cmake_force_configure=False, ament_cmake_args=None, catkin_cmake_args=None, catkin_skip_building_tests=False, mixin_files=None, mixin=None, verb_parser=<colcon_mixin.mixin.mixin_argument.MixinArgumentDecorator object at 0x704ccb24ed40>, verb_extension=<colcon_core.verb.build.BuildVerb object at 0x704ccb24f4c0>, main=<bound method BuildVerb.main of <colcon_core.verb.build.BuildVerb object at 0x704ccb24f4c0>>, mixin_verb=('build',))
[0.390s] Level 1:colcon.colcon_core.package_discovery:discover_packages(colcon_meta) check parameters
[0.390s] INFO:colcon.colcon_metadata.package_discovery.colcon_meta:Using configuration from '/root/.colcon/metadata/default/Gazebo.meta'
[0.390s] INFO:colcon.colcon_metadata.package_discovery.colcon_meta:Using configuration from '/root/.colcon/metadata/default/fastrtps.meta'
[0.390s] Level 1:colcon.colcon_core.package_discovery:discover_packages(recursive) check parameters
[0.390s] Level 1:colcon.colcon_core.package_discovery:discover_packages(ignore) check parameters
[0.390s] Level 1:colcon.colcon_core.package_discovery:discover_packages(path) check parameters
[0.390s] Level 1:colcon.colcon_core.package_discovery:discover_packages(colcon_meta) discover
[0.390s] Level 1:colcon.colcon_core.package_discovery:discover_packages(recursive) discover
[0.390s] INFO:colcon.colcon_core.package_discovery:Crawling recursively for packages in '/workspaces/CEVT/src'
[0.391s] Level 1:colcon.colcon_core.package_identification:_identify(.) by extensions ['ignore', 'ignore_ament_install']
[0.391s] Level 1:colcon.colcon_core.package_identification:_identify(.) by extension 'ignore'
[0.391s] Level 1:colcon.colcon_core.package_identification:_identify(.) by extension 'ignore_ament_install'
[0.391s] Level 1:colcon.colcon_core.package_identification:_identify(.) by extensions ['colcon_pkg']
[0.391s] Level 1:colcon.colcon_core.package_identification:_identify(.) by extension 'colcon_pkg'
[0.391s] Level 1:colcon.colcon_core.package_identification:_identify(.) by extensions ['colcon_meta']
[0.391s] Level 1:colcon.colcon_core.package_identification:_identify(.) by extension 'colcon_meta'
[0.391s] Level 1:colcon.colcon_core.package_identification:_identify(.) by extensions ['ros']
[0.391s] Level 1:colcon.colcon_core.package_identification:_identify(.) by extension 'ros'
[0.397s] Level 1:colcon.colcon_core.package_identification:_identify(.) by extensions ['cmake', 'python']
[0.397s] Level 1:colcon.colcon_core.package_identification:_identify(.) by extension 'cmake'
[0.397s] Level 1:colcon.colcon_core.package_identification:_identify(.) by extension 'python'
[0.397s] Level 1:colcon.colcon_core.package_identification:_identify(.) by extensions ['python_setup_py']
[0.397s] Level 1:colcon.colcon_core.package_identification:_identify(.) by extension 'python_setup_py'
[0.397s] Level 1:colcon.colcon_core.package_identification:_identify(MvFGSdkLog) by extensions ['ignore', 'ignore_ament_install']
[0.397s] Level 1:colcon.colcon_core.package_identification:_identify(MvFGSdkLog) by extension 'ignore'
[0.397s] Level 1:colcon.colcon_core.package_identification:_identify(MvFGSdkLog) by extension 'ignore_ament_install'
[0.397s] Level 1:colcon.colcon_core.package_identification:_identify(MvFGSdkLog) by extensions ['colcon_pkg']
[0.397s] Level 1:colcon.colcon_core.package_identification:_identify(MvFGSdkLog) by extension 'colcon_pkg'
[0.397s] Level 1:colcon.colcon_core.package_identification:_identify(MvFGSdkLog) by extensions ['colcon_meta']
[0.397s] Level 1:colcon.colcon_core.package_identification:_identify(MvFGSdkLog) by extension 'colcon_meta'
[0.397s] Level 1:colcon.colcon_core.package_identification:_identify(MvFGSdkLog) by extensions ['ros']
[0.397s] Level 1:colcon.colcon_core.package_identification:_identify(MvFGSdkLog) by extension 'ros'
[0.397s] Level 1:colcon.colcon_core.package_identification:_identify(MvFGSdkLog) by extensions ['cmake', 'python']
[0.397s] Level 1:colcon.colcon_core.package_identification:_identify(MvFGSdkLog) by extension 'cmake'
[0.397s] Level 1:colcon.colcon_core.package_identification:_identify(MvFGSdkLog) by extension 'python'
[0.397s] Level 1:colcon.colcon_core.package_identification:_identify(MvFGSdkLog) by extensions ['python_setup_py']
[0.397s] Level 1:colcon.colcon_core.package_identification:_identify(MvFGSdkLog) by extension 'python_setup_py'
[0.397s] Level 1:colcon.colcon_core.package_identification:_identify(MvSdkLog) by extensions ['ignore', 'ignore_ament_install']
[0.397s] Level 1:colcon.colcon_core.package_identification:_identify(MvSdkLog) by extension 'ignore'
[0.397s] Level 1:colcon.colcon_core.package_identification:_identify(MvSdkLog) by extension 'ignore_ament_install'
[0.397s] Level 1:colcon.colcon_core.package_identification:_identify(MvSdkLog) by extensions ['colcon_pkg']
[0.397s] Level 1:colcon.colcon_core.package_identification:_identify(MvSdkLog) by extension 'colcon_pkg'
[0.397s] Level 1:colcon.colcon_core.package_identification:_identify(MvSdkLog) by extensions ['colcon_meta']
[0.398s] Level 1:colcon.colcon_core.package_identification:_identify(MvSdkLog) by extension 'colcon_meta'
[0.398s] Level 1:colcon.colcon_core.package_identification:_identify(MvSdkLog) by extensions ['ros']
[0.398s] Level 1:colcon.colcon_core.package_identification:_identify(MvSdkLog) by extension 'ros'
[0.398s] Level 1:colcon.colcon_core.package_identification:_identify(MvSdkLog) by extensions ['cmake', 'python']
[0.398s] Level 1:colcon.colcon_core.package_identification:_identify(MvSdkLog) by extension 'cmake'
[0.398s] Level 1:colcon.colcon_core.package_identification:_identify(MvSdkLog) by extension 'python'
[0.398s] Level 1:colcon.colcon_core.package_identification:_identify(MvSdkLog) by extensions ['python_setup_py']
[0.398s] Level 1:colcon.colcon_core.package_identification:_identify(MvSdkLog) by extension 'python_setup_py'
[0.398s] Level 1:colcon.colcon_core.package_identification:_identify(build) by extensions ['ignore', 'ignore_ament_install']
[0.398s] Level 1:colcon.colcon_core.package_identification:_identify(build) by extension 'ignore'
[0.398s] Level 1:colcon.colcon_core.package_identification:_identify(build) ignored
[0.398s] Level 1:colcon.colcon_core.package_identification:_identify(cevt) by extensions ['ignore', 'ignore_ament_install']
[0.398s] Level 1:colcon.colcon_core.package_identification:_identify(cevt) by extension 'ignore'
[0.398s] Level 1:colcon.colcon_core.package_identification:_identify(cevt) by extension 'ignore_ament_install'
[0.398s] Level 1:colcon.colcon_core.package_identification:_identify(cevt) by extensions ['colcon_pkg']
[0.398s] Level 1:colcon.colcon_core.package_identification:_identify(cevt) by extension 'colcon_pkg'
[0.398s] Level 1:colcon.colcon_core.package_identification:_identify(cevt) by extensions ['colcon_meta']
[0.398s] Level 1:colcon.colcon_core.package_identification:_identify(cevt) by extension 'colcon_meta'
[0.398s] Level 1:colcon.colcon_core.package_identification:_identify(cevt) by extensions ['ros']
[0.398s] Level 1:colcon.colcon_core.package_identification:_identify(cevt) by extension 'ros'
[0.399s] DEBUG:colcon.colcon_core.package_identification:Package 'cevt' with type 'ros.ament_cmake' and name 'cevt'
[0.399s] Level 1:colcon.colcon_core.package_identification:_identify(install) by extensions ['ignore', 'ignore_ament_install']
[0.399s] Level 1:colcon.colcon_core.package_identification:_identify(install) by extension 'ignore'
[0.400s] Level 1:colcon.colcon_core.package_identification:_identify(install) ignored
[0.400s] Level 1:colcon.colcon_core.package_identification:_identify(log) by extensions ['ignore', 'ignore_ament_install']
[0.400s] Level 1:colcon.colcon_core.package_identification:_identify(log) by extension 'ignore'
[0.400s] Level 1:colcon.colcon_core.package_identification:_identify(log) ignored
[0.400s] Level 1:colcon.colcon_core.package_identification:_identify(ros2-hikcamera) by extensions ['ignore', 'ignore_ament_install']
[0.400s] Level 1:colcon.colcon_core.package_identification:_identify(ros2-hikcamera) by extension 'ignore'
[0.400s] Level 1:colcon.colcon_core.package_identification:_identify(ros2-hikcamera) by extension 'ignore_ament_install'
[0.400s] Level 1:colcon.colcon_core.package_identification:_identify(ros2-hikcamera) by extensions ['colcon_pkg']
[0.400s] Level 1:colcon.colcon_core.package_identification:_identify(ros2-hikcamera) by extension 'colcon_pkg'
[0.400s] Level 1:colcon.colcon_core.package_identification:_identify(ros2-hikcamera) by extensions ['colcon_meta']
[0.400s] Level 1:colcon.colcon_core.package_identification:_identify(ros2-hikcamera) by extension 'colcon_meta'
[0.400s] Level 1:colcon.colcon_core.package_identification:_identify(ros2-hikcamera) by extensions ['ros']
[0.400s] Level 1:colcon.colcon_core.package_identification:_identify(ros2-hikcamera) by extension 'ros'
[0.400s] DEBUG:colcon.colcon_core.package_identification:Package 'ros2-hikcamera' with type 'ros.ament_cmake' and name 'hikcamera'
[0.400s] Level 1:colcon.colcon_core.package_discovery:discover_packages(recursive) using defaults
[0.400s] Level 1:colcon.colcon_core.package_discovery:discover_packages(ignore) discover
[0.400s] Level 1:colcon.colcon_core.package_discovery:discover_packages(ignore) using defaults
[0.400s] Level 1:colcon.colcon_core.package_discovery:discover_packages(path) discover
[0.400s] Level 1:colcon.colcon_core.package_discovery:discover_packages(path) using defaults
[0.425s] Level 5:colcon.colcon_core.verb:set package 'hikcamera' build argument 'cmake_args' from command line to 'None'
[0.425s] Level 5:colcon.colcon_core.verb:set package 'hikcamera' build argument 'cmake_target' from command line to 'None'
[0.425s] Level 5:colcon.colcon_core.verb:set package 'hikcamera' build argument 'cmake_target_skip_unavailable' from command line to 'False'
[0.425s] Level 5:colcon.colcon_core.verb:set package 'hikcamera' build argument 'cmake_clean_cache' from command line to 'False'
[0.425s] Level 5:colcon.colcon_core.verb:set package 'hikcamera' build argument 'cmake_clean_first' from command line to 'False'
[0.425s] Level 5:colcon.colcon_core.verb:set package 'hikcamera' build argument 'cmake_force_configure' from command line to 'False'
[0.425s] Level 5:colcon.colcon_core.verb:set package 'hikcamera' build argument 'ament_cmake_args' from command line to 'None'
[0.425s] Level 5:colcon.colcon_core.verb:set package 'hikcamera' build argument 'catkin_cmake_args' from command line to 'None'
[0.425s] Level 5:colcon.colcon_core.verb:set package 'hikcamera' build argument 'catkin_skip_building_tests' from command line to 'False'
[0.425s] DEBUG:colcon.colcon_core.verb:Building package 'hikcamera' with the following arguments: {'ament_cmake_args': None, 'build_base': '/workspaces/CEVT/src/build/hikcamera', 'catkin_cmake_args': None, 'catkin_skip_building_tests': False, 'cmake_args': None, 'cmake_clean_cache': False, 'cmake_clean_first': False, 'cmake_force_configure': False, 'cmake_target': None, 'cmake_target_skip_unavailable': False, 'install_base': '/workspaces/CEVT/src/install', 'merge_install': True, 'path': '/workspaces/CEVT/src/ros2-hikcamera', 'symlink_install': False, 'test_result_base': None}
[0.429s] Level 5:colcon.colcon_core.verb:set package 'cevt' build argument 'cmake_args' from command line to 'None'
[0.429s] Level 5:colcon.colcon_core.verb:set package 'cevt' build argument 'cmake_target' from command line to 'None'
[0.429s] Level 5:colcon.colcon_core.verb:set package 'cevt' build argument 'cmake_target_skip_unavailable' from command line to 'False'
[0.429s] Level 5:colcon.colcon_core.verb:set package 'cevt' build argument 'cmake_clean_cache' from command line to 'False'
[0.429s] Level 5:colcon.colcon_core.verb:set package 'cevt' build argument 'cmake_clean_first' from command line to 'False'
[0.429s] Level 5:colcon.colcon_core.verb:set package 'cevt' build argument 'cmake_force_configure' from command line to 'False'
[0.429s] Level 5:colcon.colcon_core.verb:set package 'cevt' build argument 'ament_cmake_args' from command line to 'None'
[0.429s] Level 5:colcon.colcon_core.verb:set package 'cevt' build argument 'catkin_cmake_args' from command line to 'None'
[0.429s] Level 5:colcon.colcon_core.verb:set package 'cevt' build argument 'catkin_skip_building_tests' from command line to 'False'
[0.429s] DEBUG:colcon.colcon_core.verb:Building package 'cevt' with the following arguments: {'ament_cmake_args': None, 'build_base': '/workspaces/CEVT/src/build/cevt', 'catkin_cmake_args': None, 'catkin_skip_building_tests': False, 'cmake_args': None, 'cmake_clean_cache': False, 'cmake_clean_first': False, 'cmake_force_configure': False, 'cmake_target': None, 'cmake_target_skip_unavailable': False, 'install_base': '/workspaces/CEVT/src/install', 'merge_install': True, 'path': '/workspaces/CEVT/src/cevt', 'symlink_install': False, 'test_result_base': None}
[0.432s] INFO:colcon.colcon_core.executor:Executing jobs using 'parallel' executor
[0.436s] DEBUG:colcon.colcon_parallel_executor.executor.parallel:run_until_complete
[0.437s] INFO:colcon.colcon_ros.task.ament_cmake.build:Building ROS package in '/workspaces/CEVT/src/ros2-hikcamera' with build type 'ament_cmake'
[0.437s] INFO:colcon.colcon_cmake.task.cmake.build:Building CMake package in '/workspaces/CEVT/src/ros2-hikcamera'
[0.441s] INFO:colcon.colcon_core.plugin_system:Skipping extension 'colcon_core.shell.bat': Not used on non-Windows systems
[0.441s] INFO:colcon.colcon_core.shell:Skip shell extension 'powershell' for command environment: Not usable outside of PowerShell
[0.441s] DEBUG:colcon.colcon_core.shell:Skip shell extension 'dsv' for command environment
[0.459s] DEBUG:colcon.colcon_core.event_handler.log_command:Invoking command in '/workspaces/CEVT/src/build/hikcamera': CMAKE_PREFIX_PATH=${CMAKE_PREFIX_PATH}:/opt/ros/humble /usr/bin/cmake --build /workspaces/CEVT/src/build/hikcamera -- -j20 -l20
[0.495s] DEBUG:colcon.colcon_core.event_handler.log_command:Invoked command in '/workspaces/CEVT/src/build/hikcamera' returned '0': CMAKE_PREFIX_PATH=${CMAKE_PREFIX_PATH}:/opt/ros/humble /usr/bin/cmake --build /workspaces/CEVT/src/build/hikcamera -- -j20 -l20
[0.514s] DEBUG:colcon.colcon_core.event_handler.log_command:Invoking command in '/workspaces/CEVT/src/build/hikcamera': CMAKE_PREFIX_PATH=${CMAKE_PREFIX_PATH}:/opt/ros/humble /usr/bin/cmake --install /workspaces/CEVT/src/build/hikcamera
[0.520s] Level 1:colcon.colcon_core.environment:create_environment_scripts_only(hikcamera)
[0.520s] DEBUG:colcon.colcon_core.event_handler.log_command:Invoked command in '/workspaces/CEVT/src/build/hikcamera' returned '0': CMAKE_PREFIX_PATH=${CMAKE_PREFIX_PATH}:/opt/ros/humble /usr/bin/cmake --install /workspaces/CEVT/src/build/hikcamera
[0.525s] Level 1:colcon.colcon_core.environment:checking '/workspaces/CEVT/src/install' for CMake module files
[0.526s] Level 1:colcon.colcon_core.environment:checking '/workspaces/CEVT/src/install' for CMake config files
[0.526s] Level 1:colcon.colcon_core.shell:create_environment_hook('hikcamera', 'cmake_prefix_path')
[0.530s] INFO:colcon.colcon_core.shell:Creating environment hook '/workspaces/CEVT/src/install/share/hikcamera/hook/cmake_prefix_path.ps1'
[0.530s] INFO:colcon.colcon_core.shell:Creating environment descriptor '/workspaces/CEVT/src/install/share/hikcamera/hook/cmake_prefix_path.dsv'
[0.530s] INFO:colcon.colcon_core.shell:Creating environment hook '/workspaces/CEVT/src/install/share/hikcamera/hook/cmake_prefix_path.sh'
[0.531s] Level 1:colcon.colcon_core.environment:checking '/workspaces/CEVT/src/install/lib'
[0.531s] Level 1:colcon.colcon_core.shell:create_environment_hook('hikcamera', 'ld_library_path_lib')
[0.535s] INFO:colcon.colcon_core.shell:Creating environment hook '/workspaces/CEVT/src/install/share/hikcamera/hook/ld_library_path_lib.ps1'
[0.535s] INFO:colcon.colcon_core.shell:Creating environment descriptor '/workspaces/CEVT/src/install/share/hikcamera/hook/ld_library_path_lib.dsv'
[0.536s] INFO:colcon.colcon_core.shell:Creating environment hook '/workspaces/CEVT/src/install/share/hikcamera/hook/ld_library_path_lib.sh'
[0.536s] Level 1:colcon.colcon_core.environment:checking '/workspaces/CEVT/src/install/bin'
[0.536s] Level 1:colcon.colcon_core.environment:checking '/workspaces/CEVT/src/install/lib/pkgconfig/hikcamera.pc'
[0.537s] Level 1:colcon.colcon_core.environment:checking '/workspaces/CEVT/src/install/lib/python3.10/site-packages'
[0.537s] Level 1:colcon.colcon_core.environment:checking '/workspaces/CEVT/src/install/bin'
[0.541s] INFO:colcon.colcon_core.shell:Creating package script '/workspaces/CEVT/src/install/share/hikcamera/package.ps1'
[0.541s] INFO:colcon.colcon_core.shell:Creating package descriptor '/workspaces/CEVT/src/install/share/hikcamera/package.dsv'
[0.542s] INFO:colcon.colcon_core.shell:Creating package script '/workspaces/CEVT/src/install/share/hikcamera/package.sh'
[0.542s] INFO:colcon.colcon_core.shell:Creating package script '/workspaces/CEVT/src/install/share/hikcamera/package.bash'
[0.542s] INFO:colcon.colcon_core.shell:Creating package script '/workspaces/CEVT/src/install/share/hikcamera/package.zsh'
[0.543s] Level 1:colcon.colcon_core.environment:create_file_with_runtime_dependencies(/workspaces/CEVT/src/install/share/colcon-core/packages/hikcamera)
[0.560s] Level 1:colcon.colcon_core.environment:create_environment_scripts_only(hikcamera)
[0.564s] Level 1:colcon.colcon_core.environment:checking '/workspaces/CEVT/src/install' for CMake module files
[0.565s] Level 1:colcon.colcon_core.environment:checking '/workspaces/CEVT/src/install' for CMake config files
[0.565s] Level 1:colcon.colcon_core.shell:create_environment_hook('hikcamera', 'cmake_prefix_path')
[0.569s] INFO:colcon.colcon_core.shell:Creating environment hook '/workspaces/CEVT/src/install/share/hikcamera/hook/cmake_prefix_path.ps1'
[0.569s] INFO:colcon.colcon_core.shell:Creating environment descriptor '/workspaces/CEVT/src/install/share/hikcamera/hook/cmake_prefix_path.dsv'
[0.569s] INFO:colcon.colcon_core.shell:Creating environment hook '/workspaces/CEVT/src/install/share/hikcamera/hook/cmake_prefix_path.sh'
[0.569s] Level 1:colcon.colcon_core.environment:checking '/workspaces/CEVT/src/install/lib'
[0.570s] Level 1:colcon.colcon_core.shell:create_environment_hook('hikcamera', 'ld_library_path_lib')
[0.573s] INFO:colcon.colcon_core.shell:Creating environment hook '/workspaces/CEVT/src/install/share/hikcamera/hook/ld_library_path_lib.ps1'
[0.574s] INFO:colcon.colcon_core.shell:Creating environment descriptor '/workspaces/CEVT/src/install/share/hikcamera/hook/ld_library_path_lib.dsv'
[0.574s] INFO:colcon.colcon_core.shell:Creating environment hook '/workspaces/CEVT/src/install/share/hikcamera/hook/ld_library_path_lib.sh'
[0.574s] Level 1:colcon.colcon_core.environment:checking '/workspaces/CEVT/src/install/bin'
[0.574s] Level 1:colcon.colcon_core.environment:checking '/workspaces/CEVT/src/install/lib/pkgconfig/hikcamera.pc'
[0.574s] Level 1:colcon.colcon_core.environment:checking '/workspaces/CEVT/src/install/lib/python3.10/site-packages'
[0.574s] Level 1:colcon.colcon_core.environment:checking '/workspaces/CEVT/src/install/bin'
[0.578s] INFO:colcon.colcon_core.shell:Creating package script '/workspaces/CEVT/src/install/share/hikcamera/package.ps1'
[0.578s] INFO:colcon.colcon_core.shell:Creating package descriptor '/workspaces/CEVT/src/install/share/hikcamera/package.dsv'
[0.578s] INFO:colcon.colcon_core.shell:Creating package script '/workspaces/CEVT/src/install/share/hikcamera/package.sh'
[0.579s] INFO:colcon.colcon_core.shell:Creating package script '/workspaces/CEVT/src/install/share/hikcamera/package.bash'
[0.579s] INFO:colcon.colcon_core.shell:Creating package script '/workspaces/CEVT/src/install/share/hikcamera/package.zsh'
[0.579s] Level 1:colcon.colcon_core.environment:create_file_with_runtime_dependencies(/workspaces/CEVT/src/install/share/colcon-core/packages/hikcamera)
[0.579s] INFO:colcon.colcon_ros.task.ament_cmake.build:Building ROS package in '/workspaces/CEVT/src/cevt' with build type 'ament_cmake'
[0.580s] INFO:colcon.colcon_cmake.task.cmake.build:Building CMake package in '/workspaces/CEVT/src/cevt'
[0.584s] INFO:colcon.colcon_core.shell:Skip shell extension 'powershell' for command environment: Not usable outside of PowerShell
[0.584s] DEBUG:colcon.colcon_core.shell:Skip shell extension 'dsv' for command environment
[0.601s] DEBUG:colcon.colcon_core.event_handler.log_command:Invoking command in '/workspaces/CEVT/src/build/cevt': CMAKE_PREFIX_PATH=${CMAKE_PREFIX_PATH}:/opt/ros/humble /usr/bin/cmake --build /workspaces/CEVT/src/build/cevt -- -j20 -l20
[3.655s] DEBUG:colcon.colcon_core.event_handler.log_command:Invoked command in '/workspaces/CEVT/src/build/cevt' returned '2': CMAKE_PREFIX_PATH=${CMAKE_PREFIX_PATH}:/opt/ros/humble /usr/bin/cmake --build /workspaces/CEVT/src/build/cevt -- -j20 -l20
[3.678s] Level 1:colcon.colcon_core.environment:create_environment_scripts_only(cevt)
[3.685s] Level 1:colcon.colcon_core.environment:checking '/workspaces/CEVT/src/install' for CMake module files
[3.685s] Level 1:colcon.colcon_core.environment:checking '/workspaces/CEVT/src/install' for CMake config files
[3.686s] Level 1:colcon.colcon_core.shell:create_environment_hook('cevt', 'cmake_prefix_path')
[3.689s] INFO:colcon.colcon_core.shell:Creating environment hook '/workspaces/CEVT/src/install/share/cevt/hook/cmake_prefix_path.ps1'
[3.690s] INFO:colcon.colcon_core.shell:Creating environment descriptor '/workspaces/CEVT/src/install/share/cevt/hook/cmake_prefix_path.dsv'
[3.690s] INFO:colcon.colcon_core.shell:Creating environment hook '/workspaces/CEVT/src/install/share/cevt/hook/cmake_prefix_path.sh'
[3.690s] Level 1:colcon.colcon_core.environment:checking '/workspaces/CEVT/src/install/lib'
[3.690s] Level 1:colcon.colcon_core.shell:create_environment_hook('cevt', 'ld_library_path_lib')
[3.694s] INFO:colcon.colcon_core.shell:Creating environment hook '/workspaces/CEVT/src/install/share/cevt/hook/ld_library_path_lib.ps1'
[3.694s] INFO:colcon.colcon_core.shell:Creating environment descriptor '/workspaces/CEVT/src/install/share/cevt/hook/ld_library_path_lib.dsv'
[3.695s] INFO:colcon.colcon_core.shell:Creating environment hook '/workspaces/CEVT/src/install/share/cevt/hook/ld_library_path_lib.sh'
[3.695s] Level 1:colcon.colcon_core.environment:checking '/workspaces/CEVT/src/install/bin'
[3.695s] Level 1:colcon.colcon_core.environment:checking '/workspaces/CEVT/src/install/lib/pkgconfig/cevt.pc'
[3.695s] Level 1:colcon.colcon_core.environment:checking '/workspaces/CEVT/src/install/lib/python3.10/site-packages'
[3.696s] Level 1:colcon.colcon_core.environment:checking '/workspaces/CEVT/src/install/bin'
[3.700s] INFO:colcon.colcon_core.shell:Creating package script '/workspaces/CEVT/src/install/share/cevt/package.ps1'
[3.701s] INFO:colcon.colcon_core.shell:Creating package descriptor '/workspaces/CEVT/src/install/share/cevt/package.dsv'
[3.701s] INFO:colcon.colcon_core.shell:Creating package script '/workspaces/CEVT/src/install/share/cevt/package.sh'
[3.701s] INFO:colcon.colcon_core.shell:Creating package script '/workspaces/CEVT/src/install/share/cevt/package.bash'
[3.701s] INFO:colcon.colcon_core.shell:Creating package script '/workspaces/CEVT/src/install/share/cevt/package.zsh'
[3.701s] Level 1:colcon.colcon_core.environment:create_file_with_runtime_dependencies(/workspaces/CEVT/src/install/share/colcon-core/packages/cevt)
[3.712s] DEBUG:colcon.colcon_parallel_executor.executor.parallel:closing loop
[3.712s] DEBUG:colcon.colcon_parallel_executor.executor.parallel:loop closed
[3.712s] DEBUG:colcon.colcon_parallel_executor.executor.parallel:run_until_complete finished with '2'
[3.712s] DEBUG:colcon.colcon_core.event_reactor:joining thread
[3.720s] INFO:colcon.colcon_core.plugin_system:Skipping extension 'colcon_notification.desktop_notification.notify_send': Could not find 'notify-send'
[3.720s] INFO:colcon.colcon_core.plugin_system:Skipping extension 'colcon_notification.desktop_notification.terminal_notifier': Not used on non-Darwin systems
[3.720s] INFO:colcon.colcon_core.plugin_system:Skipping extension 'colcon_notification.desktop_notification.win32': Not used on non-Windows systems
[3.720s] INFO:colcon.colcon_notification.desktop_notification:Sending desktop notification using 'notify2'
[3.722s] DEBUG:colcon.colcon_notification.desktop_notification.notify2:Failed to initialize notify2: org.freedesktop.DBus.Error.Spawn.ExecFailed: /usr/bin/dbus-launch terminated abnormally without any error message
[3.722s] DEBUG:colcon.colcon_core.event_reactor:joined thread
[3.726s] INFO:colcon.colcon_core.shell:Creating prefix script '/workspaces/CEVT/src/install/local_setup.ps1'
[3.727s] INFO:colcon.colcon_core.shell:Creating prefix util module '/workspaces/CEVT/src/install/_local_setup_util_ps1.py'
[3.728s] INFO:colcon.colcon_core.shell:Creating prefix chain script '/workspaces/CEVT/src/install/setup.ps1'
[3.732s] INFO:colcon.colcon_core.shell:Creating prefix script '/workspaces/CEVT/src/install/local_setup.sh'
[3.732s] INFO:colcon.colcon_core.shell:Creating prefix util module '/workspaces/CEVT/src/install/_local_setup_util_sh.py'
[3.733s] INFO:colcon.colcon_core.shell:Creating prefix chain script '/workspaces/CEVT/src/install/setup.sh'
[3.737s] INFO:colcon.colcon_core.shell:Creating prefix script '/workspaces/CEVT/src/install/local_setup.bash'
[3.737s] INFO:colcon.colcon_core.shell:Creating prefix chain script '/workspaces/CEVT/src/install/setup.bash'
[3.741s] INFO:colcon.colcon_core.shell:Creating prefix script '/workspaces/CEVT/src/install/local_setup.zsh'
[3.741s] INFO:colcon.colcon_core.shell:Creating prefix chain script '/workspaces/CEVT/src/install/setup.zsh'
