[0.020s] Invoking command in '/workspaces/CEVT/src/build/cevt': CMAKE_PREFIX_PATH=${CMAKE_PREFIX_PATH}:/opt/ros/humble /usr/bin/cmake --build /workspaces/CEVT/src/build/cevt -- -j20 -l20
[0.046s] [35m[1mConsolidate compiler generated dependencies of target cevt[0m
[0.059s] [ 33%] [32mBuilding CXX object CMakeFiles/cevt.dir/src/cevt.cpp.o[0m
[2.263s] In file included from [01m[K/workspaces/CEVT/src/cevt/src/cevt.cpp:19[m[K:
[2.263s] [01m[K/workspaces/CEVT/src/cevt/src/point_detect.hpp:[m[K In member function ‘[01m[Kbool EngineerVisual::PointDetect::GetR(cv::Mat&, cv::Point2d&, float&)[m[K’:
[2.263s] [01m[K/workspaces/CEVT/src/cevt/src/point_detect.hpp:103:54:[m[K [01;31m[Kerror: [m[Kcannot bind non-const lvalue reference of type ‘[01m[Kcv::Point2f&[m[K’ {aka ‘[01m[Kcv::Point_<float>&[m[K’} to an rvalue of type ‘[01m[Kcv::Point_<float>[m[K’
[2.263s]   103 |     cv::minEnclosingCircle(cv::Mat(outlines[index]), [01;31m[Kcenter[m[K, radius);
[2.263s]       |                                                      [01;31m[K^~~~~~[m[K
[2.263s] In file included from [01m[K/usr/include/opencv4/opencv2/core/mat.hpp:52[m[K,
[2.263s]                  from [01m[K/workspaces/CEVT/src/install/include/hikcamera/image_capturer.hpp:11[m[K,
[2.263s]                  from [01m[K/workspaces/CEVT/src/cevt/src/cevt.cpp:9[m[K:
[2.263s] [01m[K/usr/include/opencv4/opencv2/core/types.hpp:1214:1:[m[K [01;36m[Knote: [m[K  after user-defined conversion: ‘[01m[Kcv::Point_<_Tp>::operator cv::Point_<_Tp2>() const [with _Tp2 = float; _Tp = double][m[K’
[2.263s]  1214 | [01;36m[KPoint_<_Tp>[m[K::operator Point_<_Tp2>() const
[2.263s]       | [01;36m[K^~~~~~~~~~~[m[K
[2.264s] In file included from [01m[K/workspaces/CEVT/src/cevt/src/point_detect.hpp:24[m[K,
[2.264s]                  from [01m[K/workspaces/CEVT/src/cevt/src/cevt.cpp:19[m[K:
[2.264s] [01m[K/usr/include/opencv4/opencv2/imgproc.hpp:4025:55:[m[K [01;36m[Knote: [m[K  initializing argument 2 of ‘[01m[Kvoid cv::minEnclosingCircle(cv::InputArray, cv::Point2f&, float&)[m[K’
[2.264s]  4025 |                                       CV_OUT [01;36m[KPoint2f& center[m[K, CV_OUT float& radius );
[2.264s]       |                                              [01;36m[K~~~~~~~~~^~~~~~[m[K
[2.986s] gmake[2]: *** [CMakeFiles/cevt.dir/build.make:76: CMakeFiles/cevt.dir/src/cevt.cpp.o] Error 1
[2.986s] gmake[1]: *** [CMakeFiles/Makefile2:137: CMakeFiles/cevt.dir/all] Error 2
[2.986s] gmake: *** [Makefile:146: all] Error 2
[2.988s] Invoked command in '/workspaces/CEVT/src/build/cevt' returned '2': CMAKE_PREFIX_PATH=${CMAKE_PREFIX_PATH}:/opt/ros/humble /usr/bin/cmake --build /workspaces/CEVT/src/build/cevt -- -j20 -l20
