[100%] Built target cevt
-- Install configuration: ""
-- Up-to-date: /workspaces/CEVT/src/install/include
-- Up-to-date: /workspaces/CEVT/src/install/include/filter
-- Up-to-date: /workspaces/CEVT/src/install/include/filter/ekf.hpp
-- Up-to-date: /workspaces/CEVT/src/install/include/pnp
-- Up-to-date: /workspaces/CEVT/src/install/include/pnp/pnp_solver.hpp
-- Up-to-date: /workspaces/CEVT/src/install/include/util
-- Up-to-date: /workspaces/CEVT/src/install/include/util/fps_counter.hpp
-- Up-to-date: /workspaces/CEVT/src/install/lib/cevt/cevt
-- Up-to-date: /workspaces/CEVT/src/install/share/ament_index/resource_index/package_run_dependencies/cevt
-- Up-to-date: /workspaces/CEVT/src/install/share/ament_index/resource_index/parent_prefix_path/cevt
-- Up-to-date: /workspaces/CEVT/src/install/share/cevt/environment/ament_prefix_path.sh
-- Up-to-date: /workspaces/CEVT/src/install/share/cevt/environment/ament_prefix_path.dsv
-- Up-to-date: /workspaces/CEVT/src/install/share/cevt/environment/path.sh
-- Up-to-date: /workspaces/CEVT/src/install/share/cevt/environment/path.dsv
-- Up-to-date: /workspaces/CEVT/src/install/share/cevt/local_setup.bash
-- Up-to-date: /workspaces/CEVT/src/install/share/cevt/local_setup.sh
-- Up-to-date: /workspaces/CEVT/src/install/share/cevt/local_setup.zsh
-- Up-to-date: /workspaces/CEVT/src/install/share/cevt/local_setup.dsv
-- Installing: /workspaces/CEVT/src/install/share/cevt/package.dsv
-- Up-to-date: /workspaces/CEVT/src/install/share/ament_index/resource_index/packages/cevt
-- Up-to-date: /workspaces/CEVT/src/install/share/cevt/cmake/ament_cmake_export_dependencies-extras.cmake
-- Up-to-date: /workspaces/CEVT/src/install/share/cevt/cmake/ament_cmake_export_include_directories-extras.cmake
-- Up-to-date: /workspaces/CEVT/src/install/share/cevt/cmake/cevtConfig.cmake
-- Up-to-date: /workspaces/CEVT/src/install/share/cevt/cmake/cevtConfig-version.cmake
-- Up-to-date: /workspaces/CEVT/src/install/share/cevt/package.xml
