[0.015s] Invoking command in '/workspaces/CEVT/src/build/visual_exchange': AMENT_PREFIX_PATH=/workspaces/CEVT/src/install:${AMENT_PREFIX_PATH} CMAKE_PREFIX_PATH=/workspaces/CEVT/src/install:/opt/ros/humble LD_LIBRARY_PATH=/workspaces/CEVT/src/install/lib:${LD_LIBRARY_PATH} /usr/bin/cmake /workspaces/CEVT/src/cevt -DCMAKE_INSTALL_PREFIX=/workspaces/CEVT/src/install
[0.046s] -- The C compiler identification is GNU 11.4.0
[0.078s] -- The CXX compiler identification is GNU 11.4.0
[0.082s] -- Detecting C compiler ABI info
[0.121s] -- Detecting C compiler ABI info - done
[0.125s] -- Check for working C compiler: /usr/bin/cc - skipped
[0.125s] -- Detecting C compile features
[0.126s] -- Detecting C compile features - done
[0.127s] -- Detecting CXX compiler ABI info
[0.172s] -- Detecting CXX compiler ABI info - done
[0.176s] -- Check for working CXX compiler: /usr/bin/c++ - skipped
[0.176s] -- Detecting CXX compile features
[0.177s] -- Detecting CXX compile features - done
[0.178s] -- Found ament_cmake_auto: 1.3.8 (/opt/ros/humble/share/ament_cmake_auto/cmake)
[0.248s] -- Found Python3: /usr/bin/python3 (found version "3.10.12") found components: Interpreter 
[0.329s] [31mCMake Error at /opt/ros/humble/share/ament_cmake_core/cmake/core/ament_package_xml.cmake:53 (message):
[0.329s]   ament_package_xml() package name 'visual_exchange' in '/package.xml' does
[0.329s]   not match current PROJECT_NAME 'cevt'.  You must call project() with the
[0.329s]   same package name before.
[0.329s] Call Stack (most recent call first):
[0.329s]   /opt/ros/humble/share/ament_cmake_auto/cmake/ament_auto_find_build_dependencies.cmake:42 (ament_package_xml)
[0.329s]   CMakeLists.txt:21 (ament_auto_find_build_dependencies)
[0.329s] 
[0.329s] [0m
[0.329s] -- Configuring incomplete, errors occurred!
[0.329s] See also "/workspaces/CEVT/src/build/visual_exchange/CMakeFiles/CMakeOutput.log".
[0.332s] Invoked command in '/workspaces/CEVT/src/build/visual_exchange' returned '1': AMENT_PREFIX_PATH=/workspaces/CEVT/src/install:${AMENT_PREFIX_PATH} CMAKE_PREFIX_PATH=/workspaces/CEVT/src/install:/opt/ros/humble LD_LIBRARY_PATH=/workspaces/CEVT/src/install/lib:${LD_LIBRARY_PATH} /usr/bin/cmake /workspaces/CEVT/src/cevt -DCMAKE_INSTALL_PREFIX=/workspaces/CEVT/src/install
