[0.030s] Invoking command in '/workspaces/CEVT/src/build/hikcamera': CMAKE_PREFIX_PATH=/opt/ros/humble /usr/bin/cmake /workspaces/CEVT/src/ros2-hikcamera -DCMAKE_INSTALL_PREFIX=/workspaces/CEVT/src/install
[0.039s] -- Found ament_cmake_auto: 1.3.8 (/opt/ros/humble/share/ament_cmake_auto/cmake)
[0.115s] -- Found Python3: /usr/bin/python3 (found version "3.10.12") found components: Interpreter 
[0.245s] -- Found rosidl_generator_c: 3.1.5 (/opt/ros/humble/share/rosidl_generator_c/cmake)
[0.249s] -- Found rosidl_adapter: 3.1.5 (/opt/ros/humble/share/rosidl_adapter/cmake)
[0.255s] -- Found rosidl_generator_cpp: 3.1.5 (/opt/ros/humble/share/rosidl_generator_cpp/cmake)
[0.264s] -- Using all available rosidl_typesupport_c: rosidl_typesupport_fastrtps_c;rosidl_typesupport_introspection_c
[0.276s] -- Using all available rosidl_typesupport_cpp: rosidl_typesupport_fastrtps_cpp;rosidl_typesupport_introspection_cpp
[0.318s] -- Found rmw_implementation_cmake: 6.1.1 (/opt/ros/humble/share/rmw_implementation_cmake/cmake)
[0.320s] -- Found rmw_fastrtps_cpp: 6.2.6 (/opt/ros/humble/share/rmw_fastrtps_cpp/cmake)
[0.378s] -- Found OpenSSL: /usr/lib/x86_64-linux-gnu/libcrypto.so (found version "3.0.2")  
[0.393s] -- Found FastRTPS: /opt/ros/humble/include  
[0.419s] -- Using RMW implementation 'rmw_fastrtps_cpp' as default
[0.426s] -- Looking for pthread.h
[0.467s] -- Looking for pthread.h - found
[0.467s] -- Performing Test CMAKE_HAVE_LIBC_PTHREAD
[0.508s] -- Performing Test CMAKE_HAVE_LIBC_PTHREAD - Success
[0.509s] -- Found Threads: TRUE  
[0.627s] -- Found OpenCV: /usr (found suitable version "4.5.4", minimum required is "4.5") 
[0.632s] -- Configuring done
[0.639s] -- Generating done
[0.639s] -- Build files have been written to: /workspaces/CEVT/src/build/hikcamera
[0.643s] Invoked command in '/workspaces/CEVT/src/build/hikcamera' returned '0': CMAKE_PREFIX_PATH=/opt/ros/humble /usr/bin/cmake /workspaces/CEVT/src/ros2-hikcamera -DCMAKE_INSTALL_PREFIX=/workspaces/CEVT/src/install
[0.644s] Invoking command in '/workspaces/CEVT/src/build/hikcamera': CMAKE_PREFIX_PATH=/opt/ros/humble /usr/bin/cmake --build /workspaces/CEVT/src/build/hikcamera -- -j20 -l20
[0.672s] [ 50%] [32mBuilding CXX object CMakeFiles/hikcamera.dir/src/image_capturer.cpp.o[0m
[1.150s] [100%] [32m[1mLinking CXX shared library libhikcamera.so[0m
[1.231s] [100%] Built target hikcamera
[1.238s] Invoked command in '/workspaces/CEVT/src/build/hikcamera' returned '0': CMAKE_PREFIX_PATH=/opt/ros/humble /usr/bin/cmake --build /workspaces/CEVT/src/build/hikcamera -- -j20 -l20
[1.256s] Invoking command in '/workspaces/CEVT/src/build/hikcamera': CMAKE_PREFIX_PATH=/opt/ros/humble /usr/bin/cmake --install /workspaces/CEVT/src/build/hikcamera
[1.259s] -- Install configuration: ""
[1.259s] -- Installing: /workspaces/CEVT/src/install/lib
[1.259s] -- Installing: /workspaces/CEVT/src/install/lib/libMvUsb3vTL.so.4.3.0.3
[1.259s] -- Installing: /workspaces/CEVT/src/install/lib/MvProducerU3V.cti
[1.260s] -- Installing: /workspaces/CEVT/src/install/lib/libCLAllSerial_gcc447_v3_0.so
[1.260s] -- Installing: /workspaces/CEVT/src/install/lib/libMVGigEVisionSDK.so.4.3.0.3
[1.260s] -- Installing: /workspaces/CEVT/src/install/lib/libMVGigEVisionSDK.so
[1.260s] -- Installing: /workspaces/CEVT/src/install/lib/libGenCP_gcc447_v3_0.so
[1.260s] -- Installing: /workspaces/CEVT/src/install/lib/libCLProtocol_gcc447_v3_0.so
[1.260s] -- Installing: /workspaces/CEVT/src/install/lib/libMVRender.so
[1.260s] -- Installing: /workspaces/CEVT/src/install/lib/libFormatConversion.so
[1.261s] -- Installing: /workspaces/CEVT/src/install/lib/libMvCameraControlWrapper.so
[1.261s] -- Installing: /workspaces/CEVT/src/install/lib/MvFGProducerGEV.cti
[1.261s] -- Installing: /workspaces/CEVT/src/install/lib/MvFGProducerCML.cti
[1.262s] -- Installing: /workspaces/CEVT/src/install/lib/MvProducerGEV.cti
[1.262s] -- Installing: /workspaces/CEVT/src/install/lib/MvFGProducerXoF.cti
[1.262s] -- Installing: /workspaces/CEVT/src/install/lib/libLog_gcc447_v3_0.so
[1.262s] -- Installing: /workspaces/CEVT/src/install/lib/liblog4cpp_gcc447_v3_0.so
[1.263s] -- Installing: /workspaces/CEVT/src/install/lib/libswscale.so
[1.264s] -- Installing: /workspaces/CEVT/src/install/lib/libMvCameraControlWrapper.so.4.3.0.3
[1.264s] -- Installing: /workspaces/CEVT/src/install/lib/libMvCamLVision.so
[1.268s] -- Installing: /workspaces/CEVT/src/install/lib/libMvCameraControl.so
[1.272s] -- Installing: /workspaces/CEVT/src/install/lib/libMediaProcess.so
[1.274s] -- Installing: /workspaces/CEVT/src/install/lib/libMVFGControl.so
[1.278s] -- Installing: /workspaces/CEVT/src/install/lib/libCLSerHvc.so
[1.278s] -- Installing: /workspaces/CEVT/src/install/lib/MvFGProducerCXP.cti
[1.278s] -- Installing: /workspaces/CEVT/src/install/lib/libMvCameraControl.so.4.3.0.4
[1.282s] -- Installing: /workspaces/CEVT/src/install/lib/libavutil.so
[1.284s] -- Installing: /workspaces/CEVT/src/install/lib/libMvCamLVision.so.4.3.0.3
[1.287s] -- Installing: /workspaces/CEVT/src/install/lib/libGCBase_gcc447_v3_0.so
[1.287s] -- Installing: /workspaces/CEVT/src/install/lib/libCLSerCOM.so
[1.287s] -- Installing: /workspaces/CEVT/src/install/lib/libMvUsb3vTL.so
[1.287s] -- Installing: /workspaces/CEVT/src/install/include
[1.288s] -- Installing: /workspaces/CEVT/src/install/include/hikcamera
[1.288s] -- Installing: /workspaces/CEVT/src/install/include/hikcamera/image_capturer.hpp
[1.288s] -- Installing: /workspaces/CEVT/src/install/share/hikcamera/environment/library_path.sh
[1.288s] -- Installing: /workspaces/CEVT/src/install/share/hikcamera/environment/library_path.dsv
[1.288s] -- Installing: /workspaces/CEVT/src/install/lib/libhikcamera.so
[1.288s] -- Set runtime path of "/workspaces/CEVT/src/install/lib/libhikcamera.so" to ""
[1.288s] -- Installing: /workspaces/CEVT/src/install/share/ament_index/resource_index/package_run_dependencies/hikcamera
[1.288s] -- Installing: /workspaces/CEVT/src/install/share/ament_index/resource_index/parent_prefix_path/hikcamera
[1.288s] -- Installing: /workspaces/CEVT/src/install/share/hikcamera/environment/ament_prefix_path.sh
[1.288s] -- Installing: /workspaces/CEVT/src/install/share/hikcamera/environment/ament_prefix_path.dsv
[1.288s] -- Installing: /workspaces/CEVT/src/install/share/hikcamera/environment/path.sh
[1.288s] -- Installing: /workspaces/CEVT/src/install/share/hikcamera/environment/path.dsv
[1.288s] -- Installing: /workspaces/CEVT/src/install/share/hikcamera/local_setup.bash
[1.288s] -- Installing: /workspaces/CEVT/src/install/share/hikcamera/local_setup.sh
[1.288s] -- Installing: /workspaces/CEVT/src/install/share/hikcamera/local_setup.zsh
[1.288s] -- Installing: /workspaces/CEVT/src/install/share/hikcamera/local_setup.dsv
[1.288s] -- Installing: /workspaces/CEVT/src/install/share/hikcamera/package.dsv
[1.288s] -- Installing: /workspaces/CEVT/src/install/share/ament_index/resource_index/packages/hikcamera
[1.288s] -- Installing: /workspaces/CEVT/src/install/share/hikcamera/cmake/ament_cmake_export_dependencies-extras.cmake
[1.289s] -- Installing: /workspaces/CEVT/src/install/share/hikcamera/cmake/ament_cmake_export_include_directories-extras.cmake
[1.289s] -- Installing: /workspaces/CEVT/src/install/share/hikcamera/cmake/ament_cmake_export_libraries-extras.cmake
[1.289s] -- Installing: /workspaces/CEVT/src/install/share/hikcamera/cmake/hikcameraConfig.cmake
[1.289s] -- Installing: /workspaces/CEVT/src/install/share/hikcamera/cmake/hikcameraConfig-version.cmake
[1.289s] -- Installing: /workspaces/CEVT/src/install/share/hikcamera/package.xml
[1.290s] Invoked command in '/workspaces/CEVT/src/build/hikcamera' returned '0': CMAKE_PREFIX_PATH=/opt/ros/humble /usr/bin/cmake --install /workspaces/CEVT/src/build/hikcamera
