[0.021s] Invoking command in '/workspaces/CEVT/src/build/cevt': CMAKE_PREFIX_PATH=${CMAKE_PREFIX_PATH}:/opt/ros/humble /usr/bin/cmake --build /workspaces/CEVT/src/build/cevt -- -j20 -l20
[0.045s] [35m[1mConsolidate compiler generated dependencies of target cevt[0m
[0.059s] [ 33%] [32mBuilding CXX object CMakeFiles/cevt.dir/src/cevt.cpp.o[0m
[2.283s] In file included from [01m[K/workspaces/CEVT/src/cevt/src/cevt.cpp:19[m[K:
[2.283s] [01m[K/workspaces/CEVT/src/cevt/src/point_detect.hpp:[m[K In member function ‘[01m[Kvoid EngineerVisual::PointDetect::Processing(cv::Mat&)[m[K’:
[2.283s] [01m[K/workspaces/CEVT/src/cevt/src/point_detect.hpp:120:41:[m[K [01;31m[Kerror: [m[Kempty parentheses were disambiguated as a function declaration [[01;31m[K]8;;https://gcc.gnu.org/onlinedocs/gcc/Warning-Options.html#index-Wvexing-parse-Werror=vexing-parse]8;;[m[K]
[2.283s]   120 |       std::vector<Eigen::Vector3f> point[01;31m[K()[m[K;
[2.283s]       |                                         [01;31m[K^~[m[K
[2.283s] [01m[K/workspaces/CEVT/src/cevt/src/point_detect.hpp:120:41:[m[K [01;36m[Knote: [m[Kremove parentheses to default-initialize a variable
[2.283s]   120 |       std::vector<Eigen::Vector3f> point[01;36m[K()[m[K;
[2.283s]       |                                         [01;36m[K^~[m[K
[2.284s]       |                                         [31m[K--[m[K
[2.284s] [01m[K/workspaces/CEVT/src/cevt/src/point_detect.hpp:132:17:[m[K [01;31m[Kerror: [m[Krequest for member ‘[01m[Kpush_back[m[K’ in ‘[01m[KEngineerVisual::point[m[K’, which is of non-class type ‘[01m[Kstd::vector<Eigen::Matrix<float, 3, 1> >()[m[K’
[2.284s]   132 |           point.[01;31m[Kpush_back[m[K(l2);
[2.284s]       |                 [01;31m[K^~~~~~~~~[m[K
[2.284s] [01m[K/workspaces/CEVT/src/cevt/src/point_detect.hpp:139:28:[m[K [01;31m[Kerror: [m[Kno matching function for call to ‘[01m[Kstd::vector<std::vector<Eigen::Matrix<float, 3, 1> > >::push_back(std::vector<Eigen::Matrix<float, 3, 1> > (&)())[m[K’
[2.284s]   139 |       [01;31m[KpointListss.push_back(point)[m[K;
[2.284s]       |       [01;31m[K~~~~~~~~~~~~~~~~~~~~~^~~~~~~[m[K
[2.284s] In file included from [01m[K/usr/include/c++/11/vector:67[m[K,
[2.284s]                  from [01m[K/usr/include/c++/11/functional:62[m[K,
[2.284s]                  from [01m[K/usr/include/c++/11/pstl/glue_algorithm_defs.h:13[m[K,
[2.284s]                  from [01m[K/usr/include/c++/11/algorithm:74[m[K,
[2.284s]                  from [01m[K/opt/ros/humble/include/geometry_msgs/geometry_msgs/msg/detail/pose_array__struct.hpp:8[m[K,
[2.284s]                  from [01m[K/workspaces/CEVT/src/cevt/src/cevt.cpp:2[m[K:
[2.284s] [01m[K/usr/include/c++/11/bits/stl_vector.h:1187:7:[m[K [01;36m[Knote: [m[Kcandidate: ‘[01m[Kvoid std::vector<_Tp, _Alloc>::push_back(const value_type&) [with _Tp = std::vector<Eigen::Matrix<float, 3, 1> >; _Alloc = std::allocator<std::vector<Eigen::Matrix<float, 3, 1> > >; std::vector<_Tp, _Alloc>::value_type = std::vector<Eigen::Matrix<float, 3, 1> >][m[K’
[2.284s]  1187 |       [01;36m[Kpush_back[m[K(const value_type& __x)
[2.284s]       |       [01;36m[K^~~~~~~~~[m[K
[2.284s] [01m[K/usr/include/c++/11/bits/stl_vector.h:1187:35:[m[K [01;36m[Knote: [m[K  no known conversion for argument 1 from ‘[01m[Kstd::vector<Eigen::Matrix<float, 3, 1> >()[m[K’ to ‘[01m[Kconst value_type&[m[K’ {aka ‘[01m[Kconst std::vector<Eigen::Matrix<float, 3, 1> >&[m[K’}
[2.284s]  1187 |       push_back([01;36m[Kconst value_type& __x[m[K)
[2.284s]       |                 [01;36m[K~~~~~~~~~~~~~~~~~~^~~[m[K
[2.284s] [01m[K/usr/include/c++/11/bits/stl_vector.h:1203:7:[m[K [01;36m[Knote: [m[Kcandidate: ‘[01m[Kvoid std::vector<_Tp, _Alloc>::push_back(std::vector<_Tp, _Alloc>::value_type&&) [with _Tp = std::vector<Eigen::Matrix<float, 3, 1> >; _Alloc = std::allocator<std::vector<Eigen::Matrix<float, 3, 1> > >; std::vector<_Tp, _Alloc>::value_type = std::vector<Eigen::Matrix<float, 3, 1> >][m[K’
[2.284s]  1203 |       [01;36m[Kpush_back[m[K(value_type&& __x)
[2.284s]       |       [01;36m[K^~~~~~~~~[m[K
[2.284s] [01m[K/usr/include/c++/11/bits/stl_vector.h:1203:30:[m[K [01;36m[Knote: [m[K  no known conversion for argument 1 from ‘[01m[Kstd::vector<Eigen::Matrix<float, 3, 1> >()[m[K’ to ‘[01m[Kstd::vector<std::vector<Eigen::Matrix<float, 3, 1> > >::value_type&&[m[K’ {aka ‘[01m[Kstd::vector<Eigen::Matrix<float, 3, 1> >&&[m[K’}
[2.284s]  1203 |       push_back([01;36m[Kvalue_type&& __x[m[K)
[2.284s]       |                 [01;36m[K~~~~~~~~~~~~~^~~[m[K
[3.104s] cc1plus: all warnings being treated as errors
[3.119s] gmake[2]: *** [CMakeFiles/cevt.dir/build.make:76: CMakeFiles/cevt.dir/src/cevt.cpp.o] Error 1
[3.119s] gmake[1]: *** [CMakeFiles/Makefile2:137: CMakeFiles/cevt.dir/all] Error 2
[3.119s] gmake: *** [Makefile:146: all] Error 2
[3.121s] Invoked command in '/workspaces/CEVT/src/build/cevt' returned '2': CMAKE_PREFIX_PATH=${CMAKE_PREFIX_PATH}:/opt/ros/humble /usr/bin/cmake --build /workspaces/CEVT/src/build/cevt -- -j20 -l20
