[0.355s] DEBUG:colcon:Command line arguments: ['/usr/bin/colcon', 'build', '--merge-install']
[0.356s] DEBUG:colcon:Parsed command line arguments: Namespace(log_base=None, log_level=None, verb_name='build', build_base='build', install_base='install', merge_install=True, symlink_install=False, test_result_base=None, continue_on_error=False, executor='parallel', parallel_workers=20, event_handlers=None, ignore_user_meta=False, metas=['./colcon.meta'], base_paths=['.'], packages_ignore=None, packages_ignore_regex=None, paths=None, packages_up_to=None, packages_up_to_regex=None, packages_above=None, packages_above_and_dependencies=None, packages_above_depth=None, packages_select_by_dep=None, packages_skip_by_dep=None, packages_skip_up_to=None, packages_select_build_failed=False, packages_skip_build_finished=False, packages_select_test_failures=False, packages_skip_test_passed=False, packages_select=None, packages_skip=None, packages_select_regex=None, packages_skip_regex=None, packages_start=None, packages_end=None, cmake_args=None, cmake_target=None, cmake_target_skip_unavailable=False, cmake_clean_cache=False, cmake_clean_first=False, cmake_force_configure=False, ament_cmake_args=None, catkin_cmake_args=None, catkin_skip_building_tests=False, mixin_files=None, mixin=None, verb_parser=<colcon_mixin.mixin.mixin_argument.MixinArgumentDecorator object at 0x75cb91a35e70>, verb_extension=<colcon_core.verb.build.BuildVerb object at 0x75cb91a350f0>, main=<bound method BuildVerb.main of <colcon_core.verb.build.BuildVerb object at 0x75cb91a350f0>>, mixin_verb=('build',))
[0.373s] Level 1:colcon.colcon_core.package_discovery:discover_packages(colcon_meta) check parameters
[0.373s] INFO:colcon.colcon_metadata.package_discovery.colcon_meta:Using configuration from '/root/.colcon/metadata/default/Gazebo.meta'
[0.374s] INFO:colcon.colcon_metadata.package_discovery.colcon_meta:Using configuration from '/root/.colcon/metadata/default/fastrtps.meta'
[0.374s] Level 1:colcon.colcon_core.package_discovery:discover_packages(recursive) check parameters
[0.374s] Level 1:colcon.colcon_core.package_discovery:discover_packages(ignore) check parameters
[0.374s] Level 1:colcon.colcon_core.package_discovery:discover_packages(path) check parameters
[0.374s] Level 1:colcon.colcon_core.package_discovery:discover_packages(colcon_meta) discover
[0.374s] Level 1:colcon.colcon_core.package_discovery:discover_packages(recursive) discover
[0.374s] INFO:colcon.colcon_core.package_discovery:Crawling recursively for packages in '/workspaces/CEVT/src'
[0.374s] Level 1:colcon.colcon_core.package_identification:_identify(.) by extensions ['ignore', 'ignore_ament_install']
[0.374s] Level 1:colcon.colcon_core.package_identification:_identify(.) by extension 'ignore'
[0.374s] Level 1:colcon.colcon_core.package_identification:_identify(.) by extension 'ignore_ament_install'
[0.374s] Level 1:colcon.colcon_core.package_identification:_identify(.) by extensions ['colcon_pkg']
[0.374s] Level 1:colcon.colcon_core.package_identification:_identify(.) by extension 'colcon_pkg'
[0.374s] Level 1:colcon.colcon_core.package_identification:_identify(.) by extensions ['colcon_meta']
[0.374s] Level 1:colcon.colcon_core.package_identification:_identify(.) by extension 'colcon_meta'
[0.374s] Level 1:colcon.colcon_core.package_identification:_identify(.) by extensions ['ros']
[0.374s] Level 1:colcon.colcon_core.package_identification:_identify(.) by extension 'ros'
[0.380s] Level 1:colcon.colcon_core.package_identification:_identify(.) by extensions ['cmake', 'python']
[0.380s] Level 1:colcon.colcon_core.package_identification:_identify(.) by extension 'cmake'
[0.380s] Level 1:colcon.colcon_core.package_identification:_identify(.) by extension 'python'
[0.380s] Level 1:colcon.colcon_core.package_identification:_identify(.) by extensions ['python_setup_py']
[0.380s] Level 1:colcon.colcon_core.package_identification:_identify(.) by extension 'python_setup_py'
[0.380s] Level 1:colcon.colcon_core.package_identification:_identify(MvFGSdkLog) by extensions ['ignore', 'ignore_ament_install']
[0.380s] Level 1:colcon.colcon_core.package_identification:_identify(MvFGSdkLog) by extension 'ignore'
[0.380s] Level 1:colcon.colcon_core.package_identification:_identify(MvFGSdkLog) by extension 'ignore_ament_install'
[0.380s] Level 1:colcon.colcon_core.package_identification:_identify(MvFGSdkLog) by extensions ['colcon_pkg']
[0.380s] Level 1:colcon.colcon_core.package_identification:_identify(MvFGSdkLog) by extension 'colcon_pkg'
[0.380s] Level 1:colcon.colcon_core.package_identification:_identify(MvFGSdkLog) by extensions ['colcon_meta']
[0.380s] Level 1:colcon.colcon_core.package_identification:_identify(MvFGSdkLog) by extension 'colcon_meta'
[0.380s] Level 1:colcon.colcon_core.package_identification:_identify(MvFGSdkLog) by extensions ['ros']
[0.380s] Level 1:colcon.colcon_core.package_identification:_identify(MvFGSdkLog) by extension 'ros'
[0.380s] Level 1:colcon.colcon_core.package_identification:_identify(MvFGSdkLog) by extensions ['cmake', 'python']
[0.381s] Level 1:colcon.colcon_core.package_identification:_identify(MvFGSdkLog) by extension 'cmake'
[0.381s] Level 1:colcon.colcon_core.package_identification:_identify(MvFGSdkLog) by extension 'python'
[0.381s] Level 1:colcon.colcon_core.package_identification:_identify(MvFGSdkLog) by extensions ['python_setup_py']
[0.381s] Level 1:colcon.colcon_core.package_identification:_identify(MvFGSdkLog) by extension 'python_setup_py'
[0.381s] Level 1:colcon.colcon_core.package_identification:_identify(MvSdkLog) by extensions ['ignore', 'ignore_ament_install']
[0.381s] Level 1:colcon.colcon_core.package_identification:_identify(MvSdkLog) by extension 'ignore'
[0.381s] Level 1:colcon.colcon_core.package_identification:_identify(MvSdkLog) by extension 'ignore_ament_install'
[0.381s] Level 1:colcon.colcon_core.package_identification:_identify(MvSdkLog) by extensions ['colcon_pkg']
[0.381s] Level 1:colcon.colcon_core.package_identification:_identify(MvSdkLog) by extension 'colcon_pkg'
[0.381s] Level 1:colcon.colcon_core.package_identification:_identify(MvSdkLog) by extensions ['colcon_meta']
[0.381s] Level 1:colcon.colcon_core.package_identification:_identify(MvSdkLog) by extension 'colcon_meta'
[0.381s] Level 1:colcon.colcon_core.package_identification:_identify(MvSdkLog) by extensions ['ros']
[0.381s] Level 1:colcon.colcon_core.package_identification:_identify(MvSdkLog) by extension 'ros'
[0.381s] Level 1:colcon.colcon_core.package_identification:_identify(MvSdkLog) by extensions ['cmake', 'python']
[0.381s] Level 1:colcon.colcon_core.package_identification:_identify(MvSdkLog) by extension 'cmake'
[0.381s] Level 1:colcon.colcon_core.package_identification:_identify(MvSdkLog) by extension 'python'
[0.381s] Level 1:colcon.colcon_core.package_identification:_identify(MvSdkLog) by extensions ['python_setup_py']
[0.381s] Level 1:colcon.colcon_core.package_identification:_identify(MvSdkLog) by extension 'python_setup_py'
[0.381s] Level 1:colcon.colcon_core.package_identification:_identify(build) by extensions ['ignore', 'ignore_ament_install']
[0.381s] Level 1:colcon.colcon_core.package_identification:_identify(build) by extension 'ignore'
[0.381s] Level 1:colcon.colcon_core.package_identification:_identify(build) ignored
[0.381s] Level 1:colcon.colcon_core.package_identification:_identify(cevt) by extensions ['ignore', 'ignore_ament_install']
[0.381s] Level 1:colcon.colcon_core.package_identification:_identify(cevt) by extension 'ignore'
[0.381s] Level 1:colcon.colcon_core.package_identification:_identify(cevt) by extension 'ignore_ament_install'
[0.381s] Level 1:colcon.colcon_core.package_identification:_identify(cevt) by extensions ['colcon_pkg']
[0.381s] Level 1:colcon.colcon_core.package_identification:_identify(cevt) by extension 'colcon_pkg'
[0.381s] Level 1:colcon.colcon_core.package_identification:_identify(cevt) by extensions ['colcon_meta']
[0.381s] Level 1:colcon.colcon_core.package_identification:_identify(cevt) by extension 'colcon_meta'
[0.381s] Level 1:colcon.colcon_core.package_identification:_identify(cevt) by extensions ['ros']
[0.381s] Level 1:colcon.colcon_core.package_identification:_identify(cevt) by extension 'ros'
[0.383s] DEBUG:colcon.colcon_core.package_identification:Package 'cevt' with type 'ros.ament_cmake' and name 'cevt'
[0.383s] Level 1:colcon.colcon_core.package_identification:_identify(install) by extensions ['ignore', 'ignore_ament_install']
[0.383s] Level 1:colcon.colcon_core.package_identification:_identify(install) by extension 'ignore'
[0.383s] Level 1:colcon.colcon_core.package_identification:_identify(install) ignored
[0.383s] Level 1:colcon.colcon_core.package_identification:_identify(log) by extensions ['ignore', 'ignore_ament_install']
[0.383s] Level 1:colcon.colcon_core.package_identification:_identify(log) by extension 'ignore'
[0.383s] Level 1:colcon.colcon_core.package_identification:_identify(log) ignored
[0.383s] Level 1:colcon.colcon_core.package_identification:_identify(ros2-hikcamera) by extensions ['ignore', 'ignore_ament_install']
[0.383s] Level 1:colcon.colcon_core.package_identification:_identify(ros2-hikcamera) by extension 'ignore'
[0.383s] Level 1:colcon.colcon_core.package_identification:_identify(ros2-hikcamera) by extension 'ignore_ament_install'
[0.383s] Level 1:colcon.colcon_core.package_identification:_identify(ros2-hikcamera) by extensions ['colcon_pkg']
[0.383s] Level 1:colcon.colcon_core.package_identification:_identify(ros2-hikcamera) by extension 'colcon_pkg'
[0.383s] Level 1:colcon.colcon_core.package_identification:_identify(ros2-hikcamera) by extensions ['colcon_meta']
[0.383s] Level 1:colcon.colcon_core.package_identification:_identify(ros2-hikcamera) by extension 'colcon_meta'
[0.383s] Level 1:colcon.colcon_core.package_identification:_identify(ros2-hikcamera) by extensions ['ros']
[0.383s] Level 1:colcon.colcon_core.package_identification:_identify(ros2-hikcamera) by extension 'ros'
[0.383s] DEBUG:colcon.colcon_core.package_identification:Package 'ros2-hikcamera' with type 'ros.ament_cmake' and name 'hikcamera'
[0.383s] Level 1:colcon.colcon_core.package_discovery:discover_packages(recursive) using defaults
[0.383s] Level 1:colcon.colcon_core.package_discovery:discover_packages(ignore) discover
[0.383s] Level 1:colcon.colcon_core.package_discovery:discover_packages(ignore) using defaults
[0.383s] Level 1:colcon.colcon_core.package_discovery:discover_packages(path) discover
[0.383s] Level 1:colcon.colcon_core.package_discovery:discover_packages(path) using defaults
[0.408s] Level 5:colcon.colcon_core.verb:set package 'hikcamera' build argument 'cmake_args' from command line to 'None'
[0.408s] Level 5:colcon.colcon_core.verb:set package 'hikcamera' build argument 'cmake_target' from command line to 'None'
[0.408s] Level 5:colcon.colcon_core.verb:set package 'hikcamera' build argument 'cmake_target_skip_unavailable' from command line to 'False'
[0.408s] Level 5:colcon.colcon_core.verb:set package 'hikcamera' build argument 'cmake_clean_cache' from command line to 'False'
[0.408s] Level 5:colcon.colcon_core.verb:set package 'hikcamera' build argument 'cmake_clean_first' from command line to 'False'
[0.408s] Level 5:colcon.colcon_core.verb:set package 'hikcamera' build argument 'cmake_force_configure' from command line to 'False'
[0.408s] Level 5:colcon.colcon_core.verb:set package 'hikcamera' build argument 'ament_cmake_args' from command line to 'None'
[0.408s] Level 5:colcon.colcon_core.verb:set package 'hikcamera' build argument 'catkin_cmake_args' from command line to 'None'
[0.408s] Level 5:colcon.colcon_core.verb:set package 'hikcamera' build argument 'catkin_skip_building_tests' from command line to 'False'
[0.408s] DEBUG:colcon.colcon_core.verb:Building package 'hikcamera' with the following arguments: {'ament_cmake_args': None, 'build_base': '/workspaces/CEVT/src/build/hikcamera', 'catkin_cmake_args': None, 'catkin_skip_building_tests': False, 'cmake_args': None, 'cmake_clean_cache': False, 'cmake_clean_first': False, 'cmake_force_configure': False, 'cmake_target': None, 'cmake_target_skip_unavailable': False, 'install_base': '/workspaces/CEVT/src/install', 'merge_install': True, 'path': '/workspaces/CEVT/src/ros2-hikcamera', 'symlink_install': False, 'test_result_base': None}
[0.412s] Level 5:colcon.colcon_core.verb:set package 'cevt' build argument 'cmake_args' from command line to 'None'
[0.412s] Level 5:colcon.colcon_core.verb:set package 'cevt' build argument 'cmake_target' from command line to 'None'
[0.412s] Level 5:colcon.colcon_core.verb:set package 'cevt' build argument 'cmake_target_skip_unavailable' from command line to 'False'
[0.412s] Level 5:colcon.colcon_core.verb:set package 'cevt' build argument 'cmake_clean_cache' from command line to 'False'
[0.412s] Level 5:colcon.colcon_core.verb:set package 'cevt' build argument 'cmake_clean_first' from command line to 'False'
[0.412s] Level 5:colcon.colcon_core.verb:set package 'cevt' build argument 'cmake_force_configure' from command line to 'False'
[0.412s] Level 5:colcon.colcon_core.verb:set package 'cevt' build argument 'ament_cmake_args' from command line to 'None'
[0.412s] Level 5:colcon.colcon_core.verb:set package 'cevt' build argument 'catkin_cmake_args' from command line to 'None'
[0.412s] Level 5:colcon.colcon_core.verb:set package 'cevt' build argument 'catkin_skip_building_tests' from command line to 'False'
[0.412s] DEBUG:colcon.colcon_core.verb:Building package 'cevt' with the following arguments: {'ament_cmake_args': None, 'build_base': '/workspaces/CEVT/src/build/cevt', 'catkin_cmake_args': None, 'catkin_skip_building_tests': False, 'cmake_args': None, 'cmake_clean_cache': False, 'cmake_clean_first': False, 'cmake_force_configure': False, 'cmake_target': None, 'cmake_target_skip_unavailable': False, 'install_base': '/workspaces/CEVT/src/install', 'merge_install': True, 'path': '/workspaces/CEVT/src/cevt', 'symlink_install': False, 'test_result_base': None}
[0.416s] INFO:colcon.colcon_core.executor:Executing jobs using 'parallel' executor
[0.420s] DEBUG:colcon.colcon_parallel_executor.executor.parallel:run_until_complete
[0.420s] INFO:colcon.colcon_ros.task.ament_cmake.build:Building ROS package in '/workspaces/CEVT/src/ros2-hikcamera' with build type 'ament_cmake'
[0.420s] INFO:colcon.colcon_cmake.task.cmake.build:Building CMake package in '/workspaces/CEVT/src/ros2-hikcamera'
[0.425s] INFO:colcon.colcon_core.plugin_system:Skipping extension 'colcon_core.shell.bat': Not used on non-Windows systems
[0.425s] INFO:colcon.colcon_core.shell:Skip shell extension 'powershell' for command environment: Not usable outside of PowerShell
[0.425s] DEBUG:colcon.colcon_core.shell:Skip shell extension 'dsv' for command environment
[0.444s] DEBUG:colcon.colcon_core.event_handler.log_command:Invoking command in '/workspaces/CEVT/src/build/hikcamera': CMAKE_PREFIX_PATH=${CMAKE_PREFIX_PATH}:/opt/ros/humble /usr/bin/cmake --build /workspaces/CEVT/src/build/hikcamera -- -j20 -l20
[0.481s] DEBUG:colcon.colcon_core.event_handler.log_command:Invoked command in '/workspaces/CEVT/src/build/hikcamera' returned '0': CMAKE_PREFIX_PATH=${CMAKE_PREFIX_PATH}:/opt/ros/humble /usr/bin/cmake --build /workspaces/CEVT/src/build/hikcamera -- -j20 -l20
[0.500s] DEBUG:colcon.colcon_core.event_handler.log_command:Invoking command in '/workspaces/CEVT/src/build/hikcamera': CMAKE_PREFIX_PATH=${CMAKE_PREFIX_PATH}:/opt/ros/humble /usr/bin/cmake --install /workspaces/CEVT/src/build/hikcamera
[0.505s] Level 1:colcon.colcon_core.environment:create_environment_scripts_only(hikcamera)
[0.509s] DEBUG:colcon.colcon_core.event_handler.log_command:Invoked command in '/workspaces/CEVT/src/build/hikcamera' returned '0': CMAKE_PREFIX_PATH=${CMAKE_PREFIX_PATH}:/opt/ros/humble /usr/bin/cmake --install /workspaces/CEVT/src/build/hikcamera
[0.513s] Level 1:colcon.colcon_core.environment:checking '/workspaces/CEVT/src/install' for CMake module files
[0.513s] Level 1:colcon.colcon_core.environment:checking '/workspaces/CEVT/src/install' for CMake config files
[0.513s] Level 1:colcon.colcon_core.shell:create_environment_hook('hikcamera', 'cmake_prefix_path')
[0.517s] INFO:colcon.colcon_core.shell:Creating environment hook '/workspaces/CEVT/src/install/share/hikcamera/hook/cmake_prefix_path.ps1'
[0.518s] INFO:colcon.colcon_core.shell:Creating environment descriptor '/workspaces/CEVT/src/install/share/hikcamera/hook/cmake_prefix_path.dsv'
[0.518s] INFO:colcon.colcon_core.shell:Creating environment hook '/workspaces/CEVT/src/install/share/hikcamera/hook/cmake_prefix_path.sh'
[0.518s] Level 1:colcon.colcon_core.environment:checking '/workspaces/CEVT/src/install/lib'
[0.518s] Level 1:colcon.colcon_core.shell:create_environment_hook('hikcamera', 'ld_library_path_lib')
[0.522s] INFO:colcon.colcon_core.shell:Creating environment hook '/workspaces/CEVT/src/install/share/hikcamera/hook/ld_library_path_lib.ps1'
[0.523s] INFO:colcon.colcon_core.shell:Creating environment descriptor '/workspaces/CEVT/src/install/share/hikcamera/hook/ld_library_path_lib.dsv'
[0.523s] INFO:colcon.colcon_core.shell:Creating environment hook '/workspaces/CEVT/src/install/share/hikcamera/hook/ld_library_path_lib.sh'
[0.523s] Level 1:colcon.colcon_core.environment:checking '/workspaces/CEVT/src/install/bin'
[0.523s] Level 1:colcon.colcon_core.environment:checking '/workspaces/CEVT/src/install/lib/pkgconfig/hikcamera.pc'
[0.524s] Level 1:colcon.colcon_core.environment:checking '/workspaces/CEVT/src/install/lib/python3.10/site-packages'
[0.524s] Level 1:colcon.colcon_core.environment:checking '/workspaces/CEVT/src/install/bin'
[0.528s] INFO:colcon.colcon_core.shell:Creating package script '/workspaces/CEVT/src/install/share/hikcamera/package.ps1'
[0.528s] INFO:colcon.colcon_core.shell:Creating package descriptor '/workspaces/CEVT/src/install/share/hikcamera/package.dsv'
[0.529s] INFO:colcon.colcon_core.shell:Creating package script '/workspaces/CEVT/src/install/share/hikcamera/package.sh'
[0.529s] INFO:colcon.colcon_core.shell:Creating package script '/workspaces/CEVT/src/install/share/hikcamera/package.bash'
[0.529s] INFO:colcon.colcon_core.shell:Creating package script '/workspaces/CEVT/src/install/share/hikcamera/package.zsh'
[0.530s] Level 1:colcon.colcon_core.environment:create_file_with_runtime_dependencies(/workspaces/CEVT/src/install/share/colcon-core/packages/hikcamera)
[0.548s] Level 1:colcon.colcon_core.environment:create_environment_scripts_only(hikcamera)
[0.552s] Level 1:colcon.colcon_core.environment:checking '/workspaces/CEVT/src/install' for CMake module files
[0.553s] Level 1:colcon.colcon_core.environment:checking '/workspaces/CEVT/src/install' for CMake config files
[0.553s] Level 1:colcon.colcon_core.shell:create_environment_hook('hikcamera', 'cmake_prefix_path')
[0.557s] INFO:colcon.colcon_core.shell:Creating environment hook '/workspaces/CEVT/src/install/share/hikcamera/hook/cmake_prefix_path.ps1'
[0.557s] INFO:colcon.colcon_core.shell:Creating environment descriptor '/workspaces/CEVT/src/install/share/hikcamera/hook/cmake_prefix_path.dsv'
[0.557s] INFO:colcon.colcon_core.shell:Creating environment hook '/workspaces/CEVT/src/install/share/hikcamera/hook/cmake_prefix_path.sh'
[0.557s] Level 1:colcon.colcon_core.environment:checking '/workspaces/CEVT/src/install/lib'
[0.557s] Level 1:colcon.colcon_core.shell:create_environment_hook('hikcamera', 'ld_library_path_lib')
[0.561s] INFO:colcon.colcon_core.shell:Creating environment hook '/workspaces/CEVT/src/install/share/hikcamera/hook/ld_library_path_lib.ps1'
[0.561s] INFO:colcon.colcon_core.shell:Creating environment descriptor '/workspaces/CEVT/src/install/share/hikcamera/hook/ld_library_path_lib.dsv'
[0.561s] INFO:colcon.colcon_core.shell:Creating environment hook '/workspaces/CEVT/src/install/share/hikcamera/hook/ld_library_path_lib.sh'
[0.562s] Level 1:colcon.colcon_core.environment:checking '/workspaces/CEVT/src/install/bin'
[0.562s] Level 1:colcon.colcon_core.environment:checking '/workspaces/CEVT/src/install/lib/pkgconfig/hikcamera.pc'
[0.562s] Level 1:colcon.colcon_core.environment:checking '/workspaces/CEVT/src/install/lib/python3.10/site-packages'
[0.562s] Level 1:colcon.colcon_core.environment:checking '/workspaces/CEVT/src/install/bin'
[0.568s] INFO:colcon.colcon_core.shell:Creating package script '/workspaces/CEVT/src/install/share/hikcamera/package.ps1'
[0.568s] INFO:colcon.colcon_core.shell:Creating package descriptor '/workspaces/CEVT/src/install/share/hikcamera/package.dsv'
[0.568s] INFO:colcon.colcon_core.shell:Creating package script '/workspaces/CEVT/src/install/share/hikcamera/package.sh'
[0.569s] INFO:colcon.colcon_core.shell:Creating package script '/workspaces/CEVT/src/install/share/hikcamera/package.bash'
[0.569s] INFO:colcon.colcon_core.shell:Creating package script '/workspaces/CEVT/src/install/share/hikcamera/package.zsh'
[0.569s] Level 1:colcon.colcon_core.environment:create_file_with_runtime_dependencies(/workspaces/CEVT/src/install/share/colcon-core/packages/hikcamera)
[0.570s] INFO:colcon.colcon_ros.task.ament_cmake.build:Building ROS package in '/workspaces/CEVT/src/cevt' with build type 'ament_cmake'
[0.570s] INFO:colcon.colcon_cmake.task.cmake.build:Building CMake package in '/workspaces/CEVT/src/cevt'
[0.574s] INFO:colcon.colcon_core.shell:Skip shell extension 'powershell' for command environment: Not usable outside of PowerShell
[0.574s] DEBUG:colcon.colcon_core.shell:Skip shell extension 'dsv' for command environment
[0.590s] DEBUG:colcon.colcon_core.event_handler.log_command:Invoking command in '/workspaces/CEVT/src/build/cevt': CMAKE_PREFIX_PATH=${CMAKE_PREFIX_PATH}:/opt/ros/humble /usr/bin/cmake --build /workspaces/CEVT/src/build/cevt -- -j20 -l20
[5.196s] DEBUG:colcon.colcon_core.event_handler.log_command:Invoked command in '/workspaces/CEVT/src/build/cevt' returned '0': CMAKE_PREFIX_PATH=${CMAKE_PREFIX_PATH}:/opt/ros/humble /usr/bin/cmake --build /workspaces/CEVT/src/build/cevt -- -j20 -l20
[5.210s] DEBUG:colcon.colcon_core.event_handler.log_command:Invoking command in '/workspaces/CEVT/src/build/cevt': CMAKE_PREFIX_PATH=${CMAKE_PREFIX_PATH}:/opt/ros/humble /usr/bin/cmake --install /workspaces/CEVT/src/build/cevt
[5.216s] Level 1:colcon.colcon_core.environment:create_environment_scripts_only(cevt)
[5.217s] DEBUG:colcon.colcon_core.event_handler.log_command:Invoked command in '/workspaces/CEVT/src/build/cevt' returned '0': CMAKE_PREFIX_PATH=${CMAKE_PREFIX_PATH}:/opt/ros/humble /usr/bin/cmake --install /workspaces/CEVT/src/build/cevt
[5.221s] Level 1:colcon.colcon_core.environment:checking '/workspaces/CEVT/src/install' for CMake module files
[5.221s] Level 1:colcon.colcon_core.environment:checking '/workspaces/CEVT/src/install' for CMake config files
[5.221s] Level 1:colcon.colcon_core.shell:create_environment_hook('cevt', 'cmake_prefix_path')
[5.225s] INFO:colcon.colcon_core.shell:Creating environment hook '/workspaces/CEVT/src/install/share/cevt/hook/cmake_prefix_path.ps1'
[5.225s] INFO:colcon.colcon_core.shell:Creating environment descriptor '/workspaces/CEVT/src/install/share/cevt/hook/cmake_prefix_path.dsv'
[5.226s] INFO:colcon.colcon_core.shell:Creating environment hook '/workspaces/CEVT/src/install/share/cevt/hook/cmake_prefix_path.sh'
[5.226s] Level 1:colcon.colcon_core.environment:checking '/workspaces/CEVT/src/install/lib'
[5.226s] Level 1:colcon.colcon_core.shell:create_environment_hook('cevt', 'ld_library_path_lib')
[5.229s] INFO:colcon.colcon_core.shell:Creating environment hook '/workspaces/CEVT/src/install/share/cevt/hook/ld_library_path_lib.ps1'
[5.230s] INFO:colcon.colcon_core.shell:Creating environment descriptor '/workspaces/CEVT/src/install/share/cevt/hook/ld_library_path_lib.dsv'
[5.230s] INFO:colcon.colcon_core.shell:Creating environment hook '/workspaces/CEVT/src/install/share/cevt/hook/ld_library_path_lib.sh'
[5.230s] Level 1:colcon.colcon_core.environment:checking '/workspaces/CEVT/src/install/bin'
[5.230s] Level 1:colcon.colcon_core.environment:checking '/workspaces/CEVT/src/install/lib/pkgconfig/cevt.pc'
[5.230s] Level 1:colcon.colcon_core.environment:checking '/workspaces/CEVT/src/install/lib/python3.10/site-packages'
[5.230s] Level 1:colcon.colcon_core.environment:checking '/workspaces/CEVT/src/install/bin'
[5.234s] INFO:colcon.colcon_core.shell:Creating package script '/workspaces/CEVT/src/install/share/cevt/package.ps1'
[5.234s] INFO:colcon.colcon_core.shell:Creating package descriptor '/workspaces/CEVT/src/install/share/cevt/package.dsv'
[5.234s] INFO:colcon.colcon_core.shell:Creating package script '/workspaces/CEVT/src/install/share/cevt/package.sh'
[5.234s] INFO:colcon.colcon_core.shell:Creating package script '/workspaces/CEVT/src/install/share/cevt/package.bash'
[5.235s] INFO:colcon.colcon_core.shell:Creating package script '/workspaces/CEVT/src/install/share/cevt/package.zsh'
[5.235s] Level 1:colcon.colcon_core.environment:create_file_with_runtime_dependencies(/workspaces/CEVT/src/install/share/colcon-core/packages/cevt)
[5.254s] Level 1:colcon.colcon_core.environment:create_environment_scripts_only(cevt)
[5.258s] Level 1:colcon.colcon_core.environment:checking '/workspaces/CEVT/src/install' for CMake module files
[5.258s] Level 1:colcon.colcon_core.environment:checking '/workspaces/CEVT/src/install' for CMake config files
[5.259s] Level 1:colcon.colcon_core.shell:create_environment_hook('cevt', 'cmake_prefix_path')
[5.262s] INFO:colcon.colcon_core.shell:Creating environment hook '/workspaces/CEVT/src/install/share/cevt/hook/cmake_prefix_path.ps1'
[5.263s] INFO:colcon.colcon_core.shell:Creating environment descriptor '/workspaces/CEVT/src/install/share/cevt/hook/cmake_prefix_path.dsv'
[5.263s] INFO:colcon.colcon_core.shell:Creating environment hook '/workspaces/CEVT/src/install/share/cevt/hook/cmake_prefix_path.sh'
[5.263s] Level 1:colcon.colcon_core.environment:checking '/workspaces/CEVT/src/install/lib'
[5.263s] Level 1:colcon.colcon_core.shell:create_environment_hook('cevt', 'ld_library_path_lib')
[5.267s] INFO:colcon.colcon_core.shell:Creating environment hook '/workspaces/CEVT/src/install/share/cevt/hook/ld_library_path_lib.ps1'
[5.267s] INFO:colcon.colcon_core.shell:Creating environment descriptor '/workspaces/CEVT/src/install/share/cevt/hook/ld_library_path_lib.dsv'
[5.267s] INFO:colcon.colcon_core.shell:Creating environment hook '/workspaces/CEVT/src/install/share/cevt/hook/ld_library_path_lib.sh'
[5.267s] Level 1:colcon.colcon_core.environment:checking '/workspaces/CEVT/src/install/bin'
[5.267s] Level 1:colcon.colcon_core.environment:checking '/workspaces/CEVT/src/install/lib/pkgconfig/cevt.pc'
[5.267s] Level 1:colcon.colcon_core.environment:checking '/workspaces/CEVT/src/install/lib/python3.10/site-packages'
[5.267s] Level 1:colcon.colcon_core.environment:checking '/workspaces/CEVT/src/install/bin'
[5.271s] INFO:colcon.colcon_core.shell:Creating package script '/workspaces/CEVT/src/install/share/cevt/package.ps1'
[5.271s] INFO:colcon.colcon_core.shell:Creating package descriptor '/workspaces/CEVT/src/install/share/cevt/package.dsv'
[5.272s] INFO:colcon.colcon_core.shell:Creating package script '/workspaces/CEVT/src/install/share/cevt/package.sh'
[5.272s] INFO:colcon.colcon_core.shell:Creating package script '/workspaces/CEVT/src/install/share/cevt/package.bash'
[5.272s] INFO:colcon.colcon_core.shell:Creating package script '/workspaces/CEVT/src/install/share/cevt/package.zsh'
[5.272s] Level 1:colcon.colcon_core.environment:create_file_with_runtime_dependencies(/workspaces/CEVT/src/install/share/colcon-core/packages/cevt)
[5.272s] DEBUG:colcon.colcon_parallel_executor.executor.parallel:closing loop
[5.272s] DEBUG:colcon.colcon_parallel_executor.executor.parallel:loop closed
[5.272s] DEBUG:colcon.colcon_parallel_executor.executor.parallel:run_until_complete finished with '0'
[5.272s] DEBUG:colcon.colcon_core.event_reactor:joining thread
[5.280s] INFO:colcon.colcon_core.plugin_system:Skipping extension 'colcon_notification.desktop_notification.notify_send': Could not find 'notify-send'
[5.280s] INFO:colcon.colcon_core.plugin_system:Skipping extension 'colcon_notification.desktop_notification.terminal_notifier': Not used on non-Darwin systems
[5.280s] INFO:colcon.colcon_core.plugin_system:Skipping extension 'colcon_notification.desktop_notification.win32': Not used on non-Windows systems
[5.280s] INFO:colcon.colcon_notification.desktop_notification:Sending desktop notification using 'notify2'
[5.281s] DEBUG:colcon.colcon_notification.desktop_notification.notify2:Failed to initialize notify2: org.freedesktop.DBus.Error.Spawn.ExecFailed: /usr/bin/dbus-launch terminated abnormally without any error message
[5.282s] DEBUG:colcon.colcon_core.event_reactor:joined thread
[5.286s] INFO:colcon.colcon_core.shell:Creating prefix script '/workspaces/CEVT/src/install/local_setup.ps1'
[5.287s] INFO:colcon.colcon_core.shell:Creating prefix util module '/workspaces/CEVT/src/install/_local_setup_util_ps1.py'
[5.287s] INFO:colcon.colcon_core.shell:Creating prefix chain script '/workspaces/CEVT/src/install/setup.ps1'
[5.292s] INFO:colcon.colcon_core.shell:Creating prefix script '/workspaces/CEVT/src/install/local_setup.sh'
[5.292s] INFO:colcon.colcon_core.shell:Creating prefix util module '/workspaces/CEVT/src/install/_local_setup_util_sh.py'
[5.292s] INFO:colcon.colcon_core.shell:Creating prefix chain script '/workspaces/CEVT/src/install/setup.sh'
[5.297s] INFO:colcon.colcon_core.shell:Creating prefix script '/workspaces/CEVT/src/install/local_setup.bash'
[5.297s] INFO:colcon.colcon_core.shell:Creating prefix chain script '/workspaces/CEVT/src/install/setup.bash'
[5.301s] INFO:colcon.colcon_core.shell:Creating prefix script '/workspaces/CEVT/src/install/local_setup.zsh'
[5.301s] INFO:colcon.colcon_core.shell:Creating prefix chain script '/workspaces/CEVT/src/install/setup.zsh'
