[0.016s] Invoking command in '/workspaces/CEVT/src/build/cevt': AMENT_PREFIX_PATH=/workspaces/CEVT/src/install:${AMENT_PREFIX_PATH} CMAKE_PREFIX_PATH=/workspaces/CEVT/src/install:/opt/ros/humble LD_LIBRARY_PATH=/workspaces/CEVT/src/install/lib:${LD_LIBRARY_PATH} /usr/bin/cmake /workspaces/CEVT/src/cevt -DCMAKE_INSTALL_PREFIX=/workspaces/CEVT/src/install
[0.023s] -- Found ament_cmake_auto: 1.3.8 (/opt/ros/humble/share/ament_cmake_auto/cmake)
[0.137s] -- Found rosidl_generator_c: 3.1.5 (/opt/ros/humble/share/rosidl_generator_c/cmake)
[0.139s] -- Found rosidl_adapter: 3.1.5 (/opt/ros/humble/share/rosidl_adapter/cmake)
[0.142s] -- Found rosidl_generator_cpp: 3.1.5 (/opt/ros/humble/share/rosidl_generator_cpp/cmake)
[0.148s] -- Using all available rosidl_typesupport_c: rosidl_typesupport_fastrtps_c;rosidl_typesupport_introspection_c
[0.156s] -- Using all available rosidl_typesupport_cpp: rosidl_typesupport_fastrtps_cpp;rosidl_typesupport_introspection_cpp
[0.191s] -- Found rmw_implementation_cmake: 6.1.1 (/opt/ros/humble/share/rmw_implementation_cmake/cmake)
[0.192s] -- Found rmw_fastrtps_cpp: 6.2.6 (/opt/ros/humble/share/rmw_fastrtps_cpp/cmake)
[0.254s] -- Using RMW implementation 'rmw_fastrtps_cpp' as default
[0.506s] -- Configuring done
[0.507s] [31mCMake Error at /opt/ros/humble/share/ament_cmake_auto/cmake/ament_auto_add_executable.cmake:66 (add_executable):
[0.507s]   Cannot find source file:
[0.507s] 
[0.507s]     src/cevt.cpp
[0.507s] 
[0.507s]   Tried extensions .c .C .c++ .cc .cpp .cxx .cu .mpp .m .M .mm .ixx .cppm .h
[0.507s]   .hh .h++ .hm .hpp .hxx .in .txx .f .F .for .f77 .f90 .f95 .f03 .hip .ispc
[0.507s] Call Stack (most recent call first):
[0.507s]   CMakeLists.txt:30 (ament_auto_add_executable)
[0.507s] 
[0.507s] [0m
[0.508s] [31mCMake Error at /opt/ros/humble/share/ament_cmake_auto/cmake/ament_auto_add_executable.cmake:66 (add_executable):
[0.508s]   No SOURCES given to target: cevt
[0.508s] Call Stack (most recent call first):
[0.508s]   CMakeLists.txt:30 (ament_auto_add_executable)
[0.509s] 
[0.509s] [0m
[0.509s] [0mCMake Generate step failed.  Build files cannot be regenerated correctly.[0m
[0.512s] Invoked command in '/workspaces/CEVT/src/build/cevt' returned '1': AMENT_PREFIX_PATH=/workspaces/CEVT/src/install:${AMENT_PREFIX_PATH} CMAKE_PREFIX_PATH=/workspaces/CEVT/src/install:/opt/ros/humble LD_LIBRARY_PATH=/workspaces/CEVT/src/install/lib:${LD_LIBRARY_PATH} /usr/bin/cmake /workspaces/CEVT/src/cevt -DCMAKE_INSTALL_PREFIX=/workspaces/CEVT/src/install
