[0.020s] Invoking command in '/workspaces/CEVT/src/build/cevt': CMAKE_PREFIX_PATH=${CMAKE_PREFIX_PATH}:/opt/ros/humble /usr/bin/cmake --build /workspaces/CEVT/src/build/cevt -- -j20 -l20
[0.045s] [35m[1mConsolidate compiler generated dependencies of target cevt[0m
[0.059s] [ 33%] [32mBuilding CXX object CMakeFiles/cevt.dir/src/cevt.cpp.o[0m
[2.291s] In file included from [01m[K/workspaces/CEVT/src/cevt/src/cevt.cpp:19[m[K:
[2.291s] [01m[K/workspaces/CEVT/src/cevt/src/point_detect.hpp:[m[K In member function ‘[01m[Kvoid EngineerVisual::PointDetect::Processing(cv::Mat&, cv::Point2f, cv::RotatedRect)[m[K’:
[2.291s] [01m[K/workspaces/CEVT/src/cevt/src/point_detect.hpp:272:17:[m[K [01;31m[Kerror: [m[Kcannot convert ‘[01m[Kcv::Point2d [4][m[K’ {aka ‘[01m[Kcv::Point_<double> [4][m[K’} to ‘[01m[Kcv::Point2f*[m[K’ {aka ‘[01m[Kcv::Point_<float>*[m[K’}
[2.291s]   272 |     head.points([01;31m[Kbox[m[K);
[2.291s]       |                 [01;31m[K^~~[m[K
[2.291s]       |                 [01;31m[K|[m[K
[2.291s]       |                 [01;31m[Kcv::Point2d [4] {aka cv::Point_<double> [4]}[m[K
[2.291s] In file included from [01m[K/usr/include/opencv4/opencv2/core/mat.hpp:52[m[K,
[2.291s]                  from [01m[K/workspaces/CEVT/src/install/include/hikcamera/image_capturer.hpp:11[m[K,
[2.291s]                  from [01m[K/workspaces/CEVT/src/cevt/src/cevt.cpp:9[m[K:
[2.291s] [01m[K/usr/include/opencv4/opencv2/core/types.hpp:540:25:[m[K [01;36m[Knote: [m[K  initializing argument 1 of ‘[01m[Kvoid cv::RotatedRect::points(cv::Point2f*) const[m[K’
[2.291s]   540 |     void points([01;36m[KPoint2f pts[][m[K) const;
[2.291s]       |                 [01;36m[K~~~~~~~~^~~~~[m[K
[2.291s] In file included from [01m[K/workspaces/CEVT/src/cevt/src/cevt.cpp:19[m[K:
[2.291s] [01m[K/workspaces/CEVT/src/cevt/src/point_detect.hpp:279:35:[m[K [01;31m[Kerror: [m[Kno match for ‘[01m[Koperator-[m[K’ (operand types are ‘[01m[Kcv::Point2f[m[K’ {aka ‘[01m[Kcv::Point_<float>[m[K’} and ‘[01m[Kcv::Point_<double>[m[K’)
[2.292s]   279 |         if ((d - h).cross([32m[KrCenter[m[K [01;31m[K-[m[K [34m[Kh[m[K) < 0)
[2.292s]       |                           [32m[K~~~~~~~[m[K [01;31m[K^[m[K [34m[K~[m[K
[2.292s]       |                           [32m[K|[m[K         [34m[K|[m[K
[2.292s]       |                           [32m[K|[m[K         [34m[KPoint_<double>[m[K
[2.292s]       |                           [32m[KPoint_<float>[m[K
[2.292s] In file included from [01m[K/usr/include/c++/11/bits/stl_algobase.h:67[m[K,
[2.292s]                  from [01m[K/usr/include/c++/11/algorithm:61[m[K,
[2.292s]                  from [01m[K/opt/ros/humble/include/geometry_msgs/geometry_msgs/msg/detail/pose_array__struct.hpp:8[m[K,
[2.292s]                  from [01m[K/workspaces/CEVT/src/cevt/src/cevt.cpp:2[m[K:
[2.292s] [01m[K/usr/include/c++/11/bits/stl_iterator.h:577:5:[m[K [01;36m[Knote: [m[Kcandidate: ‘[01m[Ktemplate<class _IteratorL, class _IteratorR> constexpr decltype ((__y.base() - __x.base())) std::operator-(const std::reverse_iterator<_Iterator>&, const std::reverse_iterator<_IteratorR>&)[m[K’
[2.292s]   577 |     [01;36m[Koperator[m[K-(const reverse_iterator<_IteratorL>& __x,
[2.292s]       |     [01;36m[K^~~~~~~~[m[K
[2.292s] [01m[K/usr/include/c++/11/bits/stl_iterator.h:577:5:[m[K [01;36m[Knote: [m[K  template argument deduction/substitution failed:
[2.292s] In file included from [01m[K/workspaces/CEVT/src/cevt/src/cevt.cpp:19[m[K:
[2.292s] [01m[K/workspaces/CEVT/src/cevt/src/point_detect.hpp:279:37:[m[K [01;36m[Knote: [m[K  ‘[01m[Kcv::Point2f[m[K’ {aka ‘[01m[Kcv::Point_<float>[m[K’} is not derived from ‘[01m[Kconst std::reverse_iterator<_Iterator>[m[K’
[2.292s]   279 |         if ((d - h).cross(rCenter - [01;36m[Kh[m[K) < 0)
[2.292s]       |                                     [01;36m[K^[m[K
[2.292s] In file included from [01m[K/usr/include/c++/11/bits/stl_algobase.h:67[m[K,
[2.292s]                  from [01m[K/usr/include/c++/11/algorithm:61[m[K,
[2.292s]                  from [01m[K/opt/ros/humble/include/geometry_msgs/geometry_msgs/msg/detail/pose_array__struct.hpp:8[m[K,
[2.292s]                  from [01m[K/workspaces/CEVT/src/cevt/src/cevt.cpp:2[m[K:
[2.292s] [01m[K/usr/include/c++/11/bits/stl_iterator.h:1693:5:[m[K [01;36m[Knote: [m[Kcandidate: ‘[01m[Ktemplate<class _IteratorL, class _IteratorR> constexpr decltype ((__x.base() - __y.base())) std::operator-(const std::move_iterator<_IteratorL>&, const std::move_iterator<_IteratorR>&)[m[K’
[2.293s]  1693 |     [01;36m[Koperator[m[K-(const move_iterator<_IteratorL>& __x,
[2.293s]       |     [01;36m[K^~~~~~~~[m[K
[2.293s] [01m[K/usr/include/c++/11/bits/stl_iterator.h:1693:5:[m[K [01;36m[Knote: [m[K  template argument deduction/substitution failed:
[2.293s] In file included from [01m[K/workspaces/CEVT/src/cevt/src/cevt.cpp:19[m[K:
[2.293s] [01m[K/workspaces/CEVT/src/cevt/src/point_detect.hpp:279:37:[m[K [01;36m[Knote: [m[K  ‘[01m[Kcv::Point2f[m[K’ {aka ‘[01m[Kcv::Point_<float>[m[K’} is not derived from ‘[01m[Kconst std::move_iterator<_IteratorL>[m[K’
[2.293s]   279 |         if ((d - h).cross(rCenter - [01;36m[Kh[m[K) < 0)
[2.293s]       |                                     [01;36m[K^[m[K
[2.293s] In file included from [01m[K/usr/include/eigen3/Eigen/Core:50[m[K,
[2.293s]                  from [01m[K/usr/include/eigen3/Eigen/Dense:1[m[K,
[2.293s]                  from [01m[K/workspaces/CEVT/src/cevt/src/cevt.cpp:7[m[K:
[2.293s] [01m[K/usr/include/c++/11/complex:362:5:[m[K [01;36m[Knote: [m[Kcandidate: ‘[01m[Ktemplate<class _Tp> std::complex<_Tp> std::operator-(const std::complex<_Tp>&, const std::complex<_Tp>&)[m[K’
[2.293s]   362 |     [01;36m[Koperator[m[K-(const complex<_Tp>& __x, const complex<_Tp>& __y)
[2.293s]       |     [01;36m[K^~~~~~~~[m[K
[2.293s] [01m[K/usr/include/c++/11/complex:362:5:[m[K [01;36m[Knote: [m[K  template argument deduction/substitution failed:
[2.293s] In file included from [01m[K/workspaces/CEVT/src/cevt/src/cevt.cpp:19[m[K:
[2.293s] [01m[K/workspaces/CEVT/src/cevt/src/point_detect.hpp:279:37:[m[K [01;36m[Knote: [m[K  ‘[01m[Kcv::Point2f[m[K’ {aka ‘[01m[Kcv::Point_<float>[m[K’} is not derived from ‘[01m[Kconst std::complex<_Tp>[m[K’
[2.293s]   279 |         if ((d - h).cross(rCenter - [01;36m[Kh[m[K) < 0)
[2.293s]       |                                     [01;36m[K^[m[K
[2.293s] In file included from [01m[K/usr/include/eigen3/Eigen/Core:50[m[K,
[2.293s]                  from [01m[K/usr/include/eigen3/Eigen/Dense:1[m[K,
[2.293s]                  from [01m[K/workspaces/CEVT/src/cevt/src/cevt.cpp:7[m[K:
[2.293s] [01m[K/usr/include/c++/11/complex:371:5:[m[K [01;36m[Knote: [m[Kcandidate: ‘[01m[Ktemplate<class _Tp> std::complex<_Tp> std::operator-(const std::complex<_Tp>&, const _Tp&)[m[K’
[2.293s]   371 |     [01;36m[Koperator[m[K-(const complex<_Tp>& __x, const _Tp& __y)
[2.294s]       |     [01;36m[K^~~~~~~~[m[K
[2.294s] [01m[K/usr/include/c++/11/complex:371:5:[m[K [01;36m[Knote: [m[K  template argument deduction/substitution failed:
[2.294s] In file included from [01m[K/workspaces/CEVT/src/cevt/src/cevt.cpp:19[m[K:
[2.294s] [01m[K/workspaces/CEVT/src/cevt/src/point_detect.hpp:279:37:[m[K [01;36m[Knote: [m[K  ‘[01m[Kcv::Point2f[m[K’ {aka ‘[01m[Kcv::Point_<float>[m[K’} is not derived from ‘[01m[Kconst std::complex<_Tp>[m[K’
[2.294s]   279 |         if ((d - h).cross(rCenter - [01;36m[Kh[m[K) < 0)
[2.294s]       |                                     [01;36m[K^[m[K
[2.294s] In file included from [01m[K/usr/include/eigen3/Eigen/Core:50[m[K,
[2.294s]                  from [01m[K/usr/include/eigen3/Eigen/Dense:1[m[K,
[2.294s]                  from [01m[K/workspaces/CEVT/src/cevt/src/cevt.cpp:7[m[K:
[2.294s] [01m[K/usr/include/c++/11/complex:380:5:[m[K [01;36m[Knote: [m[Kcandidate: ‘[01m[Ktemplate<class _Tp> std::complex<_Tp> std::operator-(const _Tp&, const std::complex<_Tp>&)[m[K’
[2.294s]   380 |     [01;36m[Koperator[m[K-(const _Tp& __x, const complex<_Tp>& __y)
[2.294s]       |     [01;36m[K^~~~~~~~[m[K
[2.294s] [01m[K/usr/include/c++/11/complex:380:5:[m[K [01;36m[Knote: [m[K  template argument deduction/substitution failed:
[2.294s] In file included from [01m[K/workspaces/CEVT/src/cevt/src/cevt.cpp:19[m[K:
[2.294s] [01m[K/workspaces/CEVT/src/cevt/src/point_detect.hpp:279:37:[m[K [01;36m[Knote: [m[K  ‘[01m[Kcv::Point_<double>[m[K’ is not derived from ‘[01m[Kconst std::complex<_Tp>[m[K’
[2.294s]   279 |         if ((d - h).cross(rCenter - [01;36m[Kh[m[K) < 0)
[2.294s]       |                                     [01;36m[K^[m[K
[2.294s] In file included from [01m[K/usr/include/eigen3/Eigen/Core:50[m[K,
[2.294s]                  from [01m[K/usr/include/eigen3/Eigen/Dense:1[m[K,
[2.294s]                  from [01m[K/workspaces/CEVT/src/cevt/src/cevt.cpp:7[m[K:
[2.294s] [01m[K/usr/include/c++/11/complex:457:5:[m[K [01;36m[Knote: [m[Kcandidate: ‘[01m[Ktemplate<class _Tp> std::complex<_Tp> std::operator-(const std::complex<_Tp>&)[m[K’
[2.294s]   457 |     [01;36m[Koperator[m[K-(const complex<_Tp>& __x)
[2.294s]       |     [01;36m[K^~~~~~~~[m[K
[2.294s] [01m[K/usr/include/c++/11/complex:457:5:[m[K [01;36m[Knote: [m[K  template argument deduction/substitution failed:
[2.294s] In file included from [01m[K/workspaces/CEVT/src/cevt/src/cevt.cpp:19[m[K:
[2.294s] [01m[K/workspaces/CEVT/src/cevt/src/point_detect.hpp:279:37:[m[K [01;36m[Knote: [m[K  ‘[01m[Kcv::Point2f[m[K’ {aka ‘[01m[Kcv::Point_<float>[m[K’} is not derived from ‘[01m[Kconst std::complex<_Tp>[m[K’
[2.294s]   279 |         if ((d - h).cross(rCenter - [01;36m[Kh[m[K) < 0)
[2.294s]       |                                     [01;36m[K^[m[K
[2.294s] In file included from [01m[K/usr/include/opencv4/opencv2/core/mat.hpp:51[m[K,
[2.294s]                  from [01m[K/workspaces/CEVT/src/install/include/hikcamera/image_capturer.hpp:11[m[K,
[2.294s]                  from [01m[K/workspaces/CEVT/src/cevt/src/cevt.cpp:9[m[K:
[2.294s] [01m[K/usr/include/opencv4/opencv2/core/matx.hpp:1216:17:[m[K [01;36m[Knote: [m[Kcandidate: ‘[01m[Ktemplate<class _Tp, int m, int n> cv::Matx<_Tp, m, n> cv::operator-(const cv::Matx<_Tp, m, n>&, const cv::Matx<_Tp, m, n>&)[m[K’
[2.294s]  1216 | Matx<_Tp, m, n> [01;36m[Koperator[m[K - (const Matx<_Tp, m, n>& a, const Matx<_Tp, m, n>& b)
[2.294s]       |                 [01;36m[K^~~~~~~~[m[K
[2.294s] [01m[K/usr/include/opencv4/opencv2/core/matx.hpp:1216:17:[m[K [01;36m[Knote: [m[K  template argument deduction/substitution failed:
[2.295s] In file included from [01m[K/workspaces/CEVT/src/cevt/src/cevt.cpp:19[m[K:
[2.295s] [01m[K/workspaces/CEVT/src/cevt/src/point_detect.hpp:279:37:[m[K [01;36m[Knote: [m[K  ‘[01m[Kcv::Point2f[m[K’ {aka ‘[01m[Kcv::Point_<float>[m[K’} is not derived from ‘[01m[Kconst cv::Matx<_Tp, m, n>[m[K’
[2.295s]   279 |         if ((d - h).cross(rCenter - [01;36m[Kh[m[K) < 0)
[2.295s]       |                                     [01;36m[K^[m[K
[2.295s] In file included from [01m[K/usr/include/opencv4/opencv2/core/mat.hpp:51[m[K,
[2.295s]                  from [01m[K/workspaces/CEVT/src/install/include/hikcamera/image_capturer.hpp:11[m[K,
[2.295s]                  from [01m[K/workspaces/CEVT/src/cevt/src/cevt.cpp:9[m[K:
[2.295s] [01m[K/usr/include/opencv4/opencv2/core/matx.hpp:1310:17:[m[K [01;36m[Knote: [m[Kcandidate: ‘[01m[Ktemplate<class _Tp, int m, int n> cv::Matx<_Tp, m, n> cv::operator-(const cv::Matx<_Tp, m, n>&)[m[K’
[2.295s]  1310 | Matx<_Tp, m, n> [01;36m[Koperator[m[K - (const Matx<_Tp, m, n>& a)
[2.295s]       |                 [01;36m[K^~~~~~~~[m[K
[2.295s] [01m[K/usr/include/opencv4/opencv2/core/matx.hpp:1310:17:[m[K [01;36m[Knote: [m[K  template argument deduction/substitution failed:
[2.295s] In file included from [01m[K/workspaces/CEVT/src/cevt/src/cevt.cpp:19[m[K:
[2.295s] [01m[K/workspaces/CEVT/src/cevt/src/point_detect.hpp:279:37:[m[K [01;36m[Knote: [m[K  ‘[01m[Kcv::Point2f[m[K’ {aka ‘[01m[Kcv::Point_<float>[m[K’} is not derived from ‘[01m[Kconst cv::Matx<_Tp, m, n>[m[K’
[2.295s]   279 |         if ((d - h).cross(rCenter - [01;36m[Kh[m[K) < 0)
[2.295s]       |                                     [01;36m[K^[m[K
[2.295s] In file included from [01m[K/usr/include/opencv4/opencv2/core/mat.hpp:51[m[K,
[2.295s]                  from [01m[K/workspaces/CEVT/src/install/include/hikcamera/image_capturer.hpp:11[m[K,
[2.295s]                  from [01m[K/workspaces/CEVT/src/cevt/src/cevt.cpp:9[m[K:
[2.295s] [01m[K/usr/include/opencv4/opencv2/core/matx.hpp:1372:14:[m[K [01;36m[Knote: [m[Kcandidate: ‘[01m[Ktemplate<class _Tp, int cn> cv::Vec<_Tp, m> cv::operator-(const cv::Vec<_Tp, m>&, const cv::Vec<_Tp, m>&)[m[K’
[2.295s]  1372 | Vec<_Tp, cn> [01;36m[Koperator[m[K - (const Vec<_Tp, cn>& a, const Vec<_Tp, cn>& b)
[2.295s]       |              [01;36m[K^~~~~~~~[m[K
[2.295s] [01m[K/usr/include/opencv4/opencv2/core/matx.hpp:1372:14:[m[K [01;36m[Knote: [m[K  template argument deduction/substitution failed:
[2.295s] In file included from [01m[K/workspaces/CEVT/src/cevt/src/cevt.cpp:19[m[K:
[2.295s] [01m[K/workspaces/CEVT/src/cevt/src/point_detect.hpp:279:37:[m[K [01;36m[Knote: [m[K  ‘[01m[Kcv::Point2f[m[K’ {aka ‘[01m[Kcv::Point_<float>[m[K’} is not derived from ‘[01m[Kconst cv::Vec<_Tp, m>[m[K’
[2.295s]   279 |         if ((d - h).cross(rCenter - [01;36m[Kh[m[K) < 0)
[2.295s]       |                                     [01;36m[K^[m[K
[2.295s] In file included from [01m[K/usr/include/opencv4/opencv2/core/mat.hpp:51[m[K,
[2.295s]                  from [01m[K/workspaces/CEVT/src/install/include/hikcamera/image_capturer.hpp:11[m[K,
[2.295s]                  from [01m[K/workspaces/CEVT/src/cevt/src/cevt.cpp:9[m[K:
[2.295s] [01m[K/usr/include/opencv4/opencv2/core/matx.hpp:1483:14:[m[K [01;36m[Knote: [m[Kcandidate: ‘[01m[Ktemplate<class _Tp, int cn> cv::Vec<_Tp, m> cv::operator-(const cv::Vec<_Tp, m>&)[m[K’
[2.295s]  1483 | Vec<_Tp, cn> [01;36m[Koperator[m[K - (const Vec<_Tp, cn>& a)
[2.295s]       |              [01;36m[K^~~~~~~~[m[K
[2.295s] [01m[K/usr/include/opencv4/opencv2/core/matx.hpp:1483:14:[m[K [01;36m[Knote: [m[K  template argument deduction/substitution failed:
[2.295s] In file included from [01m[K/workspaces/CEVT/src/cevt/src/cevt.cpp:19[m[K:
[2.295s] [01m[K/workspaces/CEVT/src/cevt/src/point_detect.hpp:279:37:[m[K [01;36m[Knote: [m[K  ‘[01m[Kcv::Point2f[m[K’ {aka ‘[01m[Kcv::Point_<float>[m[K’} is not derived from ‘[01m[Kconst cv::Vec<_Tp, m>[m[K’
[2.295s]   279 |         if ((d - h).cross(rCenter - [01;36m[Kh[m[K) < 0)
[2.295s]       |                                     [01;36m[K^[m[K
[2.295s] In file included from [01m[K/usr/include/opencv4/opencv2/core/mat.hpp:52[m[K,
[2.295s]                  from [01m[K/workspaces/CEVT/src/install/include/hikcamera/image_capturer.hpp:11[m[K,
[2.296s]                  from [01m[K/workspaces/CEVT/src/cevt/src/cevt.cpp:9[m[K:
[2.296s] [01m[K/usr/include/opencv4/opencv2/core/types.hpp:1054:14:[m[K [01;36m[Knote: [m[Kcandidate: ‘[01m[Ktemplate<class _Tp> cv::Complex<_Tp> cv::operator-(const cv::Complex<_Tp>&, const cv::Complex<_Tp>&)[m[K’
[2.296s]  1054 | Complex<_Tp> [01;36m[Koperator[m[K - (const Complex<_Tp>& a, const Complex<_Tp>& b)
[2.296s]       |              [01;36m[K^~~~~~~~[m[K
[2.296s] [01m[K/usr/include/opencv4/opencv2/core/types.hpp:1054:14:[m[K [01;36m[Knote: [m[K  template argument deduction/substitution failed:
[2.296s] In file included from [01m[K/workspaces/CEVT/src/cevt/src/cevt.cpp:19[m[K:
[2.296s] [01m[K/workspaces/CEVT/src/cevt/src/point_detect.hpp:279:37:[m[K [01;36m[Knote: [m[K  ‘[01m[Kcv::Point2f[m[K’ {aka ‘[01m[Kcv::Point_<float>[m[K’} is not derived from ‘[01m[Kconst cv::Complex<_Tp>[m[K’
[2.296s]   279 |         if ((d - h).cross(rCenter - [01;36m[Kh[m[K) < 0)
[2.296s]       |                                     [01;36m[K^[m[K
[2.296s] In file included from [01m[K/usr/include/opencv4/opencv2/core/mat.hpp:52[m[K,
[2.296s]                  from [01m[K/workspaces/CEVT/src/install/include/hikcamera/image_capturer.hpp:11[m[K,
[2.296s]                  from [01m[K/workspaces/CEVT/src/cevt/src/cevt.cpp:9[m[K:
[2.296s] [01m[K/usr/include/opencv4/opencv2/core/types.hpp:1067:14:[m[K [01;36m[Knote: [m[Kcandidate: ‘[01m[Ktemplate<class _Tp> cv::Complex<_Tp> cv::operator-(const cv::Complex<_Tp>&)[m[K’
[2.296s]  1067 | Complex<_Tp> [01;36m[Koperator[m[K - (const Complex<_Tp>& a)
[2.296s]       |              [01;36m[K^~~~~~~~[m[K
[2.296s] [01m[K/usr/include/opencv4/opencv2/core/types.hpp:1067:14:[m[K [01;36m[Knote: [m[K  template argument deduction/substitution failed:
[2.296s] In file included from [01m[K/workspaces/CEVT/src/cevt/src/cevt.cpp:19[m[K:
[2.296s] [01m[K/workspaces/CEVT/src/cevt/src/point_detect.hpp:279:37:[m[K [01;36m[Knote: [m[K  ‘[01m[Kcv::Point2f[m[K’ {aka ‘[01m[Kcv::Point_<float>[m[K’} is not derived from ‘[01m[Kconst cv::Complex<_Tp>[m[K’
[2.296s]   279 |         if ((d - h).cross(rCenter - [01;36m[Kh[m[K) < 0)
[2.296s]       |                                     [01;36m[K^[m[K
[2.296s] In file included from [01m[K/usr/include/opencv4/opencv2/core/mat.hpp:52[m[K,
[2.296s]                  from [01m[K/workspaces/CEVT/src/install/include/hikcamera/image_capturer.hpp:11[m[K,
[2.296s]                  from [01m[K/workspaces/CEVT/src/cevt/src/cevt.cpp:9[m[K:
[2.296s] [01m[K/usr/include/opencv4/opencv2/core/types.hpp:1097:14:[m[K [01;36m[Knote: [m[Kcandidate: ‘[01m[Ktemplate<class _Tp> cv::Complex<_Tp> cv::operator-(const cv::Complex<_Tp>&, _Tp)[m[K’
[2.296s]  1097 | Complex<_Tp> [01;36m[Koperator[m[K - (const Complex<_Tp>& a, _Tp b)
[2.296s]       |              [01;36m[K^~~~~~~~[m[K
[2.296s] [01m[K/usr/include/opencv4/opencv2/core/types.hpp:1097:14:[m[K [01;36m[Knote: [m[K  template argument deduction/substitution failed:
[2.296s] In file included from [01m[K/workspaces/CEVT/src/cevt/src/cevt.cpp:19[m[K:
[2.296s] [01m[K/workspaces/CEVT/src/cevt/src/point_detect.hpp:279:37:[m[K [01;36m[Knote: [m[K  ‘[01m[Kcv::Point2f[m[K’ {aka ‘[01m[Kcv::Point_<float>[m[K’} is not derived from ‘[01m[Kconst cv::Complex<_Tp>[m[K’
[2.296s]   279 |         if ((d - h).cross(rCenter - [01;36m[Kh[m[K) < 0)
[2.296s]       |                                     [01;36m[K^[m[K
[2.296s] In file included from [01m[K/usr/include/opencv4/opencv2/core/mat.hpp:52[m[K,
[2.296s]                  from [01m[K/workspaces/CEVT/src/install/include/hikcamera/image_capturer.hpp:11[m[K,
[2.296s]                  from [01m[K/workspaces/CEVT/src/cevt/src/cevt.cpp:9[m[K:
[2.296s] [01m[K/usr/include/opencv4/opencv2/core/types.hpp:1107:14:[m[K [01;36m[Knote: [m[Kcandidate: ‘[01m[Ktemplate<class _Tp> cv::Complex<_Tp> cv::operator-(_Tp, const cv::Complex<_Tp>&)[m[K’
[2.296s]  1107 | Complex<_Tp> [01;36m[Koperator[m[K - (_Tp b, const Complex<_Tp>& a)
[2.296s]       |              [01;36m[K^~~~~~~~[m[K
[2.296s] [01m[K/usr/include/opencv4/opencv2/core/types.hpp:1107:14:[m[K [01;36m[Knote: [m[K  template argument deduction/substitution failed:
[2.296s] In file included from [01m[K/workspaces/CEVT/src/cevt/src/cevt.cpp:19[m[K:
[2.296s] [01m[K/workspaces/CEVT/src/cevt/src/point_detect.hpp:279:37:[m[K [01;36m[Knote: [m[K  ‘[01m[Kcv::Point_<double>[m[K’ is not derived from ‘[01m[Kconst cv::Complex<_Tp>[m[K’
[2.296s]   279 |         if ((d - h).cross(rCenter - [01;36m[Kh[m[K) < 0)
[2.296s]       |                                     [01;36m[K^[m[K
[2.296s] In file included from [01m[K/usr/include/opencv4/opencv2/core/mat.hpp:52[m[K,
[2.297s]                  from [01m[K/workspaces/CEVT/src/install/include/hikcamera/image_capturer.hpp:11[m[K,
[2.297s]                  from [01m[K/workspaces/CEVT/src/cevt/src/cevt.cpp:9[m[K:
[2.297s] [01m[K/usr/include/opencv4/opencv2/core/types.hpp:1339:13:[m[K [01;36m[Knote: [m[Kcandidate: ‘[01m[Ktemplate<class _Tp> cv::Point_<_Tp> cv::operator-(const cv::Point_<_Tp>&, const cv::Point_<_Tp>&)[m[K’
[2.297s]  1339 | Point_<_Tp> [01;36m[Koperator[m[K - (const Point_<_Tp>& a, const Point_<_Tp>& b)
[2.297s]       |             [01;36m[K^~~~~~~~[m[K
[2.297s] [01m[K/usr/include/opencv4/opencv2/core/types.hpp:1339:13:[m[K [01;36m[Knote: [m[K  template argument deduction/substitution failed:
[2.297s] In file included from [01m[K/workspaces/CEVT/src/cevt/src/cevt.cpp:19[m[K:
[2.297s] [01m[K/workspaces/CEVT/src/cevt/src/point_detect.hpp:279:37:[m[K [01;36m[Knote: [m[K  deduced conflicting types for parameter ‘[01m[K_Tp[m[K’ (‘[01m[Kfloat[m[K’ and ‘[01m[Kdouble[m[K’)
[2.297s]   279 |         if ((d - h).cross(rCenter - [01;36m[Kh[m[K) < 0)
[2.297s]       |                                     [01;36m[K^[m[K
[2.297s] In file included from [01m[K/usr/include/opencv4/opencv2/core/mat.hpp:52[m[K,
[2.297s]                  from [01m[K/workspaces/CEVT/src/install/include/hikcamera/image_capturer.hpp:11[m[K,
[2.297s]                  from [01m[K/workspaces/CEVT/src/cevt/src/cevt.cpp:9[m[K:
[2.297s] [01m[K/usr/include/opencv4/opencv2/core/types.hpp:1345:13:[m[K [01;36m[Knote: [m[Kcandidate: ‘[01m[Ktemplate<class _Tp> cv::Point_<_Tp> cv::operator-(const cv::Point_<_Tp>&)[m[K’
[2.297s]  1345 | Point_<_Tp> [01;36m[Koperator[m[K - (const Point_<_Tp>& a)
[2.297s]       |             [01;36m[K^~~~~~~~[m[K
[2.297s] [01m[K/usr/include/opencv4/opencv2/core/types.hpp:1345:13:[m[K [01;36m[Knote: [m[K  template argument deduction/substitution failed:
[2.297s] In file included from [01m[K/workspaces/CEVT/src/cevt/src/cevt.cpp:19[m[K:
[2.297s] [01m[K/workspaces/CEVT/src/cevt/src/point_detect.hpp:279:37:[m[K [01;36m[Knote: [m[K  candidate expects 1 argument, 2 provided
[2.297s]   279 |         if ((d - h).cross(rCenter - [01;36m[Kh[m[K) < 0)
[2.297s]       |                                     [01;36m[K^[m[K
[2.297s] In file included from [01m[K/usr/include/opencv4/opencv2/core/mat.hpp:52[m[K,
[2.297s]                  from [01m[K/workspaces/CEVT/src/install/include/hikcamera/image_capturer.hpp:11[m[K,
[2.297s]                  from [01m[K/workspaces/CEVT/src/cevt/src/cevt.cpp:9[m[K:
[2.297s] [01m[K/usr/include/opencv4/opencv2/core/types.hpp:1608:14:[m[K [01;36m[Knote: [m[Kcandidate: ‘[01m[Ktemplate<class _Tp> cv::Point3_<_Tp> cv::operator-(const cv::Point3_<_Tp>&, const cv::Point3_<_Tp>&)[m[K’
[2.297s]  1608 | Point3_<_Tp> [01;36m[Koperator[m[K - (const Point3_<_Tp>& a, const Point3_<_Tp>& b)
[2.297s]       |              [01;36m[K^~~~~~~~[m[K
[2.297s] [01m[K/usr/include/opencv4/opencv2/core/types.hpp:1608:14:[m[K [01;36m[Knote: [m[K  template argument deduction/substitution failed:
[2.297s] In file included from [01m[K/workspaces/CEVT/src/cevt/src/cevt.cpp:19[m[K:
[2.297s] [01m[K/workspaces/CEVT/src/cevt/src/point_detect.hpp:279:37:[m[K [01;36m[Knote: [m[K  ‘[01m[Kcv::Point2f[m[K’ {aka ‘[01m[Kcv::Point_<float>[m[K’} is not derived from ‘[01m[Kconst cv::Point3_<_Tp>[m[K’
[2.297s]   279 |         if ((d - h).cross(rCenter - [01;36m[Kh[m[K) < 0)
[2.297s]       |                                     [01;36m[K^[m[K
[2.297s] In file included from [01m[K/usr/include/opencv4/opencv2/core/mat.hpp:52[m[K,
[2.297s]                  from [01m[K/workspaces/CEVT/src/install/include/hikcamera/image_capturer.hpp:11[m[K,
[2.297s]                  from [01m[K/workspaces/CEVT/src/cevt/src/cevt.cpp:9[m[K:
[2.297s] [01m[K/usr/include/opencv4/opencv2/core/types.hpp:1614:14:[m[K [01;36m[Knote: [m[Kcandidate: ‘[01m[Ktemplate<class _Tp> cv::Point3_<_Tp> cv::operator-(const cv::Point3_<_Tp>&)[m[K’
[2.297s]  1614 | Point3_<_Tp> [01;36m[Koperator[m[K - (const Point3_<_Tp>& a)
[2.297s]       |              [01;36m[K^~~~~~~~[m[K
[2.297s] [01m[K/usr/include/opencv4/opencv2/core/types.hpp:1614:14:[m[K [01;36m[Knote: [m[K  template argument deduction/substitution failed:
[2.297s] In file included from [01m[K/workspaces/CEVT/src/cevt/src/cevt.cpp:19[m[K:
[2.297s] [01m[K/workspaces/CEVT/src/cevt/src/point_detect.hpp:279:37:[m[K [01;36m[Knote: [m[K  ‘[01m[Kcv::Point2f[m[K’ {aka ‘[01m[Kcv::Point_<float>[m[K’} is not derived from ‘[01m[Kconst cv::Point3_<_Tp>[m[K’
[2.297s]   279 |         if ((d - h).cross(rCenter - [01;36m[Kh[m[K) < 0)
[2.297s]       |                                     [01;36m[K^[m[K
[2.297s] In file included from [01m[K/usr/include/opencv4/opencv2/core/mat.hpp:52[m[K,
[2.297s]                  from [01m[K/workspaces/CEVT/src/install/include/hikcamera/image_capturer.hpp:11[m[K,
[2.297s]                  from [01m[K/workspaces/CEVT/src/cevt/src/cevt.cpp:9[m[K:
[2.298s] [01m[K/usr/include/opencv4/opencv2/core/types.hpp:1815:12:[m[K [01;36m[Knote: [m[Kcandidate: ‘[01m[Ktemplate<class _Tp> cv::Size_<_Tp> cv::operator-(const cv::Size_<_Tp>&, const cv::Size_<_Tp>&)[m[K’
[2.298s]  1815 | Size_<_Tp> [01;36m[Koperator[m[K - (const Size_<_Tp>& a, const Size_<_Tp>& b)
[2.298s]       |            [01;36m[K^~~~~~~~[m[K
[2.298s] [01m[K/usr/include/opencv4/opencv2/core/types.hpp:1815:12:[m[K [01;36m[Knote: [m[K  template argument deduction/substitution failed:
[2.298s] In file included from [01m[K/workspaces/CEVT/src/cevt/src/cevt.cpp:19[m[K:
[2.298s] [01m[K/workspaces/CEVT/src/cevt/src/point_detect.hpp:279:37:[m[K [01;36m[Knote: [m[K  ‘[01m[Kcv::Point2f[m[K’ {aka ‘[01m[Kcv::Point_<float>[m[K’} is not derived from ‘[01m[Kconst cv::Size_<_Tp>[m[K’
[2.298s]   279 |         if ((d - h).cross(rCenter - [01;36m[Kh[m[K) < 0)
[2.298s]       |                                     [01;36m[K^[m[K
[2.298s] In file included from [01m[K/usr/include/opencv4/opencv2/core/mat.hpp:52[m[K,
[2.298s]                  from [01m[K/workspaces/CEVT/src/install/include/hikcamera/image_capturer.hpp:11[m[K,
[2.298s]                  from [01m[K/workspaces/CEVT/src/cevt/src/cevt.cpp:9[m[K:
[2.298s] [01m[K/usr/include/opencv4/opencv2/core/types.hpp:2018:12:[m[K [01;36m[Knote: [m[Kcandidate: ‘[01m[Ktemplate<class _Tp> cv::Rect_<_Tp> cv::operator-(const cv::Rect_<_Tp>&, const cv::Point_<_Tp>&)[m[K’
[2.298s]  2018 | Rect_<_Tp> [01;36m[Koperator[m[K - (const Rect_<_Tp>& a, const Point_<_Tp>& b)
[2.298s]       |            [01;36m[K^~~~~~~~[m[K
[2.298s] [01m[K/usr/include/opencv4/opencv2/core/types.hpp:2018:12:[m[K [01;36m[Knote: [m[K  template argument deduction/substitution failed:
[2.298s] In file included from [01m[K/workspaces/CEVT/src/cevt/src/cevt.cpp:19[m[K:
[2.298s] [01m[K/workspaces/CEVT/src/cevt/src/point_detect.hpp:279:37:[m[K [01;36m[Knote: [m[K  ‘[01m[Kcv::Point2f[m[K’ {aka ‘[01m[Kcv::Point_<float>[m[K’} is not derived from ‘[01m[Kconst cv::Rect_<_Tp>[m[K’
[2.298s]   279 |         if ((d - h).cross(rCenter - [01;36m[Kh[m[K) < 0)
[2.298s]       |                                     [01;36m[K^[m[K
[2.298s] In file included from [01m[K/usr/include/opencv4/opencv2/core/mat.hpp:52[m[K,
[2.298s]                  from [01m[K/workspaces/CEVT/src/install/include/hikcamera/image_capturer.hpp:11[m[K,
[2.298s]                  from [01m[K/workspaces/CEVT/src/cevt/src/cevt.cpp:9[m[K:
[2.298s] [01m[K/usr/include/opencv4/opencv2/core/types.hpp:2030:12:[m[K [01;36m[Knote: [m[Kcandidate: ‘[01m[Ktemplate<class _Tp> cv::Rect_<_Tp> cv::operator-(const cv::Rect_<_Tp>&, const cv::Size_<_Tp>&)[m[K’
[2.298s]  2030 | Rect_<_Tp> [01;36m[Koperator[m[K - (const Rect_<_Tp>& a, const Size_<_Tp>& b)
[2.298s]       |            [01;36m[K^~~~~~~~[m[K
[2.298s] [01m[K/usr/include/opencv4/opencv2/core/types.hpp:2030:12:[m[K [01;36m[Knote: [m[K  template argument deduction/substitution failed:
[2.298s] In file included from [01m[K/workspaces/CEVT/src/cevt/src/cevt.cpp:19[m[K:
[2.298s] [01m[K/workspaces/CEVT/src/cevt/src/point_detect.hpp:279:37:[m[K [01;36m[Knote: [m[K  ‘[01m[Kcv::Point2f[m[K’ {aka ‘[01m[Kcv::Point_<float>[m[K’} is not derived from ‘[01m[Kconst cv::Rect_<_Tp>[m[K’
[2.298s]   279 |         if ((d - h).cross(rCenter - [01;36m[Kh[m[K) < 0)
[2.298s]       |                                     [01;36m[K^[m[K
[2.298s] In file included from [01m[K/usr/include/opencv4/opencv2/core/mat.hpp:52[m[K,
[2.298s]                  from [01m[K/workspaces/CEVT/src/install/include/hikcamera/image_capturer.hpp:11[m[K,
[2.298s]                  from [01m[K/workspaces/CEVT/src/cevt/src/cevt.cpp:9[m[K:
[2.298s] [01m[K/usr/include/opencv4/opencv2/core/types.hpp:2325:14:[m[K [01;36m[Knote: [m[Kcandidate: ‘[01m[Ktemplate<class _Tp> cv::Scalar_<_Tp> cv::operator-(const cv::Scalar_<_Tp>&, const cv::Scalar_<_Tp>&)[m[K’
[2.298s]  2325 | Scalar_<_Tp> [01;36m[Koperator[m[K - (const Scalar_<_Tp>& a, const Scalar_<_Tp>& b)
[2.298s]       |              [01;36m[K^~~~~~~~[m[K
[2.298s] [01m[K/usr/include/opencv4/opencv2/core/types.hpp:2325:14:[m[K [01;36m[Knote: [m[K  template argument deduction/substitution failed:
[2.298s] In file included from [01m[K/workspaces/CEVT/src/cevt/src/cevt.cpp:19[m[K:
[2.298s] [01m[K/workspaces/CEVT/src/cevt/src/point_detect.hpp:279:37:[m[K [01;36m[Knote: [m[K  ‘[01m[Kcv::Point2f[m[K’ {aka ‘[01m[Kcv::Point_<float>[m[K’} is not derived from ‘[01m[Kconst cv::Scalar_<_Tp>[m[K’
[2.298s]   279 |         if ((d - h).cross(rCenter - [01;36m[Kh[m[K) < 0)
[2.298s]       |                                     [01;36m[K^[m[K
[2.298s] In file included from [01m[K/usr/include/opencv4/opencv2/core/mat.hpp:52[m[K,
[2.298s]                  from [01m[K/workspaces/CEVT/src/install/include/hikcamera/image_capturer.hpp:11[m[K,
[2.298s]                  from [01m[K/workspaces/CEVT/src/cevt/src/cevt.cpp:9[m[K:
[2.298s] [01m[K/usr/include/opencv4/opencv2/core/types.hpp:2349:14:[m[K [01;36m[Knote: [m[Kcandidate: ‘[01m[Ktemplate<class _Tp> cv::Scalar_<_Tp> cv::operator-(const cv::Scalar_<_Tp>&)[m[K’
[2.299s]  2349 | Scalar_<_Tp> [01;36m[Koperator[m[K - (const Scalar_<_Tp>& a)
[2.299s]       |              [01;36m[K^~~~~~~~[m[K
[2.299s] [01m[K/usr/include/opencv4/opencv2/core/types.hpp:2349:14:[m[K [01;36m[Knote: [m[K  template argument deduction/substitution failed:
[2.299s] In file included from [01m[K/workspaces/CEVT/src/cevt/src/cevt.cpp:19[m[K:
[2.299s] [01m[K/workspaces/CEVT/src/cevt/src/point_detect.hpp:279:37:[m[K [01;36m[Knote: [m[K  ‘[01m[Kcv::Point2f[m[K’ {aka ‘[01m[Kcv::Point_<float>[m[K’} is not derived from ‘[01m[Kconst cv::Scalar_<_Tp>[m[K’
[2.299s]   279 |         if ((d - h).cross(rCenter - [01;36m[Kh[m[K) < 0)
[2.299s]       |                                     [01;36m[K^[m[K
[2.299s] In file included from [01m[K/workspaces/CEVT/src/install/include/hikcamera/image_capturer.hpp:11[m[K,
[2.299s]                  from [01m[K/workspaces/CEVT/src/cevt/src/cevt.cpp:9[m[K:
[2.299s] [01m[K/usr/include/opencv4/opencv2/core/mat.hpp:3619:9:[m[K [01;36m[Knote: [m[Kcandidate: ‘[01m[Ktemplate<class _Tp, int m, int n> cv::MatExpr cv::operator-(const cv::Mat&, const cv::Matx<_Tp, m, n>&)[m[K’
[2.299s]  3619 | MatExpr [01;36m[Koperator[m[K - (const Mat& a, const Matx<_Tp, m, n>& b) { return a - Mat(b); }
[2.299s]       |         [01;36m[K^~~~~~~~[m[K
[2.299s] [01m[K/usr/include/opencv4/opencv2/core/mat.hpp:3619:9:[m[K [01;36m[Knote: [m[K  template argument deduction/substitution failed:
[2.299s] In file included from [01m[K/workspaces/CEVT/src/cevt/src/cevt.cpp:19[m[K:
[2.299s] [01m[K/workspaces/CEVT/src/cevt/src/point_detect.hpp:279:37:[m[K [01;36m[Knote: [m[K  ‘[01m[Kcv::Point_<double>[m[K’ is not derived from ‘[01m[Kconst cv::Matx<_Tp, m, n>[m[K’
[2.299s]   279 |         if ((d - h).cross(rCenter - [01;36m[Kh[m[K) < 0)
[2.299s]       |                                     [01;36m[K^[m[K
[2.299s] In file included from [01m[K/workspaces/CEVT/src/install/include/hikcamera/image_capturer.hpp:11[m[K,
[2.299s]                  from [01m[K/workspaces/CEVT/src/cevt/src/cevt.cpp:9[m[K:
[2.299s] [01m[K/usr/include/opencv4/opencv2/core/mat.hpp:3621:9:[m[K [01;36m[Knote: [m[Kcandidate: ‘[01m[Ktemplate<class _Tp, int m, int n> cv::MatExpr cv::operator-(const cv::Matx<_Tp, m, n>&, const cv::Mat&)[m[K’
[2.299s]  3621 | MatExpr [01;36m[Koperator[m[K - (const Matx<_Tp, m, n>& a, const Mat& b) { return Mat(a) - b; }
[2.299s]       |         [01;36m[K^~~~~~~~[m[K
[2.299s] [01m[K/usr/include/opencv4/opencv2/core/mat.hpp:3621:9:[m[K [01;36m[Knote: [m[K  template argument deduction/substitution failed:
[2.299s] In file included from [01m[K/workspaces/CEVT/src/cevt/src/cevt.cpp:19[m[K:
[2.299s] [01m[K/workspaces/CEVT/src/cevt/src/point_detect.hpp:279:37:[m[K [01;36m[Knote: [m[K  ‘[01m[Kcv::Point2f[m[K’ {aka ‘[01m[Kcv::Point_<float>[m[K’} is not derived from ‘[01m[Kconst cv::Matx<_Tp, m, n>[m[K’
[2.299s]   279 |         if ((d - h).cross(rCenter - [01;36m[Kh[m[K) < 0)
[2.299s]       |                                     [01;36m[K^[m[K
[2.299s] In file included from [01m[K/usr/include/opencv4/opencv2/core/mat.hpp:3764[m[K,
[2.299s]                  from [01m[K/workspaces/CEVT/src/install/include/hikcamera/image_capturer.hpp:11[m[K,
[2.299s]                  from [01m[K/workspaces/CEVT/src/cevt/src/cevt.cpp:9[m[K:
[2.299s] [01m[K/usr/include/opencv4/opencv2/core/mat.inl.hpp:2601:24:[m[K [01;36m[Knote: [m[Kcandidate: ‘[01m[Ktemplate<class _Tp> cv::MatConstIterator_<_Tp> cv::operator-(const cv::MatConstIterator_<_Tp>&, ptrdiff_t)[m[K’
[2.299s]  2601 | MatConstIterator_<_Tp> [01;36m[Koperator[m[K - (const MatConstIterator_<_Tp>& a, ptrdiff_t ofs)
[2.299s]       |                        [01;36m[K^~~~~~~~[m[K
[2.299s] [01m[K/usr/include/opencv4/opencv2/core/mat.inl.hpp:2601:24:[m[K [01;36m[Knote: [m[K  template argument deduction/substitution failed:
[2.299s] In file included from [01m[K/workspaces/CEVT/src/cevt/src/cevt.cpp:19[m[K:
[2.299s] [01m[K/workspaces/CEVT/src/cevt/src/point_detect.hpp:279:37:[m[K [01;36m[Knote: [m[K  ‘[01m[Kcv::Point2f[m[K’ {aka ‘[01m[Kcv::Point_<float>[m[K’} is not derived from ‘[01m[Kconst cv::MatConstIterator_<_Tp>[m[K’
[2.299s]   279 |         if ((d - h).cross(rCenter - [01;36m[Kh[m[K) < 0)
[2.299s]       |                                     [01;36m[K^[m[K
[2.299s] In file included from [01m[K/usr/include/opencv4/opencv2/core/mat.hpp:3764[m[K,
[2.299s]                  from [01m[K/workspaces/CEVT/src/install/include/hikcamera/image_capturer.hpp:11[m[K,
[2.299s]                  from [01m[K/workspaces/CEVT/src/cevt/src/cevt.cpp:9[m[K:
[2.299s] [01m[K/usr/include/opencv4/opencv2/core/mat.inl.hpp:2738:19:[m[K [01;36m[Knote: [m[Kcandidate: ‘[01m[Ktemplate<class _Tp> cv::MatIterator_<_Tp> cv::operator-(const cv::MatIterator_<_Tp>&, ptrdiff_t)[m[K’
[2.299s]  2738 | MatIterator_<_Tp> [01;36m[Koperator[m[K - (const MatIterator_<_Tp>& a, ptrdiff_t ofs)
[2.299s]       |                   [01;36m[K^~~~~~~~[m[K
[2.299s] [01m[K/usr/include/opencv4/opencv2/core/mat.inl.hpp:2738:19:[m[K [01;36m[Knote: [m[K  template argument deduction/substitution failed:
[2.300s] In file included from [01m[K/workspaces/CEVT/src/cevt/src/cevt.cpp:19[m[K:
[2.300s] [01m[K/workspaces/CEVT/src/cevt/src/point_detect.hpp:279:37:[m[K [01;36m[Knote: [m[K  ‘[01m[Kcv::Point2f[m[K’ {aka ‘[01m[Kcv::Point_<float>[m[K’} is not derived from ‘[01m[Kconst cv::MatIterator_<_Tp>[m[K’
[2.300s]   279 |         if ((d - h).cross(rCenter - [01;36m[Kh[m[K) < 0)
[2.300s]       |                                     [01;36m[K^[m[K
[2.300s] In file included from [01m[K/usr/include/opencv4/opencv2/core/quaternion.hpp:1694[m[K,
[2.300s]                  from [01m[K/workspaces/CEVT/src/cevt/src/point_detect.hpp:22[m[K,
[2.300s]                  from [01m[K/workspaces/CEVT/src/cevt/src/cevt.cpp:19[m[K:
[2.300s] [01m[K/usr/include/opencv4/opencv2/core/quaternion.inl.hpp:164:16:[m[K [01;36m[Knote: [m[Kcandidate: ‘[01m[Ktemplate<class T> cv::Quat<_Tp> cv::operator-(T, const cv::Quat<_Tp>&)[m[K’
[2.300s]   164 | inline Quat<T> [01;36m[Koperator[m[K-(const T a, const Quat<T>& q)
[2.300s]       |                [01;36m[K^~~~~~~~[m[K
[2.300s] [01m[K/usr/include/opencv4/opencv2/core/quaternion.inl.hpp:164:16:[m[K [01;36m[Knote: [m[K  template argument deduction/substitution failed:
[2.300s] In file included from [01m[K/workspaces/CEVT/src/cevt/src/cevt.cpp:19[m[K:
[2.300s] [01m[K/workspaces/CEVT/src/cevt/src/point_detect.hpp:279:37:[m[K [01;36m[Knote: [m[K  ‘[01m[Kcv::Point_<double>[m[K’ is not derived from ‘[01m[Kconst cv::Quat<_Tp>[m[K’
[2.300s]   279 |         if ((d - h).cross(rCenter - [01;36m[Kh[m[K) < 0)
[2.300s]       |                                     [01;36m[K^[m[K
[2.300s] In file included from [01m[K/usr/include/opencv4/opencv2/core/quaternion.hpp:1694[m[K,
[2.300s]                  from [01m[K/workspaces/CEVT/src/cevt/src/point_detect.hpp:22[m[K,
[2.300s]                  from [01m[K/workspaces/CEVT/src/cevt/src/cevt.cpp:19[m[K:
[2.300s] [01m[K/usr/include/opencv4/opencv2/core/quaternion.inl.hpp:170:16:[m[K [01;36m[Knote: [m[Kcandidate: ‘[01m[Ktemplate<class T> cv::Quat<_Tp> cv::operator-(const cv::Quat<_Tp>&, T)[m[K’
[2.300s]   170 | inline Quat<T> [01;36m[Koperator[m[K-(const Quat<T>& q, const T a)
[2.300s]       |                [01;36m[K^~~~~~~~[m[K
[2.300s] [01m[K/usr/include/opencv4/opencv2/core/quaternion.inl.hpp:170:16:[m[K [01;36m[Knote: [m[K  template argument deduction/substitution failed:
[2.300s] In file included from [01m[K/workspaces/CEVT/src/cevt/src/cevt.cpp:19[m[K:
[2.300s] [01m[K/workspaces/CEVT/src/cevt/src/point_detect.hpp:279:37:[m[K [01;36m[Knote: [m[K  ‘[01m[Kcv::Point2f[m[K’ {aka ‘[01m[Kcv::Point_<float>[m[K’} is not derived from ‘[01m[Kconst cv::Quat<_Tp>[m[K’
[2.300s]   279 |         if ((d - h).cross(rCenter - [01;36m[Kh[m[K) < 0)
[2.300s]       |                                     [01;36m[K^[m[K
[2.300s] In file included from [01m[K/usr/include/opencv4/opencv2/core/mat.hpp:52[m[K,
[2.300s]                  from [01m[K/workspaces/CEVT/src/install/include/hikcamera/image_capturer.hpp:11[m[K,
[2.300s]                  from [01m[K/workspaces/CEVT/src/cevt/src/cevt.cpp:9[m[K:
[2.300s] [01m[K/usr/include/opencv4/opencv2/core/types.hpp:2158:7:[m[K [01;36m[Knote: [m[Kcandidate: ‘[01m[Kcv::Range cv::operator-(const cv::Range&, int)[m[K’
[2.300s]  2158 | Range [01;36m[Koperator[m[K - (const Range& r1, int delta)
[2.300s]       |       [01;36m[K^~~~~~~~[m[K
[2.300s] [01m[K/usr/include/opencv4/opencv2/core/types.hpp:2158:32:[m[K [01;36m[Knote: [m[K  no known conversion for argument 1 from ‘[01m[Kcv::Point2f[m[K’ {aka ‘[01m[Kcv::Point_<float>[m[K’} to ‘[01m[Kconst cv::Range&[m[K’
[2.300s]  2158 | Range operator - ([01;36m[Kconst Range& r1[m[K, int delta)
[2.300s]       |                   [01;36m[K~~~~~~~~~~~~~^~[m[K
[2.300s] In file included from [01m[K/workspaces/CEVT/src/install/include/hikcamera/image_capturer.hpp:11[m[K,
[2.300s]                  from [01m[K/workspaces/CEVT/src/cevt/src/cevt.cpp:9[m[K:
[2.300s] [01m[K/usr/include/opencv4/opencv2/core/mat.hpp:3610:20:[m[K [01;36m[Knote: [m[Kcandidate: ‘[01m[Kcv::MatExpr cv::operator-(const cv::Mat&, const cv::Mat&)[m[K’
[2.300s]  3610 | CV_EXPORTS MatExpr [01;36m[Koperator[m[K - (const Mat& a, const Mat& b);
[2.300s]       |                    [01;36m[K^~~~~~~~[m[K
[2.300s] [01m[K/usr/include/opencv4/opencv2/core/mat.hpp:3610:43:[m[K [01;36m[Knote: [m[K  no known conversion for argument 1 from ‘[01m[Kcv::Point2f[m[K’ {aka ‘[01m[Kcv::Point_<float>[m[K’} to ‘[01m[Kconst cv::Mat&[m[K’
[2.300s]  3610 | CV_EXPORTS MatExpr operator - ([01;36m[Kconst Mat& a[m[K, const Mat& b);
[2.300s]       |                                [01;36m[K~~~~~~~~~~~^[m[K
[2.300s] [01m[K/usr/include/opencv4/opencv2/core/mat.hpp:3611:20:[m[K [01;36m[Knote: [m[Kcandidate: ‘[01m[Kcv::MatExpr cv::operator-(const cv::Mat&, const Scalar&)[m[K’
[2.301s]  3611 | CV_EXPORTS MatExpr [01;36m[Koperator[m[K - (const Mat& a, const Scalar& s);
[2.301s]       |                    [01;36m[K^~~~~~~~[m[K
[2.301s] [01m[K/usr/include/opencv4/opencv2/core/mat.hpp:3611:43:[m[K [01;36m[Knote: [m[K  no known conversion for argument 1 from ‘[01m[Kcv::Point2f[m[K’ {aka ‘[01m[Kcv::Point_<float>[m[K’} to ‘[01m[Kconst cv::Mat&[m[K’
[2.301s]  3611 | CV_EXPORTS MatExpr operator - ([01;36m[Kconst Mat& a[m[K, const Scalar& s);
[2.301s]       |                                [01;36m[K~~~~~~~~~~~^[m[K
[2.301s] [01m[K/usr/include/opencv4/opencv2/core/mat.hpp:3612:20:[m[K [01;36m[Knote: [m[Kcandidate: ‘[01m[Kcv::MatExpr cv::operator-(const Scalar&, const cv::Mat&)[m[K’
[2.301s]  3612 | CV_EXPORTS MatExpr [01;36m[Koperator[m[K - (const Scalar& s, const Mat& a);
[2.301s]       |                    [01;36m[K^~~~~~~~[m[K
[2.301s] [01m[K/usr/include/opencv4/opencv2/core/mat.hpp:3612:46:[m[K [01;36m[Knote: [m[K  no known conversion for argument 1 from ‘[01m[Kcv::Point2f[m[K’ {aka ‘[01m[Kcv::Point_<float>[m[K’} to ‘[01m[Kconst Scalar&[m[K’ {aka ‘[01m[Kconst cv::Scalar_<double>&[m[K’}
[2.301s]  3612 | CV_EXPORTS MatExpr operator - ([01;36m[Kconst Scalar& s[m[K, const Mat& a);
[2.301s]       |                                [01;36m[K~~~~~~~~~~~~~~^[m[K
[2.301s] [01m[K/usr/include/opencv4/opencv2/core/mat.hpp:3613:20:[m[K [01;36m[Knote: [m[Kcandidate: ‘[01m[Kcv::MatExpr cv::operator-(const cv::MatExpr&, const cv::Mat&)[m[K’
[2.301s]  3613 | CV_EXPORTS MatExpr [01;36m[Koperator[m[K - (const MatExpr& e, const Mat& m);
[2.301s]       |                    [01;36m[K^~~~~~~~[m[K
[2.301s] [01m[K/usr/include/opencv4/opencv2/core/mat.hpp:3613:47:[m[K [01;36m[Knote: [m[K  no known conversion for argument 1 from ‘[01m[Kcv::Point2f[m[K’ {aka ‘[01m[Kcv::Point_<float>[m[K’} to ‘[01m[Kconst cv::MatExpr&[m[K’
[2.301s]  3613 | CV_EXPORTS MatExpr operator - ([01;36m[Kconst MatExpr& e[m[K, const Mat& m);
[2.301s]       |                                [01;36m[K~~~~~~~~~~~~~~~^[m[K
[2.301s] [01m[K/usr/include/opencv4/opencv2/core/mat.hpp:3614:20:[m[K [01;36m[Knote: [m[Kcandidate: ‘[01m[Kcv::MatExpr cv::operator-(const cv::Mat&, const cv::MatExpr&)[m[K’
[2.301s]  3614 | CV_EXPORTS MatExpr [01;36m[Koperator[m[K - (const Mat& m, const MatExpr& e);
[2.301s]       |                    [01;36m[K^~~~~~~~[m[K
[2.301s] [01m[K/usr/include/opencv4/opencv2/core/mat.hpp:3614:43:[m[K [01;36m[Knote: [m[K  no known conversion for argument 1 from ‘[01m[Kcv::Point2f[m[K’ {aka ‘[01m[Kcv::Point_<float>[m[K’} to ‘[01m[Kconst cv::Mat&[m[K’
[2.301s]  3614 | CV_EXPORTS MatExpr operator - ([01;36m[Kconst Mat& m[m[K, const MatExpr& e);
[2.301s]       |                                [01;36m[K~~~~~~~~~~~^[m[K
[2.301s] [01m[K/usr/include/opencv4/opencv2/core/mat.hpp:3615:20:[m[K [01;36m[Knote: [m[Kcandidate: ‘[01m[Kcv::MatExpr cv::operator-(const cv::MatExpr&, const Scalar&)[m[K’
[2.301s]  3615 | CV_EXPORTS MatExpr [01;36m[Koperator[m[K - (const MatExpr& e, const Scalar& s);
[2.301s]       |                    [01;36m[K^~~~~~~~[m[K
[2.301s] [01m[K/usr/include/opencv4/opencv2/core/mat.hpp:3615:47:[m[K [01;36m[Knote: [m[K  no known conversion for argument 1 from ‘[01m[Kcv::Point2f[m[K’ {aka ‘[01m[Kcv::Point_<float>[m[K’} to ‘[01m[Kconst cv::MatExpr&[m[K’
[2.301s]  3615 | CV_EXPORTS MatExpr operator - ([01;36m[Kconst MatExpr& e[m[K, const Scalar& s);
[2.301s]       |                                [01;36m[K~~~~~~~~~~~~~~~^[m[K
[2.301s] [01m[K/usr/include/opencv4/opencv2/core/mat.hpp:3616:20:[m[K [01;36m[Knote: [m[Kcandidate: ‘[01m[Kcv::MatExpr cv::operator-(const Scalar&, const cv::MatExpr&)[m[K’
[2.301s]  3616 | CV_EXPORTS MatExpr [01;36m[Koperator[m[K - (const Scalar& s, const MatExpr& e);
[2.301s]       |                    [01;36m[K^~~~~~~~[m[K
[2.301s] [01m[K/usr/include/opencv4/opencv2/core/mat.hpp:3616:46:[m[K [01;36m[Knote: [m[K  no known conversion for argument 1 from ‘[01m[Kcv::Point2f[m[K’ {aka ‘[01m[Kcv::Point_<float>[m[K’} to ‘[01m[Kconst Scalar&[m[K’ {aka ‘[01m[Kconst cv::Scalar_<double>&[m[K’}
[2.301s]  3616 | CV_EXPORTS MatExpr operator - ([01;36m[Kconst Scalar& s[m[K, const MatExpr& e);
[2.301s]       |                                [01;36m[K~~~~~~~~~~~~~~^[m[K
[2.301s] [01m[K/usr/include/opencv4/opencv2/core/mat.hpp:3617:20:[m[K [01;36m[Knote: [m[Kcandidate: ‘[01m[Kcv::MatExpr cv::operator-(const cv::MatExpr&, const cv::MatExpr&)[m[K’
[2.301s]  3617 | CV_EXPORTS MatExpr [01;36m[Koperator[m[K - (const MatExpr& e1, const MatExpr& e2);
[2.301s]       |                    [01;36m[K^~~~~~~~[m[K
[2.301s] [01m[K/usr/include/opencv4/opencv2/core/mat.hpp:3617:47:[m[K [01;36m[Knote: [m[K  no known conversion for argument 1 from ‘[01m[Kcv::Point2f[m[K’ {aka ‘[01m[Kcv::Point_<float>[m[K’} to ‘[01m[Kconst cv::MatExpr&[m[K’
[2.301s]  3617 | CV_EXPORTS MatExpr operator - ([01;36m[Kconst MatExpr& e1[m[K, const MatExpr& e2);
[2.301s]       |                                [01;36m[K~~~~~~~~~~~~~~~^~[m[K
[2.301s] [01m[K/usr/include/opencv4/opencv2/core/mat.hpp:3623:20:[m[K [01;36m[Knote: [m[Kcandidate: ‘[01m[Kcv::MatExpr cv::operator-(const cv::Mat&)[m[K’
[2.301s]  3623 | CV_EXPORTS MatExpr [01;36m[Koperator[m[K - (const Mat& m);
[2.301s]       |                    [01;36m[K^~~~~~~~[m[K
[2.301s] [01m[K/usr/include/opencv4/opencv2/core/mat.hpp:3623:20:[m[K [01;36m[Knote: [m[K  candidate expects 1 argument, 2 provided
[2.302s] [01m[K/usr/include/opencv4/opencv2/core/mat.hpp:3624:20:[m[K [01;36m[Knote: [m[Kcandidate: ‘[01m[Kcv::MatExpr cv::operator-(const cv::MatExpr&)[m[K’
[2.302s]  3624 | CV_EXPORTS MatExpr [01;36m[Koperator[m[K - (const MatExpr& e);
[2.302s]       |                    [01;36m[K^~~~~~~~[m[K
[2.302s] [01m[K/usr/include/opencv4/opencv2/core/mat.hpp:3624:20:[m[K [01;36m[Knote: [m[K  candidate expects 1 argument, 2 provided
[2.302s] In file included from [01m[K/usr/include/opencv4/opencv2/core/mat.hpp:3764[m[K,
[2.302s]                  from [01m[K/workspaces/CEVT/src/install/include/hikcamera/image_capturer.hpp:11[m[K,
[2.302s]                  from [01m[K/workspaces/CEVT/src/cevt/src/cevt.cpp:9[m[K:
[2.302s] [01m[K/usr/include/opencv4/opencv2/core/mat.inl.hpp:2428:11:[m[K [01;36m[Knote: [m[Kcandidate: ‘[01m[Kptrdiff_t cv::operator-(const cv::MatConstIterator&, const cv::MatConstIterator&)[m[K’
[2.302s]  2428 | ptrdiff_t [01;36m[Koperator[m[K - (const MatConstIterator& b, const MatConstIterator& a)
[2.302s]       |           [01;36m[K^~~~~~~~[m[K
[2.302s] [01m[K/usr/include/opencv4/opencv2/core/mat.inl.hpp:2428:47:[m[K [01;36m[Knote: [m[K  no known conversion for argument 1 from ‘[01m[Kcv::Point2f[m[K’ {aka ‘[01m[Kcv::Point_<float>[m[K’} to ‘[01m[Kconst cv::MatConstIterator&[m[K’
[2.302s]  2428 | ptrdiff_t operator - ([01;36m[Kconst MatConstIterator& b[m[K, const MatConstIterator& a)
[2.302s]       |                       [01;36m[K~~~~~~~~~~~~~~~~~~~~~~~~^[m[K
[2.302s] [01m[K/usr/include/opencv4/opencv2/core/mat.inl.hpp:2453:18:[m[K [01;36m[Knote: [m[Kcandidate: ‘[01m[Kcv::MatConstIterator cv::operator-(const cv::MatConstIterator&, ptrdiff_t)[m[K’
[2.302s]  2453 | MatConstIterator [01;36m[Koperator[m[K - (const MatConstIterator& a, ptrdiff_t ofs)
[2.302s]       |                  [01;36m[K^~~~~~~~[m[K
[2.302s] [01m[K/usr/include/opencv4/opencv2/core/mat.inl.hpp:2453:54:[m[K [01;36m[Knote: [m[K  no known conversion for argument 1 from ‘[01m[Kcv::Point2f[m[K’ {aka ‘[01m[Kcv::Point_<float>[m[K’} to ‘[01m[Kconst cv::MatConstIterator&[m[K’
[2.302s]  2453 | MatConstIterator operator - ([01;36m[Kconst MatConstIterator& a[m[K, ptrdiff_t ofs)
[2.302s]       |                              [01;36m[K~~~~~~~~~~~~~~~~~~~~~~~~^[m[K
[2.302s] In file included from [01m[K/usr/include/opencv4/opencv2/core.hpp:59[m[K,
[2.302s]                  from [01m[K/workspaces/CEVT/src/cevt/src/point_detect.hpp:16[m[K,
[2.302s]                  from [01m[K/workspaces/CEVT/src/cevt/src/cevt.cpp:19[m[K:
[2.302s] [01m[K/usr/include/opencv4/opencv2/core/persistence.hpp:1335:11:[m[K [01;36m[Knote: [m[Kcandidate: ‘[01m[Kptrdiff_t cv::operator-(const cv::FileNodeIterator&, const cv::FileNodeIterator&)[m[K’
[2.302s]  1335 | ptrdiff_t [01;36m[Koperator[m[K - (const FileNodeIterator& it1, const FileNodeIterator& it2)
[2.302s]       |           [01;36m[K^~~~~~~~[m[K
[2.302s] [01m[K/usr/include/opencv4/opencv2/core/persistence.hpp:1335:47:[m[K [01;36m[Knote: [m[K  no known conversion for argument 1 from ‘[01m[Kcv::Point2f[m[K’ {aka ‘[01m[Kcv::Point_<float>[m[K’} to ‘[01m[Kconst cv::FileNodeIterator&[m[K’
[2.302s]  1335 | ptrdiff_t operator - ([01;36m[Kconst FileNodeIterator& it1[m[K, const FileNodeIterator& it2)
[2.302s]       |                       [01;36m[K~~~~~~~~~~~~~~~~~~~~~~~~^~~[m[K
[2.302s] In file included from [01m[K/workspaces/CEVT/src/cevt/src/cevt.cpp:19[m[K:
[2.302s] [01m[K/workspaces/CEVT/src/cevt/src/point_detect.hpp:237:9:[m[K [01;35m[Kwarning: [m[Kunused variable ‘[01m[Ksign[m[K’ [[01;35m[K]8;;https://gcc.gnu.org/onlinedocs/gcc/Warning-Options.html#index-Wunused-variable-Wunused-variable]8;;[m[K]
[2.302s]   237 |     int [01;35m[Ksign[m[K;
[2.302s]       |         [01;35m[K^~~~[m[K
[2.336s] gmake[2]: *** [CMakeFiles/cevt.dir/build.make:76: CMakeFiles/cevt.dir/src/cevt.cpp.o] Interrupt
[2.337s] gmake[1]: *** [CMakeFiles/Makefile2:137: CMakeFiles/cevt.dir/all] Interrupt
[2.337s] gmake: *** [Makefile:146: all] Interrupt
[2.352s] Invoked command in '/workspaces/CEVT/src/build/cevt' returned '-2': CMAKE_PREFIX_PATH=${CMAKE_PREFIX_PATH}:/opt/ros/humble /usr/bin/cmake --build /workspaces/CEVT/src/build/cevt -- -j20 -l20
