[0.016s] Invoking command in '/workspaces/CEVT/src/build/cevt': AMENT_PREFIX_PATH=/workspaces/CEVT/src/install:${AMENT_PREFIX_PATH} CMAKE_PREFIX_PATH=/workspaces/CEVT/src/install:/opt/ros/humble LD_LIBRARY_PATH=/workspaces/CEVT/src/install/lib:${LD_LIBRARY_PATH} /usr/bin/cmake /workspaces/CEVT/src/cevt -DCMAKE_INSTALL_PREFIX=/workspaces/CEVT/src/install
[0.046s] -- The C compiler identification is GNU 11.4.0
[0.077s] -- The CXX compiler identification is GNU 11.4.0
[0.081s] -- Detecting C compiler ABI info
[0.127s] -- Detecting C compiler ABI info - done
[0.131s] -- Check for working C compiler: /usr/bin/cc - skipped
[0.131s] -- Detecting C compile features
[0.131s] -- Detecting C compile features - done
[0.133s] -- Detecting CXX compiler ABI info
[0.177s] -- Detecting CXX compiler ABI info - done
[0.182s] -- Check for working CXX compiler: /usr/bin/c++ - skipped
[0.182s] -- Detecting CXX compile features
[0.182s] -- Detecting CXX compile features - done
[0.183s] -- Found ament_cmake_auto: 1.3.8 (/opt/ros/humble/share/ament_cmake_auto/cmake)
[0.254s] -- Found Python3: /usr/bin/python3 (found version "3.10.12") found components: Interpreter 
[0.355s] -- Found rosidl_generator_c: 3.1.5 (/opt/ros/humble/share/rosidl_generator_c/cmake)
[0.358s] -- Found rosidl_adapter: 3.1.5 (/opt/ros/humble/share/rosidl_adapter/cmake)
[0.362s] -- Found rosidl_generator_cpp: 3.1.5 (/opt/ros/humble/share/rosidl_generator_cpp/cmake)
[0.369s] -- Using all available rosidl_typesupport_c: rosidl_typesupport_fastrtps_c;rosidl_typesupport_introspection_c
[0.381s] -- Using all available rosidl_typesupport_cpp: rosidl_typesupport_fastrtps_cpp;rosidl_typesupport_introspection_cpp
[0.421s] -- Found rmw_implementation_cmake: 6.1.1 (/opt/ros/humble/share/rmw_implementation_cmake/cmake)
[0.422s] -- Found rmw_fastrtps_cpp: 6.2.6 (/opt/ros/humble/share/rmw_fastrtps_cpp/cmake)
[0.474s] -- Found OpenSSL: /usr/lib/x86_64-linux-gnu/libcrypto.so (found version "3.0.2")  
[0.488s] -- Found FastRTPS: /opt/ros/humble/include  
[0.513s] -- Using RMW implementation 'rmw_fastrtps_cpp' as default
[0.518s] -- Looking for pthread.h
[0.559s] -- Looking for pthread.h - found
[0.559s] -- Performing Test CMAKE_HAVE_LIBC_PTHREAD
[0.607s] -- Performing Test CMAKE_HAVE_LIBC_PTHREAD - Success
[0.608s] -- Found Threads: TRUE  
[0.866s] -- Found OpenCV: /usr (found suitable version "4.5.4", minimum required is "4.5") 
[0.870s] -- Configuring done
[0.872s] [31mCMake Error at /opt/ros/humble/share/ament_cmake_auto/cmake/ament_auto_add_executable.cmake:66 (add_executable):
[0.872s]   Cannot find source file:
[0.872s] 
[0.872s]     src/engineer_viusal_exchange.cpp
[0.872s] 
[0.872s]   Tried extensions .c .C .c++ .cc .cpp .cxx .cu .mpp .m .M .mm .ixx .cppm .h
[0.872s]   .hh .h++ .hm .hpp .hxx .in .txx .f .F .for .f77 .f90 .f95 .f03 .hip .ispc
[0.872s] Call Stack (most recent call first):
[0.872s]   CMakeLists.txt:30 (ament_auto_add_executable)
[0.872s] 
[0.872s] [0m
[0.873s] [31mCMake Error at /opt/ros/humble/share/ament_cmake_auto/cmake/ament_auto_add_executable.cmake:66 (add_executable):
[0.873s]   No SOURCES given to target: cevt
[0.873s] Call Stack (most recent call first):
[0.873s]   CMakeLists.txt:30 (ament_auto_add_executable)
[0.873s] 
[0.873s] [0m
[0.874s] [0mCMake Generate step failed.  Build files cannot be regenerated correctly.[0m
[0.879s] Invoked command in '/workspaces/CEVT/src/build/cevt' returned '1': AMENT_PREFIX_PATH=/workspaces/CEVT/src/install:${AMENT_PREFIX_PATH} CMAKE_PREFIX_PATH=/workspaces/CEVT/src/install:/opt/ros/humble LD_LIBRARY_PATH=/workspaces/CEVT/src/install/lib:${LD_LIBRARY_PATH} /usr/bin/cmake /workspaces/CEVT/src/cevt -DCMAKE_INSTALL_PREFIX=/workspaces/CEVT/src/install
