-- Found ament_cmake_auto: 1.3.8 (/opt/ros/humble/share/ament_cmake_auto/cmake)
-- Found rosidl_generator_c: 3.1.5 (/opt/ros/humble/share/rosidl_generator_c/cmake)
-- Found rosidl_adapter: 3.1.5 (/opt/ros/humble/share/rosidl_adapter/cmake)
-- Found rosidl_generator_cpp: 3.1.5 (/opt/ros/humble/share/rosidl_generator_cpp/cmake)
-- Using all available rosidl_typesupport_c: rosidl_typesupport_fastrtps_c;rosidl_typesupport_introspection_c
-- Using all available rosidl_typesupport_cpp: rosidl_typesupport_fastrtps_cpp;rosidl_typesupport_introspection_cpp
-- Found rmw_implementation_cmake: 6.1.1 (/opt/ros/humble/share/rmw_implementation_cmake/cmake)
-- Found rmw_fastrtps_cpp: 6.2.6 (/opt/ros/humble/share/rmw_fastrtps_cpp/cmake)
-- Using RMW implementation 'rmw_fastrtps_cpp' as default
-- Configuring done
-- Generating done
-- Build files have been written to: /workspaces/CEVT/src/build/cevt
[ 33%] [32mBuilding CXX object CMakeFiles/cevt.dir/src/cevt.cpp.o[0m
[ 66%] [32mBuilding CXX object CMakeFiles/cevt.dir/src/pnp_solver.cpp.o[0m
In file included from [01m[K/workspaces/CEVT/src/cevt/src/cevt.cpp:17[m[K:
[01m[K/workspaces/CEVT/src/cevt/src/attitude_algorithm.hpp:[m[K In member function ‘[01m[Kvoid EngineerVisual::AttitudeAlgorithm::Processing(cv::Mat&)[m[K’:
[01m[K/workspaces/CEVT/src/cevt/src/attitude_algorithm.hpp:169:9:[m[K [01;35m[Kwarning: [m[Kvariable ‘[01m[Klast[m[K’ set but not used [[01;35m[K]8;;https://gcc.gnu.org/onlinedocs/gcc/Warning-Options.html#index-Wunused-but-set-variable-Wunused-but-set-variable]8;;[m[K]
  169 |     int [01;35m[Klast[m[K = -1;
      |         [01;35m[K^~~~[m[K
[100%] [32m[1mLinking CXX executable cevt[0m
[100%] Built target cevt
-- Install configuration: ""
-- Up-to-date: /workspaces/CEVT/src/install/include
-- Installing: /workspaces/CEVT/src/install/include/filter
-- Installing: /workspaces/CEVT/src/install/include/filter/ekf.hpp
-- Installing: /workspaces/CEVT/src/install/include/pnp
-- Installing: /workspaces/CEVT/src/install/include/pnp/pnp_solver.hpp
-- Installing: /workspaces/CEVT/src/install/include/util
-- Installing: /workspaces/CEVT/src/install/include/util/fps_counter.hpp
-- Installing: /workspaces/CEVT/src/install/lib/cevt/cevt
-- Set runtime path of "/workspaces/CEVT/src/install/lib/cevt/cevt" to ""
-- Installing: /workspaces/CEVT/src/install/share/ament_index/resource_index/package_run_dependencies/cevt
-- Installing: /workspaces/CEVT/src/install/share/ament_index/resource_index/parent_prefix_path/cevt
-- Installing: /workspaces/CEVT/src/install/share/cevt/environment/ament_prefix_path.sh
-- Installing: /workspaces/CEVT/src/install/share/cevt/environment/ament_prefix_path.dsv
-- Installing: /workspaces/CEVT/src/install/share/cevt/environment/path.sh
-- Installing: /workspaces/CEVT/src/install/share/cevt/environment/path.dsv
-- Installing: /workspaces/CEVT/src/install/share/cevt/local_setup.bash
-- Installing: /workspaces/CEVT/src/install/share/cevt/local_setup.sh
-- Installing: /workspaces/CEVT/src/install/share/cevt/local_setup.zsh
-- Installing: /workspaces/CEVT/src/install/share/cevt/local_setup.dsv
-- Installing: /workspaces/CEVT/src/install/share/cevt/package.dsv
-- Installing: /workspaces/CEVT/src/install/share/ament_index/resource_index/packages/cevt
-- Installing: /workspaces/CEVT/src/install/share/cevt/cmake/ament_cmake_export_dependencies-extras.cmake
-- Installing: /workspaces/CEVT/src/install/share/cevt/cmake/ament_cmake_export_include_directories-extras.cmake
-- Installing: /workspaces/CEVT/src/install/share/cevt/cmake/cevtConfig.cmake
-- Installing: /workspaces/CEVT/src/install/share/cevt/cmake/cevtConfig-version.cmake
-- Installing: /workspaces/CEVT/src/install/share/cevt/package.xml
