[0.381s] DEBUG:colcon:Command line arguments: ['/usr/bin/colcon', 'build', '--merge-install']
[0.381s] DEBUG:colcon:Parsed command line arguments: Namespace(log_base=None, log_level=None, verb_name='build', build_base='build', install_base='install', merge_install=True, symlink_install=False, test_result_base=None, continue_on_error=False, executor='parallel', parallel_workers=20, event_handlers=None, ignore_user_meta=False, metas=['./colcon.meta'], base_paths=['.'], packages_ignore=None, packages_ignore_regex=None, paths=None, packages_up_to=None, packages_up_to_regex=None, packages_above=None, packages_above_and_dependencies=None, packages_above_depth=None, packages_select_by_dep=None, packages_skip_by_dep=None, packages_skip_up_to=None, packages_select_build_failed=False, packages_skip_build_finished=False, packages_select_test_failures=False, packages_skip_test_passed=False, packages_select=None, packages_skip=None, packages_select_regex=None, packages_skip_regex=None, packages_start=None, packages_end=None, cmake_args=None, cmake_target=None, cmake_target_skip_unavailable=False, cmake_clean_cache=False, cmake_clean_first=False, cmake_force_configure=False, ament_cmake_args=None, catkin_cmake_args=None, catkin_skip_building_tests=False, mixin_files=None, mixin=None, verb_parser=<colcon_mixin.mixin.mixin_argument.MixinArgumentDecorator object at 0x747c1840d930>, verb_extension=<colcon_core.verb.build.BuildVerb object at 0x747c1840fe20>, main=<bound method BuildVerb.main of <colcon_core.verb.build.BuildVerb object at 0x747c1840fe20>>, mixin_verb=('build',))
[0.399s] Level 1:colcon.colcon_core.package_discovery:discover_packages(colcon_meta) check parameters
[0.399s] INFO:colcon.colcon_metadata.package_discovery.colcon_meta:Using configuration from '/root/.colcon/metadata/default/Gazebo.meta'
[0.400s] INFO:colcon.colcon_metadata.package_discovery.colcon_meta:Using configuration from '/root/.colcon/metadata/default/fastrtps.meta'
[0.400s] Level 1:colcon.colcon_core.package_discovery:discover_packages(recursive) check parameters
[0.400s] Level 1:colcon.colcon_core.package_discovery:discover_packages(ignore) check parameters
[0.400s] Level 1:colcon.colcon_core.package_discovery:discover_packages(path) check parameters
[0.400s] Level 1:colcon.colcon_core.package_discovery:discover_packages(colcon_meta) discover
[0.400s] Level 1:colcon.colcon_core.package_discovery:discover_packages(recursive) discover
[0.400s] INFO:colcon.colcon_core.package_discovery:Crawling recursively for packages in '/workspaces/CEVT/src'
[0.400s] Level 1:colcon.colcon_core.package_identification:_identify(.) by extensions ['ignore', 'ignore_ament_install']
[0.400s] Level 1:colcon.colcon_core.package_identification:_identify(.) by extension 'ignore'
[0.400s] Level 1:colcon.colcon_core.package_identification:_identify(.) by extension 'ignore_ament_install'
[0.400s] Level 1:colcon.colcon_core.package_identification:_identify(.) by extensions ['colcon_pkg']
[0.400s] Level 1:colcon.colcon_core.package_identification:_identify(.) by extension 'colcon_pkg'
[0.400s] Level 1:colcon.colcon_core.package_identification:_identify(.) by extensions ['colcon_meta']
[0.400s] Level 1:colcon.colcon_core.package_identification:_identify(.) by extension 'colcon_meta'
[0.400s] Level 1:colcon.colcon_core.package_identification:_identify(.) by extensions ['ros']
[0.400s] Level 1:colcon.colcon_core.package_identification:_identify(.) by extension 'ros'
[0.406s] Level 1:colcon.colcon_core.package_identification:_identify(.) by extensions ['cmake', 'python']
[0.406s] Level 1:colcon.colcon_core.package_identification:_identify(.) by extension 'cmake'
[0.406s] Level 1:colcon.colcon_core.package_identification:_identify(.) by extension 'python'
[0.406s] Level 1:colcon.colcon_core.package_identification:_identify(.) by extensions ['python_setup_py']
[0.406s] Level 1:colcon.colcon_core.package_identification:_identify(.) by extension 'python_setup_py'
[0.406s] Level 1:colcon.colcon_core.package_identification:_identify(build) by extensions ['ignore', 'ignore_ament_install']
[0.406s] Level 1:colcon.colcon_core.package_identification:_identify(build) by extension 'ignore'
[0.406s] Level 1:colcon.colcon_core.package_identification:_identify(build) ignored
[0.406s] Level 1:colcon.colcon_core.package_identification:_identify(cevt) by extensions ['ignore', 'ignore_ament_install']
[0.406s] Level 1:colcon.colcon_core.package_identification:_identify(cevt) by extension 'ignore'
[0.406s] Level 1:colcon.colcon_core.package_identification:_identify(cevt) by extension 'ignore_ament_install'
[0.406s] Level 1:colcon.colcon_core.package_identification:_identify(cevt) by extensions ['colcon_pkg']
[0.406s] Level 1:colcon.colcon_core.package_identification:_identify(cevt) by extension 'colcon_pkg'
[0.406s] Level 1:colcon.colcon_core.package_identification:_identify(cevt) by extensions ['colcon_meta']
[0.406s] Level 1:colcon.colcon_core.package_identification:_identify(cevt) by extension 'colcon_meta'
[0.406s] Level 1:colcon.colcon_core.package_identification:_identify(cevt) by extensions ['ros']
[0.406s] Level 1:colcon.colcon_core.package_identification:_identify(cevt) by extension 'ros'
[0.408s] DEBUG:colcon.colcon_core.package_identification:Package 'cevt' with type 'ros.ament_cmake' and name 'visual_exchange'
[0.408s] Level 1:colcon.colcon_core.package_identification:_identify(install) by extensions ['ignore', 'ignore_ament_install']
[0.408s] Level 1:colcon.colcon_core.package_identification:_identify(install) by extension 'ignore'
[0.408s] Level 1:colcon.colcon_core.package_identification:_identify(install) ignored
[0.408s] Level 1:colcon.colcon_core.package_identification:_identify(log) by extensions ['ignore', 'ignore_ament_install']
[0.408s] Level 1:colcon.colcon_core.package_identification:_identify(log) by extension 'ignore'
[0.408s] Level 1:colcon.colcon_core.package_identification:_identify(log) ignored
[0.408s] Level 1:colcon.colcon_core.package_identification:_identify(ros2-hikcamera) by extensions ['ignore', 'ignore_ament_install']
[0.408s] Level 1:colcon.colcon_core.package_identification:_identify(ros2-hikcamera) by extension 'ignore'
[0.408s] Level 1:colcon.colcon_core.package_identification:_identify(ros2-hikcamera) by extension 'ignore_ament_install'
[0.408s] Level 1:colcon.colcon_core.package_identification:_identify(ros2-hikcamera) by extensions ['colcon_pkg']
[0.408s] Level 1:colcon.colcon_core.package_identification:_identify(ros2-hikcamera) by extension 'colcon_pkg'
[0.408s] Level 1:colcon.colcon_core.package_identification:_identify(ros2-hikcamera) by extensions ['colcon_meta']
[0.408s] Level 1:colcon.colcon_core.package_identification:_identify(ros2-hikcamera) by extension 'colcon_meta'
[0.408s] Level 1:colcon.colcon_core.package_identification:_identify(ros2-hikcamera) by extensions ['ros']
[0.408s] Level 1:colcon.colcon_core.package_identification:_identify(ros2-hikcamera) by extension 'ros'
[0.409s] DEBUG:colcon.colcon_core.package_identification:Package 'ros2-hikcamera' with type 'ros.ament_cmake' and name 'hikcamera'
[0.409s] Level 1:colcon.colcon_core.package_discovery:discover_packages(recursive) using defaults
[0.409s] Level 1:colcon.colcon_core.package_discovery:discover_packages(ignore) discover
[0.409s] Level 1:colcon.colcon_core.package_discovery:discover_packages(ignore) using defaults
[0.409s] Level 1:colcon.colcon_core.package_discovery:discover_packages(path) discover
[0.409s] Level 1:colcon.colcon_core.package_discovery:discover_packages(path) using defaults
[0.434s] Level 5:colcon.colcon_core.verb:set package 'hikcamera' build argument 'cmake_args' from command line to 'None'
[0.434s] Level 5:colcon.colcon_core.verb:set package 'hikcamera' build argument 'cmake_target' from command line to 'None'
[0.434s] Level 5:colcon.colcon_core.verb:set package 'hikcamera' build argument 'cmake_target_skip_unavailable' from command line to 'False'
[0.434s] Level 5:colcon.colcon_core.verb:set package 'hikcamera' build argument 'cmake_clean_cache' from command line to 'False'
[0.434s] Level 5:colcon.colcon_core.verb:set package 'hikcamera' build argument 'cmake_clean_first' from command line to 'False'
[0.434s] Level 5:colcon.colcon_core.verb:set package 'hikcamera' build argument 'cmake_force_configure' from command line to 'False'
[0.434s] Level 5:colcon.colcon_core.verb:set package 'hikcamera' build argument 'ament_cmake_args' from command line to 'None'
[0.434s] Level 5:colcon.colcon_core.verb:set package 'hikcamera' build argument 'catkin_cmake_args' from command line to 'None'
[0.434s] Level 5:colcon.colcon_core.verb:set package 'hikcamera' build argument 'catkin_skip_building_tests' from command line to 'False'
[0.434s] DEBUG:colcon.colcon_core.verb:Building package 'hikcamera' with the following arguments: {'ament_cmake_args': None, 'build_base': '/workspaces/CEVT/src/build/hikcamera', 'catkin_cmake_args': None, 'catkin_skip_building_tests': False, 'cmake_args': None, 'cmake_clean_cache': False, 'cmake_clean_first': False, 'cmake_force_configure': False, 'cmake_target': None, 'cmake_target_skip_unavailable': False, 'install_base': '/workspaces/CEVT/src/install', 'merge_install': True, 'path': '/workspaces/CEVT/src/ros2-hikcamera', 'symlink_install': False, 'test_result_base': None}
[0.438s] Level 5:colcon.colcon_core.verb:set package 'visual_exchange' build argument 'cmake_args' from command line to 'None'
[0.438s] Level 5:colcon.colcon_core.verb:set package 'visual_exchange' build argument 'cmake_target' from command line to 'None'
[0.438s] Level 5:colcon.colcon_core.verb:set package 'visual_exchange' build argument 'cmake_target_skip_unavailable' from command line to 'False'
[0.438s] Level 5:colcon.colcon_core.verb:set package 'visual_exchange' build argument 'cmake_clean_cache' from command line to 'False'
[0.438s] Level 5:colcon.colcon_core.verb:set package 'visual_exchange' build argument 'cmake_clean_first' from command line to 'False'
[0.438s] Level 5:colcon.colcon_core.verb:set package 'visual_exchange' build argument 'cmake_force_configure' from command line to 'False'
[0.438s] Level 5:colcon.colcon_core.verb:set package 'visual_exchange' build argument 'ament_cmake_args' from command line to 'None'
[0.438s] Level 5:colcon.colcon_core.verb:set package 'visual_exchange' build argument 'catkin_cmake_args' from command line to 'None'
[0.438s] Level 5:colcon.colcon_core.verb:set package 'visual_exchange' build argument 'catkin_skip_building_tests' from command line to 'False'
[0.438s] DEBUG:colcon.colcon_core.verb:Building package 'visual_exchange' with the following arguments: {'ament_cmake_args': None, 'build_base': '/workspaces/CEVT/src/build/visual_exchange', 'catkin_cmake_args': None, 'catkin_skip_building_tests': False, 'cmake_args': None, 'cmake_clean_cache': False, 'cmake_clean_first': False, 'cmake_force_configure': False, 'cmake_target': None, 'cmake_target_skip_unavailable': False, 'install_base': '/workspaces/CEVT/src/install', 'merge_install': True, 'path': '/workspaces/CEVT/src/cevt', 'symlink_install': False, 'test_result_base': None}
[0.442s] INFO:colcon.colcon_core.executor:Executing jobs using 'parallel' executor
[0.446s] DEBUG:colcon.colcon_parallel_executor.executor.parallel:run_until_complete
[0.446s] INFO:colcon.colcon_ros.task.ament_cmake.build:Building ROS package in '/workspaces/CEVT/src/ros2-hikcamera' with build type 'ament_cmake'
[0.446s] INFO:colcon.colcon_cmake.task.cmake.build:Building CMake package in '/workspaces/CEVT/src/ros2-hikcamera'
[0.451s] INFO:colcon.colcon_core.plugin_system:Skipping extension 'colcon_core.shell.bat': Not used on non-Windows systems
[0.451s] INFO:colcon.colcon_core.shell:Skip shell extension 'powershell' for command environment: Not usable outside of PowerShell
[0.451s] DEBUG:colcon.colcon_core.shell:Skip shell extension 'dsv' for command environment
[0.477s] DEBUG:colcon.colcon_core.event_handler.log_command:Invoking command in '/workspaces/CEVT/src/build/hikcamera': CMAKE_PREFIX_PATH=/opt/ros/humble /usr/bin/cmake /workspaces/CEVT/src/ros2-hikcamera -DCMAKE_INSTALL_PREFIX=/workspaces/CEVT/src/install
[1.089s] DEBUG:colcon.colcon_core.event_handler.log_command:Invoked command in '/workspaces/CEVT/src/build/hikcamera' returned '0': CMAKE_PREFIX_PATH=/opt/ros/humble /usr/bin/cmake /workspaces/CEVT/src/ros2-hikcamera -DCMAKE_INSTALL_PREFIX=/workspaces/CEVT/src/install
[1.091s] DEBUG:colcon.colcon_core.event_handler.log_command:Invoking command in '/workspaces/CEVT/src/build/hikcamera': CMAKE_PREFIX_PATH=/opt/ros/humble /usr/bin/cmake --build /workspaces/CEVT/src/build/hikcamera -- -j20 -l20
[1.684s] DEBUG:colcon.colcon_core.event_handler.log_command:Invoked command in '/workspaces/CEVT/src/build/hikcamera' returned '0': CMAKE_PREFIX_PATH=/opt/ros/humble /usr/bin/cmake --build /workspaces/CEVT/src/build/hikcamera -- -j20 -l20
[1.703s] DEBUG:colcon.colcon_core.event_handler.log_command:Invoking command in '/workspaces/CEVT/src/build/hikcamera': CMAKE_PREFIX_PATH=/opt/ros/humble /usr/bin/cmake --install /workspaces/CEVT/src/build/hikcamera
[1.737s] Level 1:colcon.colcon_core.environment:create_environment_scripts_only(hikcamera)
[1.737s] DEBUG:colcon.colcon_core.event_handler.log_command:Invoked command in '/workspaces/CEVT/src/build/hikcamera' returned '0': CMAKE_PREFIX_PATH=/opt/ros/humble /usr/bin/cmake --install /workspaces/CEVT/src/build/hikcamera
[1.742s] Level 1:colcon.colcon_core.environment:checking '/workspaces/CEVT/src/install' for CMake module files
[1.742s] Level 1:colcon.colcon_core.environment:checking '/workspaces/CEVT/src/install' for CMake config files
[1.742s] Level 1:colcon.colcon_core.shell:create_environment_hook('hikcamera', 'cmake_prefix_path')
[1.746s] INFO:colcon.colcon_core.shell:Creating environment hook '/workspaces/CEVT/src/install/share/hikcamera/hook/cmake_prefix_path.ps1'
[1.747s] INFO:colcon.colcon_core.shell:Creating environment descriptor '/workspaces/CEVT/src/install/share/hikcamera/hook/cmake_prefix_path.dsv'
[1.747s] INFO:colcon.colcon_core.shell:Creating environment hook '/workspaces/CEVT/src/install/share/hikcamera/hook/cmake_prefix_path.sh'
[1.748s] Level 1:colcon.colcon_core.environment:checking '/workspaces/CEVT/src/install/lib'
[1.748s] Level 1:colcon.colcon_core.shell:create_environment_hook('hikcamera', 'ld_library_path_lib')
[1.752s] INFO:colcon.colcon_core.shell:Creating environment hook '/workspaces/CEVT/src/install/share/hikcamera/hook/ld_library_path_lib.ps1'
[1.752s] INFO:colcon.colcon_core.shell:Creating environment descriptor '/workspaces/CEVT/src/install/share/hikcamera/hook/ld_library_path_lib.dsv'
[1.752s] INFO:colcon.colcon_core.shell:Creating environment hook '/workspaces/CEVT/src/install/share/hikcamera/hook/ld_library_path_lib.sh'
[1.752s] Level 1:colcon.colcon_core.environment:checking '/workspaces/CEVT/src/install/bin'
[1.752s] Level 1:colcon.colcon_core.environment:checking '/workspaces/CEVT/src/install/lib/pkgconfig/hikcamera.pc'
[1.753s] Level 1:colcon.colcon_core.environment:checking '/workspaces/CEVT/src/install/lib/python3.10/site-packages'
[1.753s] Level 1:colcon.colcon_core.environment:checking '/workspaces/CEVT/src/install/bin'
[1.757s] INFO:colcon.colcon_core.shell:Creating package script '/workspaces/CEVT/src/install/share/hikcamera/package.ps1'
[1.757s] INFO:colcon.colcon_core.shell:Creating package descriptor '/workspaces/CEVT/src/install/share/hikcamera/package.dsv'
[1.758s] INFO:colcon.colcon_core.shell:Creating package script '/workspaces/CEVT/src/install/share/hikcamera/package.sh'
[1.758s] INFO:colcon.colcon_core.shell:Creating package script '/workspaces/CEVT/src/install/share/hikcamera/package.bash'
[1.758s] INFO:colcon.colcon_core.shell:Creating package script '/workspaces/CEVT/src/install/share/hikcamera/package.zsh'
[1.758s] Level 1:colcon.colcon_core.environment:create_file_with_runtime_dependencies(/workspaces/CEVT/src/install/share/colcon-core/packages/hikcamera)
[1.777s] Level 1:colcon.colcon_core.environment:create_environment_scripts_only(hikcamera)
[1.781s] Level 1:colcon.colcon_core.environment:checking '/workspaces/CEVT/src/install' for CMake module files
[1.781s] Level 1:colcon.colcon_core.environment:checking '/workspaces/CEVT/src/install' for CMake config files
[1.781s] Level 1:colcon.colcon_core.shell:create_environment_hook('hikcamera', 'cmake_prefix_path')
[1.785s] INFO:colcon.colcon_core.shell:Creating environment hook '/workspaces/CEVT/src/install/share/hikcamera/hook/cmake_prefix_path.ps1'
[1.785s] INFO:colcon.colcon_core.shell:Creating environment descriptor '/workspaces/CEVT/src/install/share/hikcamera/hook/cmake_prefix_path.dsv'
[1.785s] INFO:colcon.colcon_core.shell:Creating environment hook '/workspaces/CEVT/src/install/share/hikcamera/hook/cmake_prefix_path.sh'
[1.786s] Level 1:colcon.colcon_core.environment:checking '/workspaces/CEVT/src/install/lib'
[1.786s] Level 1:colcon.colcon_core.shell:create_environment_hook('hikcamera', 'ld_library_path_lib')
[1.789s] INFO:colcon.colcon_core.shell:Creating environment hook '/workspaces/CEVT/src/install/share/hikcamera/hook/ld_library_path_lib.ps1'
[1.789s] INFO:colcon.colcon_core.shell:Creating environment descriptor '/workspaces/CEVT/src/install/share/hikcamera/hook/ld_library_path_lib.dsv'
[1.789s] INFO:colcon.colcon_core.shell:Creating environment hook '/workspaces/CEVT/src/install/share/hikcamera/hook/ld_library_path_lib.sh'
[1.790s] Level 1:colcon.colcon_core.environment:checking '/workspaces/CEVT/src/install/bin'
[1.790s] Level 1:colcon.colcon_core.environment:checking '/workspaces/CEVT/src/install/lib/pkgconfig/hikcamera.pc'
[1.790s] Level 1:colcon.colcon_core.environment:checking '/workspaces/CEVT/src/install/lib/python3.10/site-packages'
[1.790s] Level 1:colcon.colcon_core.environment:checking '/workspaces/CEVT/src/install/bin'
[1.793s] INFO:colcon.colcon_core.shell:Creating package script '/workspaces/CEVT/src/install/share/hikcamera/package.ps1'
[1.794s] INFO:colcon.colcon_core.shell:Creating package descriptor '/workspaces/CEVT/src/install/share/hikcamera/package.dsv'
[1.794s] INFO:colcon.colcon_core.shell:Creating package script '/workspaces/CEVT/src/install/share/hikcamera/package.sh'
[1.794s] INFO:colcon.colcon_core.shell:Creating package script '/workspaces/CEVT/src/install/share/hikcamera/package.bash'
[1.794s] INFO:colcon.colcon_core.shell:Creating package script '/workspaces/CEVT/src/install/share/hikcamera/package.zsh'
[1.794s] Level 1:colcon.colcon_core.environment:create_file_with_runtime_dependencies(/workspaces/CEVT/src/install/share/colcon-core/packages/hikcamera)
[1.795s] INFO:colcon.colcon_ros.task.ament_cmake.build:Building ROS package in '/workspaces/CEVT/src/cevt' with build type 'ament_cmake'
[1.795s] INFO:colcon.colcon_cmake.task.cmake.build:Building CMake package in '/workspaces/CEVT/src/cevt'
[1.799s] INFO:colcon.colcon_core.shell:Skip shell extension 'powershell' for command environment: Not usable outside of PowerShell
[1.799s] DEBUG:colcon.colcon_core.shell:Skip shell extension 'dsv' for command environment
[1.811s] DEBUG:colcon.colcon_core.event_handler.log_command:Invoking command in '/workspaces/CEVT/src/build/visual_exchange': AMENT_PREFIX_PATH=/workspaces/CEVT/src/install:${AMENT_PREFIX_PATH} CMAKE_PREFIX_PATH=/workspaces/CEVT/src/install:/opt/ros/humble LD_LIBRARY_PATH=/workspaces/CEVT/src/install/lib:${LD_LIBRARY_PATH} /usr/bin/cmake /workspaces/CEVT/src/cevt -DCMAKE_INSTALL_PREFIX=/workspaces/CEVT/src/install
[2.128s] DEBUG:colcon.colcon_core.event_handler.log_command:Invoked command in '/workspaces/CEVT/src/build/visual_exchange' returned '1': AMENT_PREFIX_PATH=/workspaces/CEVT/src/install:${AMENT_PREFIX_PATH} CMAKE_PREFIX_PATH=/workspaces/CEVT/src/install:/opt/ros/humble LD_LIBRARY_PATH=/workspaces/CEVT/src/install/lib:${LD_LIBRARY_PATH} /usr/bin/cmake /workspaces/CEVT/src/cevt -DCMAKE_INSTALL_PREFIX=/workspaces/CEVT/src/install
[2.134s] Level 1:colcon.colcon_core.environment:create_environment_scripts_only(visual_exchange)
[2.138s] Level 1:colcon.colcon_core.environment:checking '/workspaces/CEVT/src/install' for CMake module files
[2.138s] Level 1:colcon.colcon_core.environment:checking '/workspaces/CEVT/src/install' for CMake config files
[2.139s] Level 1:colcon.colcon_core.shell:create_environment_hook('visual_exchange', 'cmake_prefix_path')
[2.142s] INFO:colcon.colcon_core.shell:Creating environment hook '/workspaces/CEVT/src/install/share/visual_exchange/hook/cmake_prefix_path.ps1'
[2.143s] INFO:colcon.colcon_core.shell:Creating environment descriptor '/workspaces/CEVT/src/install/share/visual_exchange/hook/cmake_prefix_path.dsv'
[2.143s] INFO:colcon.colcon_core.shell:Creating environment hook '/workspaces/CEVT/src/install/share/visual_exchange/hook/cmake_prefix_path.sh'
[2.143s] Level 1:colcon.colcon_core.environment:checking '/workspaces/CEVT/src/install/lib'
[2.143s] Level 1:colcon.colcon_core.shell:create_environment_hook('visual_exchange', 'ld_library_path_lib')
[2.147s] INFO:colcon.colcon_core.shell:Creating environment hook '/workspaces/CEVT/src/install/share/visual_exchange/hook/ld_library_path_lib.ps1'
[2.147s] INFO:colcon.colcon_core.shell:Creating environment descriptor '/workspaces/CEVT/src/install/share/visual_exchange/hook/ld_library_path_lib.dsv'
[2.147s] INFO:colcon.colcon_core.shell:Creating environment hook '/workspaces/CEVT/src/install/share/visual_exchange/hook/ld_library_path_lib.sh'
[2.147s] Level 1:colcon.colcon_core.environment:checking '/workspaces/CEVT/src/install/bin'
[2.147s] Level 1:colcon.colcon_core.environment:checking '/workspaces/CEVT/src/install/lib/pkgconfig/visual_exchange.pc'
[2.147s] Level 1:colcon.colcon_core.environment:checking '/workspaces/CEVT/src/install/lib/python3.10/site-packages'
[2.147s] Level 1:colcon.colcon_core.environment:checking '/workspaces/CEVT/src/install/bin'
[2.151s] INFO:colcon.colcon_core.shell:Creating package script '/workspaces/CEVT/src/install/share/visual_exchange/package.ps1'
[2.151s] INFO:colcon.colcon_core.shell:Creating package descriptor '/workspaces/CEVT/src/install/share/visual_exchange/package.dsv'
[2.152s] INFO:colcon.colcon_core.shell:Creating package script '/workspaces/CEVT/src/install/share/visual_exchange/package.sh'
[2.152s] INFO:colcon.colcon_core.shell:Creating package script '/workspaces/CEVT/src/install/share/visual_exchange/package.bash'
[2.152s] INFO:colcon.colcon_core.shell:Creating package script '/workspaces/CEVT/src/install/share/visual_exchange/package.zsh'
[2.152s] Level 1:colcon.colcon_core.environment:create_file_with_runtime_dependencies(/workspaces/CEVT/src/install/share/colcon-core/packages/visual_exchange)
[2.162s] DEBUG:colcon.colcon_parallel_executor.executor.parallel:closing loop
[2.163s] DEBUG:colcon.colcon_parallel_executor.executor.parallel:loop closed
[2.163s] DEBUG:colcon.colcon_parallel_executor.executor.parallel:run_until_complete finished with '1'
[2.163s] DEBUG:colcon.colcon_core.event_reactor:joining thread
[2.170s] INFO:colcon.colcon_core.plugin_system:Skipping extension 'colcon_notification.desktop_notification.notify_send': Could not find 'notify-send'
[2.170s] INFO:colcon.colcon_core.plugin_system:Skipping extension 'colcon_notification.desktop_notification.terminal_notifier': Not used on non-Darwin systems
[2.170s] INFO:colcon.colcon_core.plugin_system:Skipping extension 'colcon_notification.desktop_notification.win32': Not used on non-Windows systems
[2.170s] INFO:colcon.colcon_notification.desktop_notification:Sending desktop notification using 'notify2'
[2.172s] DEBUG:colcon.colcon_notification.desktop_notification.notify2:Failed to initialize notify2: org.freedesktop.DBus.Error.Spawn.ExecFailed: /usr/bin/dbus-launch terminated abnormally without any error message
[2.172s] DEBUG:colcon.colcon_core.event_reactor:joined thread
[2.177s] INFO:colcon.colcon_core.shell:Creating prefix script '/workspaces/CEVT/src/install/local_setup.ps1'
[2.177s] INFO:colcon.colcon_core.shell:Creating prefix util module '/workspaces/CEVT/src/install/_local_setup_util_ps1.py'
[2.178s] INFO:colcon.colcon_core.shell:Creating prefix chain script '/workspaces/CEVT/src/install/setup.ps1'
[2.183s] INFO:colcon.colcon_core.shell:Creating prefix script '/workspaces/CEVT/src/install/local_setup.sh'
[2.183s] INFO:colcon.colcon_core.shell:Creating prefix util module '/workspaces/CEVT/src/install/_local_setup_util_sh.py'
[2.183s] INFO:colcon.colcon_core.shell:Creating prefix chain script '/workspaces/CEVT/src/install/setup.sh'
[2.187s] INFO:colcon.colcon_core.shell:Creating prefix script '/workspaces/CEVT/src/install/local_setup.bash'
[2.188s] INFO:colcon.colcon_core.shell:Creating prefix chain script '/workspaces/CEVT/src/install/setup.bash'
[2.191s] INFO:colcon.colcon_core.shell:Creating prefix script '/workspaces/CEVT/src/install/local_setup.zsh'
[2.192s] INFO:colcon.colcon_core.shell:Creating prefix chain script '/workspaces/CEVT/src/install/setup.zsh'
