[0.020s] Invoking command in '/workspaces/CEVT/src/build/cevt': CMAKE_PREFIX_PATH=${CMAKE_PREFIX_PATH}:/opt/ros/humble /usr/bin/cmake --build /workspaces/CEVT/src/build/cevt -- -j20 -l20
[0.046s] [35m[1mConsolidate compiler generated dependencies of target cevt[0m
[0.059s] [100%] Built target cevt
[0.066s] Invoked command in '/workspaces/CEVT/src/build/cevt' returned '0': CMAKE_PREFIX_PATH=${CMAKE_PREFIX_PATH}:/opt/ros/humble /usr/bin/cmake --build /workspaces/CEVT/src/build/cevt -- -j20 -l20
[0.082s] Invoking command in '/workspaces/CEVT/src/build/cevt': CMAKE_PREFIX_PATH=${CMAKE_PREFIX_PATH}:/opt/ros/humble /usr/bin/cmake --install /workspaces/CEVT/src/build/cevt
[0.086s] -- Install configuration: ""
[0.086s] -- Up-to-date: /workspaces/CEVT/src/install/include
[0.086s] -- Up-to-date: /workspaces/CEVT/src/install/include/filter
[0.086s] -- Up-to-date: /workspaces/CEVT/src/install/include/filter/ekf.hpp
[0.086s] -- Up-to-date: /workspaces/CEVT/src/install/include/pnp
[0.086s] -- Up-to-date: /workspaces/CEVT/src/install/include/pnp/pnp_solver.hpp
[0.086s] -- Up-to-date: /workspaces/CEVT/src/install/include/util
[0.086s] -- Up-to-date: /workspaces/CEVT/src/install/include/util/fps_counter.hpp
[0.086s] -- Up-to-date: /workspaces/CEVT/src/install/lib/cevt/cevt
[0.086s] -- Up-to-date: /workspaces/CEVT/src/install/share/ament_index/resource_index/package_run_dependencies/cevt
[0.087s] -- Up-to-date: /workspaces/CEVT/src/install/share/ament_index/resource_index/parent_prefix_path/cevt
[0.087s] -- Up-to-date: /workspaces/CEVT/src/install/share/cevt/environment/ament_prefix_path.sh
[0.087s] -- Up-to-date: /workspaces/CEVT/src/install/share/cevt/environment/ament_prefix_path.dsv
[0.087s] -- Up-to-date: /workspaces/CEVT/src/install/share/cevt/environment/path.sh
[0.087s] -- Up-to-date: /workspaces/CEVT/src/install/share/cevt/environment/path.dsv
[0.087s] -- Up-to-date: /workspaces/CEVT/src/install/share/cevt/local_setup.bash
[0.087s] -- Up-to-date: /workspaces/CEVT/src/install/share/cevt/local_setup.sh
[0.087s] -- Up-to-date: /workspaces/CEVT/src/install/share/cevt/local_setup.zsh
[0.087s] -- Up-to-date: /workspaces/CEVT/src/install/share/cevt/local_setup.dsv
[0.087s] -- Installing: /workspaces/CEVT/src/install/share/cevt/package.dsv
[0.087s] -- Up-to-date: /workspaces/CEVT/src/install/share/ament_index/resource_index/packages/cevt
[0.087s] -- Up-to-date: /workspaces/CEVT/src/install/share/cevt/cmake/ament_cmake_export_dependencies-extras.cmake
[0.087s] -- Up-to-date: /workspaces/CEVT/src/install/share/cevt/cmake/ament_cmake_export_include_directories-extras.cmake
[0.087s] -- Up-to-date: /workspaces/CEVT/src/install/share/cevt/cmake/cevtConfig.cmake
[0.087s] -- Up-to-date: /workspaces/CEVT/src/install/share/cevt/cmake/cevtConfig-version.cmake
[0.087s] -- Up-to-date: /workspaces/CEVT/src/install/share/cevt/package.xml
[0.088s] Invoked command in '/workspaces/CEVT/src/build/cevt' returned '0': CMAKE_PREFIX_PATH=${CMAKE_PREFIX_PATH}:/opt/ros/humble /usr/bin/cmake --install /workspaces/CEVT/src/build/cevt
