[0.020s] Invoking command in '/workspaces/CEVT/src/build/cevt': CMAKE_PREFIX_PATH=${CMAKE_PREFIX_PATH}:/opt/ros/humble /usr/bin/cmake --build /workspaces/CEVT/src/build/cevt -- -j20 -l20
[0.057s] [ 33%] [32mBuilding CXX object CMakeFiles/cevt.dir/src/cevt.cpp.o[0m
[2.267s] In file included from [01m[K/workspaces/CEVT/src/cevt/src/cevt.cpp:19[m[K:
[2.267s] [01m[K/workspaces/CEVT/src/cevt/src/point_detect.hpp:[m[K In member function ‘[01m[Kbool EngineerVisual::PointDetect::GetFlyswatter(cv::Mat&, cv::Point2f&)[m[K’:
[2.267s] [01m[K/workspaces/CEVT/src/cevt/src/point_detect.hpp:135:21:[m[K [01;35m[Kwarning: [m[Kvariable ‘[01m[Kindex[m[K’ set but not used [[01;35m[K]8;;https://gcc.gnu.org/onlinedocs/gcc/Warning-Options.html#index-Wunused-but-set-variable-Wunused-but-set-variable]8;;[m[K]
[2.267s]   135 |     int max = 1000, [01;35m[Kindex[m[K = -1;
[2.267s]       |                     [01;35m[K^~~~~[m[K
[2.275s] [01m[K/workspaces/CEVT/src/cevt/src/cevt.cpp:[m[K In member function ‘[01m[Kvoid EngineerVisual::CameraNode::thread_main()[m[K’:
[2.275s] [01m[K/workspaces/CEVT/src/cevt/src/cevt.cpp:60:12:[m[K [01;35m[Kwarning: [m[Kvariable ‘[01m[Krotate[m[K’ set but not used [[01;35m[K]8;;https://gcc.gnu.org/onlinedocs/gcc/Warning-Options.html#index-Wunused-but-set-variable-Wunused-but-set-variable]8;;[m[K]
[2.275s]    60 |       auto [01;35m[Krotate[m[K = detecter.Rotate();
[2.275s]       |            [01;35m[K^~~~~~[m[K
[3.740s] [ 66%] [32m[1mLinking CXX executable cevt[0m
[4.039s] [100%] Built target cevt
[4.052s] Invoked command in '/workspaces/CEVT/src/build/cevt' returned '0': CMAKE_PREFIX_PATH=${CMAKE_PREFIX_PATH}:/opt/ros/humble /usr/bin/cmake --build /workspaces/CEVT/src/build/cevt -- -j20 -l20
[4.068s] Invoking command in '/workspaces/CEVT/src/build/cevt': CMAKE_PREFIX_PATH=${CMAKE_PREFIX_PATH}:/opt/ros/humble /usr/bin/cmake --install /workspaces/CEVT/src/build/cevt
[4.073s] -- Install configuration: ""
[4.073s] -- Up-to-date: /workspaces/CEVT/src/install/include
[4.073s] -- Up-to-date: /workspaces/CEVT/src/install/include/filter
[4.073s] -- Up-to-date: /workspaces/CEVT/src/install/include/filter/ekf.hpp
[4.073s] -- Up-to-date: /workspaces/CEVT/src/install/include/pnp
[4.073s] -- Up-to-date: /workspaces/CEVT/src/install/include/pnp/pnp_solver.hpp
[4.073s] -- Up-to-date: /workspaces/CEVT/src/install/include/util
[4.073s] -- Up-to-date: /workspaces/CEVT/src/install/include/util/fps_counter.hpp
[4.073s] -- Installing: /workspaces/CEVT/src/install/lib/cevt/cevt
[4.074s] -- Set runtime path of "/workspaces/CEVT/src/install/lib/cevt/cevt" to ""
[4.074s] -- Up-to-date: /workspaces/CEVT/src/install/share/ament_index/resource_index/package_run_dependencies/cevt
[4.075s] -- Up-to-date: /workspaces/CEVT/src/install/share/ament_index/resource_index/parent_prefix_path/cevt
[4.075s] -- Up-to-date: /workspaces/CEVT/src/install/share/cevt/environment/ament_prefix_path.sh
[4.075s] -- Up-to-date: /workspaces/CEVT/src/install/share/cevt/environment/ament_prefix_path.dsv
[4.075s] -- Up-to-date: /workspaces/CEVT/src/install/share/cevt/environment/path.sh
[4.075s] -- Up-to-date: /workspaces/CEVT/src/install/share/cevt/environment/path.dsv
[4.075s] -- Up-to-date: /workspaces/CEVT/src/install/share/cevt/local_setup.bash
[4.075s] -- Up-to-date: /workspaces/CEVT/src/install/share/cevt/local_setup.sh
[4.075s] -- Up-to-date: /workspaces/CEVT/src/install/share/cevt/local_setup.zsh
[4.075s] -- Up-to-date: /workspaces/CEVT/src/install/share/cevt/local_setup.dsv
[4.075s] -- Installing: /workspaces/CEVT/src/install/share/cevt/package.dsv
[4.075s] -- Up-to-date: /workspaces/CEVT/src/install/share/ament_index/resource_index/packages/cevt
[4.075s] -- Up-to-date: /workspaces/CEVT/src/install/share/cevt/cmake/ament_cmake_export_dependencies-extras.cmake
[4.075s] -- Up-to-date: /workspaces/CEVT/src/install/share/cevt/cmake/ament_cmake_export_include_directories-extras.cmake
[4.075s] -- Up-to-date: /workspaces/CEVT/src/install/share/cevt/cmake/cevtConfig.cmake
[4.075s] -- Up-to-date: /workspaces/CEVT/src/install/share/cevt/cmake/cevtConfig-version.cmake
[4.075s] -- Up-to-date: /workspaces/CEVT/src/install/share/cevt/package.xml
[4.076s] Invoked command in '/workspaces/CEVT/src/build/cevt' returned '0': CMAKE_PREFIX_PATH=${CMAKE_PREFIX_PATH}:/opt/ros/humble /usr/bin/cmake --install /workspaces/CEVT/src/build/cevt
